[0.006s] Invoking command in '/home/avi/ros2_ws/build/turtlesim': CMAKE_PREFIX_PATH=/opt/ros/humble /usr/bin/cmake /home/avi/ros2_ws/src/ros_tutorials/turtlesim -DCMAKE_INSTALL_PREFIX=/home/avi/ros2_ws/install/turtlesim
[0.083s] -- The C compiler identification is GNU 11.2.0
[0.163s] -- The CXX compiler identification is GNU 11.2.0
[0.168s] -- Detecting C compiler ABI info
[0.223s] -- Detecting C compiler ABI info - done
[0.228s] -- Check for working C compiler: /usr/bin/cc - skipped
[0.228s] -- Detecting C compile features
[0.229s] -- Detecting C compile features - done
[0.232s] -- Detecting CXX compiler ABI info
[0.282s] -- Detecting CXX compiler ABI info - done
[0.287s] -- Check for working CXX compiler: /usr/bin/c++ - skipped
[0.287s] -- Detecting CXX compile features
[0.287s] -- Detecting CXX compile features - done
[0.289s] -- Found ament_cmake: 1.3.2 (/opt/ros/humble/share/ament_cmake/cmake)
[0.399s] -- Found Python3: /usr/bin/python3.10 (found version "3.10.4") found components: Interpreter 
[0.457s] -- Found ament_index_cpp: 1.4.0 (/opt/ros/humble/share/ament_index_cpp/cmake)
[0.458s] -- Found geometry_msgs: 4.2.2 (/opt/ros/humble/share/geometry_msgs/cmake)
[0.483s] -- Found rosidl_generator_c: 3.1.3 (/opt/ros/humble/share/rosidl_generator_c/cmake)
[0.486s] -- Found rosidl_adapter: 3.1.3 (/opt/ros/humble/share/rosidl_adapter/cmake)
[0.491s] -- Found rosidl_generator_cpp: 3.1.3 (/opt/ros/humble/share/rosidl_generator_cpp/cmake)
[0.500s] -- Using all available rosidl_typesupport_c: rosidl_typesupport_fastrtps_c;rosidl_typesupport_introspection_c
[0.512s] -- Using all available rosidl_typesupport_cpp: rosidl_typesupport_fastrtps_cpp;rosidl_typesupport_introspection_cpp
[0.601s] -- Found rclcpp: 16.0.1 (/opt/ros/humble/share/rclcpp/cmake)
[0.636s] -- Found rmw_implementation_cmake: 6.1.0 (/opt/ros/humble/share/rmw_implementation_cmake/cmake)
[0.638s] -- Found rmw_fastrtps_cpp: 6.2.1 (/opt/ros/humble/share/rmw_fastrtps_cpp/cmake)
[0.692s] -- Found OpenSSL: /usr/lib/x86_64-linux-gnu/libcrypto.so (found version "3.0.2")  
[0.707s] -- Found FastRTPS: /opt/ros/humble/include  
[0.732s] -- Using RMW implementation 'rmw_fastrtps_cpp' as default
[0.810s] -- Found rclcpp_action: 16.0.1 (/opt/ros/humble/share/rclcpp_action/cmake)
[0.869s] -- Found rosidl_default_generators: 1.2.0 (/opt/ros/humble/share/rosidl_default_generators/cmake)
[0.875s] -- Found std_srvs: 4.2.2 (/opt/ros/humble/share/std_srvs/cmake)
[1.066s] -- Found ament_cmake_ros: 0.10.0 (/opt/ros/humble/share/ament_cmake_ros/cmake)
[1.262s] -- Using all available rosidl_typesupport_c: rosidl_typesupport_fastrtps_c;rosidl_typesupport_introspection_c
[1.343s] -- Using all available rosidl_typesupport_cpp: rosidl_typesupport_fastrtps_cpp;rosidl_typesupport_introspection_cpp
[1.357s] -- Found PythonInterp: /usr/bin/python3 (found suitable version "3.10.4", minimum required is "3.6") 
[1.358s] -- Found python_cmake_module: 0.10.0 (/opt/ros/humble/share/python_cmake_module/cmake)
[1.374s] -- Found PythonLibs: /usr/lib/x86_64-linux-gnu/libpython3.10.so (found suitable version "3.10.4", minimum required is "3.5") 
[1.374s] -- Using PYTHON_EXECUTABLE: /usr/bin/python3
[1.374s] -- Using PYTHON_INCLUDE_DIRS: /usr/include/python3.10
[1.374s] -- Using PYTHON_LIBRARIES: /usr/lib/x86_64-linux-gnu/libpython3.10.so
[1.388s] -- Found PythonExtra: .so  
[1.412s] [0mCMake Deprecation Warning at /opt/ros/humble/share/rosidl_cmake/cmake/rosidl_target_interfaces.cmake:32 (message):
[1.412s]   Use rosidl_get_typesupport_target() and target_link_libraries() instead of
[1.412s]   rosidl_target_interfaces()
[1.413s] Call Stack (most recent call first):
[1.413s]   CMakeLists.txt:51 (rosidl_target_interfaces)
[1.413s] 
[1.413s] [0m
[1.413s] [0mCMake Deprecation Warning at /opt/ros/humble/share/rosidl_cmake/cmake/rosidl_target_interfaces.cmake:32 (message):
[1.413s]   Use rosidl_get_typesupport_target() and target_link_libraries() instead of
[1.413s]   rosidl_target_interfaces()
[1.413s] Call Stack (most recent call first):
[1.413s]   CMakeLists.txt:55 (rosidl_target_interfaces)
[1.413s] 
[1.413s] [0m
[1.414s] [0mCMake Deprecation Warning at /opt/ros/humble/share/rosidl_cmake/cmake/rosidl_target_interfaces.cmake:32 (message):
[1.414s]   Use rosidl_get_typesupport_target() and target_link_libraries() instead of
[1.414s]   rosidl_target_interfaces()
[1.414s] Call Stack (most recent call first):
[1.414s]   CMakeLists.txt:58 (rosidl_target_interfaces)
[1.414s] 
[1.414s] [0m
[1.415s] [0mCMake Deprecation Warning at /opt/ros/humble/share/rosidl_cmake/cmake/rosidl_target_interfaces.cmake:32 (message):
[1.415s]   Use rosidl_get_typesupport_target() and target_link_libraries() instead of
[1.415s]   rosidl_target_interfaces()
[1.415s] Call Stack (most recent call first):
[1.415s]   CMakeLists.txt:61 (rosidl_target_interfaces)
[1.415s] 
[1.415s] [0m
[1.420s] -- Configuring done
[1.422s] [0mCMake Error: The following variables are used in this project, but they are set to NOTFOUND.
[1.422s] Please set them or make sure they are set and tested correctly in the CMake files:
[1.422s] /home/avi/ros2_ws/src/ros_tutorials/turtlesim/include_directories
[1.422s]    used as include directory in directory /home/avi/ros2_ws/src/ros_tutorials/turtlesim
[1.422s]    used as include directory in directory /home/avi/ros2_ws/src/ros_tutorials/turtlesim
[1.422s]    used as include directory in directory /home/avi/ros2_ws/src/ros_tutorials/turtlesim
[1.422s]    used as include directory in directory /home/avi/ros2_ws/src/ros_tutorials/turtlesim
[1.422s] [0m
[1.452s] -- Generating done
[1.454s] [0mCMake Generate step failed.  Build files cannot be regenerated correctly.[0m
[1.462s] Invoked command in '/home/avi/ros2_ws/build/turtlesim' returned '1': CMAKE_PREFIX_PATH=/opt/ros/humble /usr/bin/cmake /home/avi/ros2_ws/src/ros_tutorials/turtlesim -DCMAKE_INSTALL_PREFIX=/home/avi/ros2_ws/install/turtlesim
