[0.006s] Invoking command in '/home/avi/ros2_ws/build/ei_interfaces': CMAKE_PREFIX_PATH=${CMAKE_PREFIX_PATH}:/opt/ros/humble /usr/bin/cmake /home/avi/ros2_ws/src/ei_interfaces -DCMAKE_INSTALL_PREFIX=/home/avi/ros2_ws/install/ei_interfaces
[0.051s] -- The C compiler identification is GNU 11.2.0
[0.105s] -- The CXX compiler identification is GNU 11.2.0
[0.109s] -- Detecting C compiler ABI info
[0.151s] -- Detecting C compiler ABI info - done
[0.156s] -- Check for working C compiler: /usr/bin/cc - skipped
[0.156s] -- Detecting C compile features
[0.156s] -- Detecting C compile features - done
[0.159s] -- Detecting CXX compiler ABI info
[0.217s] -- Detecting CXX compiler ABI info - done
[0.221s] -- Check for working CXX compiler: /usr/bin/c++ - skipped
[0.221s] -- Detecting CXX compile features
[0.222s] -- Detecting CXX compile features - done
[0.223s] -- Found ament_cmake: 1.3.2 (/opt/ros/humble/share/ament_cmake/cmake)
[0.331s] -- Found Python3: /usr/bin/python3.10 (found version "3.10.4") found components: Interpreter 
[0.377s] -- Found ament_lint_auto: 0.12.4 (/opt/ros/humble/share/ament_lint_auto/cmake)
[0.418s] -- Found rosidl_default_generators: 1.2.0 (/opt/ros/humble/share/rosidl_default_generators/cmake)
[0.419s] -- Using all available rosidl_typesupport_c: rosidl_typesupport_fastrtps_c;rosidl_typesupport_introspection_c
[0.422s] -- Found rosidl_adapter: 3.1.3 (/opt/ros/humble/share/rosidl_adapter/cmake)
[0.443s] -- Using all available rosidl_typesupport_cpp: rosidl_typesupport_fastrtps_cpp;rosidl_typesupport_introspection_cpp
[0.568s] -- Found ament_cmake_ros: 0.10.0 (/opt/ros/humble/share/ament_cmake_ros/cmake)
[0.677s] -- Using all available rosidl_typesupport_c: rosidl_typesupport_fastrtps_c;rosidl_typesupport_introspection_c
[0.815s] -- Using all available rosidl_typesupport_cpp: rosidl_typesupport_fastrtps_cpp;rosidl_typesupport_introspection_cpp
[0.828s] -- Found PythonInterp: /usr/bin/python3 (found suitable version "3.10.4", minimum required is "3.6") 
[0.829s] -- Found python_cmake_module: 0.10.0 (/opt/ros/humble/share/python_cmake_module/cmake)
[0.845s] -- Found PythonLibs: /usr/lib/x86_64-linux-gnu/libpython3.10.so (found suitable version "3.10.4", minimum required is "3.5") 
[0.845s] -- Using PYTHON_EXECUTABLE: /usr/bin/python3
[0.845s] -- Using PYTHON_INCLUDE_DIRS: /usr/include/python3.10
[0.845s] -- Using PYTHON_LIBRARIES: /usr/lib/x86_64-linux-gnu/libpython3.10.so
[0.859s] -- Found PythonExtra: .so  
[0.882s] -- Added test 'lint_cmake' to check CMake code style
[0.883s] -- Added test 'xmllint' to check XML markup files
[0.886s] -- Configuring done
[0.900s] -- Generating done
[0.901s] -- Build files have been written to: /home/avi/ros2_ws/build/ei_interfaces
[0.905s] Invoked command in '/home/avi/ros2_ws/build/ei_interfaces' returned '0': CMAKE_PREFIX_PATH=${CMAKE_PREFIX_PATH}:/opt/ros/humble /usr/bin/cmake /home/avi/ros2_ws/src/ei_interfaces -DCMAKE_INSTALL_PREFIX=/home/avi/ros2_ws/install/ei_interfaces
[0.907s] Invoking command in '/home/avi/ros2_ws/build/ei_interfaces': CMAKE_PREFIX_PATH=${CMAKE_PREFIX_PATH}:/opt/ros/humble /usr/bin/cmake --build /home/avi/ros2_ws/build/ei_interfaces -- -j8 -l8
[0.928s] [  2%] [34m[1mGenerating C code for ROS interfaces[0m
[0.933s] [  5%] [34m[1mGenerating C++ code for ROS interfaces[0m
[0.938s] [  5%] Built target ament_cmake_python_copy_ei_interfaces
[1.077s] running egg_info
[1.077s] creating ei_interfaces.egg-info
[1.077s] writing ei_interfaces.egg-info/PKG-INFO
[1.077s] writing dependency_links to ei_interfaces.egg-info/dependency_links.txt
[1.078s] writing top-level names to ei_interfaces.egg-info/top_level.txt
[1.078s] writing manifest file 'ei_interfaces.egg-info/SOURCES.txt'
[1.079s] reading manifest file 'ei_interfaces.egg-info/SOURCES.txt'
[1.079s] writing manifest file 'ei_interfaces.egg-info/SOURCES.txt'
[1.096s] [  5%] Built target ament_cmake_python_build_ei_interfaces_egg
[1.110s] [  5%] Built target ei_interfaces__cpp
[1.115s] [  7%] [34m[1mGenerating C++ type support for eProsima Fast-RTPS[0m
[1.115s] [ 10%] [34m[1mGenerating C++ introspection for ROS interfaces[0m
[1.116s] [ 12%] [34m[1mGenerating C++ type support dispatch for ROS interfaces[0m
[1.126s] [ 15%] [32mBuilding C object CMakeFiles/ei_interfaces__rosidl_generator_c.dir/rosidl_generator_c/ei_interfaces/msg/detail/ei_classification__functions.c.o[0m
[1.128s] [ 17%] [32mBuilding C object CMakeFiles/ei_interfaces__rosidl_generator_c.dir/rosidl_generator_c/ei_interfaces/msg/detail/ei_result__functions.c.o[0m
[1.166s] [ 20%] [32m[1mLinking C shared library libei_interfaces__rosidl_generator_c.so[0m
[1.189s] [ 20%] Built target ei_interfaces__rosidl_generator_c
[1.195s] [ 23%] [34m[1mGenerating C type support for eProsima Fast-RTPS[0m
[1.197s] [ 28%] [34m[1mGenerating C type support dispatch for ROS interfaces[0m
[1.197s] [ 28%] [34m[1mGenerating C introspection for ROS interfaces[0m
[1.292s] [ 33%] [32mBuilding CXX object CMakeFiles/ei_interfaces__rosidl_typesupport_cpp.dir/rosidl_typesupport_cpp/ei_interfaces/msg/ei_result__type_support.cpp.o[0m
[1.292s] [ 33%] [32mBuilding CXX object CMakeFiles/ei_interfaces__rosidl_typesupport_cpp.dir/rosidl_typesupport_cpp/ei_interfaces/msg/ei_classification__type_support.cpp.o[0m
[1.390s] [ 38%] [32mBuilding CXX object CMakeFiles/ei_interfaces__rosidl_typesupport_introspection_cpp.dir/rosidl_typesupport_introspection_cpp/ei_interfaces/msg/detail/ei_classification__type_support.cpp.o[0m
[1.390s] [ 38%] [32mBuilding CXX object CMakeFiles/ei_interfaces__rosidl_typesupport_introspection_cpp.dir/rosidl_typesupport_introspection_cpp/ei_interfaces/msg/detail/ei_result__type_support.cpp.o[0m
[1.443s] [ 41%] [32mBuilding CXX object CMakeFiles/ei_interfaces__rosidl_typesupport_fastrtps_c.dir/rosidl_typesupport_fastrtps_c/ei_interfaces/msg/detail/ei_classification__type_support_c.cpp.o[0m
[1.444s] [ 43%] [32mBuilding CXX object CMakeFiles/ei_interfaces__rosidl_typesupport_fastrtps_cpp.dir/rosidl_typesupport_fastrtps_cpp/ei_interfaces/msg/detail/dds_fastrtps/ei_classification__type_support.cpp.o[0m
[1.489s] [ 46%] [32mBuilding CXX object CMakeFiles/ei_interfaces__rosidl_typesupport_c.dir/rosidl_typesupport_c/ei_interfaces/msg/ei_classification__type_support.cpp.o[0m
[1.518s] [ 48%] [32mBuilding CXX object CMakeFiles/ei_interfaces__rosidl_typesupport_c.dir/rosidl_typesupport_c/ei_interfaces/msg/ei_result__type_support.cpp.o[0m
[1.547s] [ 51%] [32m[1mLinking CXX shared library libei_interfaces__rosidl_typesupport_c.so[0m
[1.550s] [ 53%] [32mBuilding C object CMakeFiles/ei_interfaces__rosidl_typesupport_introspection_c.dir/rosidl_typesupport_introspection_c/ei_interfaces/msg/detail/ei_classification__type_support.c.o[0m
[1.575s] [ 56%] [32mBuilding CXX object CMakeFiles/ei_interfaces__rosidl_typesupport_fastrtps_cpp.dir/rosidl_typesupport_fastrtps_cpp/ei_interfaces/msg/detail/dds_fastrtps/ei_result__type_support.cpp.o[0m
[1.583s] [ 58%] [32mBuilding C object CMakeFiles/ei_interfaces__rosidl_typesupport_introspection_c.dir/rosidl_typesupport_introspection_c/ei_interfaces/msg/detail/ei_result__type_support.c.o[0m
[1.584s] [ 61%] [32m[1mLinking CXX shared library libei_interfaces__rosidl_typesupport_cpp.so[0m
[1.589s] [ 61%] Built target ei_interfaces__rosidl_typesupport_c
[1.597s] [ 64%] [32mBuilding CXX object CMakeFiles/ei_interfaces__rosidl_typesupport_fastrtps_c.dir/rosidl_typesupport_fastrtps_c/ei_interfaces/msg/detail/ei_result__type_support_c.cpp.o[0m
[1.620s] [ 66%] [32m[1mLinking C shared library libei_interfaces__rosidl_typesupport_introspection_c.so[0m
[1.626s] [ 66%] Built target ei_interfaces__rosidl_typesupport_cpp
[1.650s] [ 66%] Built target ei_interfaces__rosidl_typesupport_introspection_c
[1.818s] [ 69%] [32m[1mLinking CXX shared library libei_interfaces__rosidl_typesupport_introspection_cpp.so[0m
[1.864s] [ 69%] Built target ei_interfaces__rosidl_typesupport_introspection_cpp
[1.889s] [ 71%] [32m[1mLinking CXX shared library libei_interfaces__rosidl_typesupport_fastrtps_c.so[0m
[1.928s] [ 74%] [32m[1mLinking CXX shared library libei_interfaces__rosidl_typesupport_fastrtps_cpp.so[0m
[1.933s] [ 74%] Built target ei_interfaces__rosidl_typesupport_fastrtps_c
[1.971s] [ 74%] Built target ei_interfaces__rosidl_typesupport_fastrtps_cpp
[1.981s] [ 74%] Built target ei_interfaces
[1.991s] [ 76%] [34m[1mGenerating Python code for ROS interfaces[0m
[2.243s] [ 76%] Built target ei_interfaces__py
[2.254s] [ 82%] [32mBuilding C object CMakeFiles/ei_interfaces__rosidl_generator_py.dir/rosidl_generator_py/ei_interfaces/msg/_ei_classification_s.c.o[0m
[2.254s] [ 82%] [32mBuilding C object CMakeFiles/ei_interfaces__rosidl_generator_py.dir/rosidl_generator_py/ei_interfaces/msg/_ei_result_s.c.o[0m
[2.310s] [ 84%] [32m[1mLinking C shared library rosidl_generator_py/ei_interfaces/libei_interfaces__rosidl_generator_py.so[0m
[2.332s] [ 84%] Built target ei_interfaces__rosidl_generator_py
[2.343s] [ 92%] [32mBuilding C object CMakeFiles/ei_interfaces__rosidl_typesupport_c__pyext.dir/rosidl_generator_py/ei_interfaces/_ei_interfaces_s.ep.rosidl_typesupport_c.c.o[0m
[2.343s] [ 92%] [32mBuilding C object CMakeFiles/ei_interfaces__rosidl_typesupport_fastrtps_c__pyext.dir/rosidl_generator_py/ei_interfaces/_ei_interfaces_s.ep.rosidl_typesupport_fastrtps_c.c.o[0m
[2.344s] [ 92%] [32mBuilding C object CMakeFiles/ei_interfaces__rosidl_typesupport_introspection_c__pyext.dir/rosidl_generator_py/ei_interfaces/_ei_interfaces_s.ep.rosidl_typesupport_introspection_c.c.o[0m
[2.399s] [ 97%] [32m[1mLinking C shared library rosidl_generator_py/ei_interfaces/ei_interfaces_s__rosidl_typesupport_c.cpython-310-x86_64-linux-gnu.so[0m
[2.399s] [ 97%] [32m[1mLinking C shared library rosidl_generator_py/ei_interfaces/ei_interfaces_s__rosidl_typesupport_introspection_c.cpython-310-x86_64-linux-gnu.so[0m
[2.399s] [100%] [32m[1mLinking C shared library rosidl_generator_py/ei_interfaces/ei_interfaces_s__rosidl_typesupport_fastrtps_c.cpython-310-x86_64-linux-gnu.so[0m
[2.417s] [100%] Built target ei_interfaces__rosidl_typesupport_fastrtps_c__pyext
[2.417s] [100%] Built target ei_interfaces__rosidl_typesupport_c__pyext
[2.417s] [100%] Built target ei_interfaces__rosidl_typesupport_introspection_c__pyext
[2.423s] Invoked command in '/home/avi/ros2_ws/build/ei_interfaces' returned '0': CMAKE_PREFIX_PATH=${CMAKE_PREFIX_PATH}:/opt/ros/humble /usr/bin/cmake --build /home/avi/ros2_ws/build/ei_interfaces -- -j8 -l8
[2.465s] Invoking command in '/home/avi/ros2_ws/build/ei_interfaces': CMAKE_PREFIX_PATH=${CMAKE_PREFIX_PATH}:/opt/ros/humble /usr/bin/cmake --install /home/avi/ros2_ws/build/ei_interfaces
[2.470s] -- Install configuration: ""
[2.470s] -- Installing: /home/avi/ros2_ws/install/ei_interfaces/share/ament_index/resource_index/rosidl_interfaces/ei_interfaces
[2.470s] -- Installing: /home/avi/ros2_ws/install/ei_interfaces/include/ei_interfaces/ei_interfaces
[2.470s] -- Installing: /home/avi/ros2_ws/install/ei_interfaces/include/ei_interfaces/ei_interfaces/msg
[2.470s] -- Installing: /home/avi/ros2_ws/install/ei_interfaces/include/ei_interfaces/ei_interfaces/msg/ei_classification.h
[2.470s] -- Installing: /home/avi/ros2_ws/install/ei_interfaces/include/ei_interfaces/ei_interfaces/msg/ei_result.h
[2.470s] -- Installing: /home/avi/ros2_ws/install/ei_interfaces/include/ei_interfaces/ei_interfaces/msg/detail
[2.470s] -- Installing: /home/avi/ros2_ws/install/ei_interfaces/include/ei_interfaces/ei_interfaces/msg/detail/ei_classification__struct.h
[2.470s] -- Installing: /home/avi/ros2_ws/install/ei_interfaces/include/ei_interfaces/ei_interfaces/msg/detail/ei_classification__type_support.h
[2.470s] -- Installing: /home/avi/ros2_ws/install/ei_interfaces/include/ei_interfaces/ei_interfaces/msg/detail/ei_result__struct.h
[2.470s] -- Installing: /home/avi/ros2_ws/install/ei_interfaces/include/ei_interfaces/ei_interfaces/msg/detail/ei_classification__functions.h
[2.470s] -- Installing: /home/avi/ros2_ws/install/ei_interfaces/include/ei_interfaces/ei_interfaces/msg/detail/ei_result__functions.h
[2.470s] -- Installing: /home/avi/ros2_ws/install/ei_interfaces/include/ei_interfaces/ei_interfaces/msg/detail/ei_result__functions.c
[2.470s] -- Installing: /home/avi/ros2_ws/install/ei_interfaces/include/ei_interfaces/ei_interfaces/msg/detail/ei_classification__functions.c
[2.470s] -- Installing: /home/avi/ros2_ws/install/ei_interfaces/include/ei_interfaces/ei_interfaces/msg/detail/ei_result__type_support.h
[2.470s] -- Installing: /home/avi/ros2_ws/install/ei_interfaces/include/ei_interfaces/ei_interfaces/msg/rosidl_generator_c__visibility_control.h
[2.470s] -- Installing: /home/avi/ros2_ws/install/ei_interfaces/share/ei_interfaces/environment/library_path.sh
[2.470s] -- Installing: /home/avi/ros2_ws/install/ei_interfaces/share/ei_interfaces/environment/library_path.dsv
[2.470s] -- Installing: /home/avi/ros2_ws/install/ei_interfaces/lib/libei_interfaces__rosidl_generator_c.so
[2.471s] -- Set runtime path of "/home/avi/ros2_ws/install/ei_interfaces/lib/libei_interfaces__rosidl_generator_c.so" to ""
[2.471s] -- Up-to-date: /home/avi/ros2_ws/install/ei_interfaces/include/ei_interfaces/ei_interfaces
[2.471s] -- Up-to-date: /home/avi/ros2_ws/install/ei_interfaces/include/ei_interfaces/ei_interfaces/msg
[2.471s] -- Installing: /home/avi/ros2_ws/install/ei_interfaces/include/ei_interfaces/ei_interfaces/msg/rosidl_typesupport_fastrtps_c__visibility_control.h
[2.471s] -- Up-to-date: /home/avi/ros2_ws/install/ei_interfaces/include/ei_interfaces/ei_interfaces/msg/detail
[2.471s] -- Installing: /home/avi/ros2_ws/install/ei_interfaces/include/ei_interfaces/ei_interfaces/msg/detail/ei_classification__rosidl_typesupport_fastrtps_c.h
[2.471s] -- Installing: /home/avi/ros2_ws/install/ei_interfaces/include/ei_interfaces/ei_interfaces/msg/detail/ei_result__rosidl_typesupport_fastrtps_c.h
[2.471s] -- Installing: /home/avi/ros2_ws/install/ei_interfaces/lib/libei_interfaces__rosidl_typesupport_fastrtps_c.so
[2.471s] -- Set runtime path of "/home/avi/ros2_ws/install/ei_interfaces/lib/libei_interfaces__rosidl_typesupport_fastrtps_c.so" to ""
[2.471s] -- Up-to-date: /home/avi/ros2_ws/install/ei_interfaces/include/ei_interfaces/ei_interfaces
[2.471s] -- Up-to-date: /home/avi/ros2_ws/install/ei_interfaces/include/ei_interfaces/ei_interfaces/msg
[2.471s] -- Up-to-date: /home/avi/ros2_ws/install/ei_interfaces/include/ei_interfaces/ei_interfaces/msg/detail
[2.471s] -- Installing: /home/avi/ros2_ws/install/ei_interfaces/include/ei_interfaces/ei_interfaces/msg/detail/ei_classification__rosidl_typesupport_introspection_c.h
[2.471s] -- Installing: /home/avi/ros2_ws/install/ei_interfaces/include/ei_interfaces/ei_interfaces/msg/detail/ei_result__type_support.c
[2.471s] -- Installing: /home/avi/ros2_ws/install/ei_interfaces/include/ei_interfaces/ei_interfaces/msg/detail/ei_classification__type_support.c
[2.471s] -- Installing: /home/avi/ros2_ws/install/ei_interfaces/include/ei_interfaces/ei_interfaces/msg/detail/ei_result__rosidl_typesupport_introspection_c.h
[2.471s] -- Installing: /home/avi/ros2_ws/install/ei_interfaces/include/ei_interfaces/ei_interfaces/msg/rosidl_typesupport_introspection_c__visibility_control.h
[2.471s] -- Installing: /home/avi/ros2_ws/install/ei_interfaces/lib/libei_interfaces__rosidl_typesupport_introspection_c.so
[2.472s] -- Set runtime path of "/home/avi/ros2_ws/install/ei_interfaces/lib/libei_interfaces__rosidl_typesupport_introspection_c.so" to ""
[2.472s] -- Installing: /home/avi/ros2_ws/install/ei_interfaces/lib/libei_interfaces__rosidl_typesupport_c.so
[2.472s] -- Set runtime path of "/home/avi/ros2_ws/install/ei_interfaces/lib/libei_interfaces__rosidl_typesupport_c.so" to ""
[2.472s] -- Up-to-date: /home/avi/ros2_ws/install/ei_interfaces/include/ei_interfaces/ei_interfaces
[2.472s] -- Up-to-date: /home/avi/ros2_ws/install/ei_interfaces/include/ei_interfaces/ei_interfaces/msg
[2.472s] -- Installing: /home/avi/ros2_ws/install/ei_interfaces/include/ei_interfaces/ei_interfaces/msg/ei_result.hpp
[2.472s] -- Up-to-date: /home/avi/ros2_ws/install/ei_interfaces/include/ei_interfaces/ei_interfaces/msg/detail
[2.472s] -- Installing: /home/avi/ros2_ws/install/ei_interfaces/include/ei_interfaces/ei_interfaces/msg/detail/ei_classification__struct.hpp
[2.472s] -- Installing: /home/avi/ros2_ws/install/ei_interfaces/include/ei_interfaces/ei_interfaces/msg/detail/ei_result__struct.hpp
[2.472s] -- Installing: /home/avi/ros2_ws/install/ei_interfaces/include/ei_interfaces/ei_interfaces/msg/detail/ei_classification__builder.hpp
[2.472s] -- Installing: /home/avi/ros2_ws/install/ei_interfaces/include/ei_interfaces/ei_interfaces/msg/detail/ei_result__builder.hpp
[2.472s] -- Installing: /home/avi/ros2_ws/install/ei_interfaces/include/ei_interfaces/ei_interfaces/msg/detail/ei_classification__traits.hpp
[2.472s] -- Installing: /home/avi/ros2_ws/install/ei_interfaces/include/ei_interfaces/ei_interfaces/msg/detail/ei_result__traits.hpp
[2.472s] -- Installing: /home/avi/ros2_ws/install/ei_interfaces/include/ei_interfaces/ei_interfaces/msg/ei_classification.hpp
[2.472s] -- Up-to-date: /home/avi/ros2_ws/install/ei_interfaces/include/ei_interfaces/ei_interfaces
[2.472s] -- Up-to-date: /home/avi/ros2_ws/install/ei_interfaces/include/ei_interfaces/ei_interfaces/msg
[2.472s] -- Up-to-date: /home/avi/ros2_ws/install/ei_interfaces/include/ei_interfaces/ei_interfaces/msg/detail
[2.472s] -- Installing: /home/avi/ros2_ws/install/ei_interfaces/include/ei_interfaces/ei_interfaces/msg/detail/ei_result__rosidl_typesupport_fastrtps_cpp.hpp
[2.473s] -- Installing: /home/avi/ros2_ws/install/ei_interfaces/include/ei_interfaces/ei_interfaces/msg/detail/dds_fastrtps
[2.473s] -- Installing: /home/avi/ros2_ws/install/ei_interfaces/include/ei_interfaces/ei_interfaces/msg/detail/ei_classification__rosidl_typesupport_fastrtps_cpp.hpp
[2.473s] -- Installing: /home/avi/ros2_ws/install/ei_interfaces/include/ei_interfaces/ei_interfaces/msg/rosidl_typesupport_fastrtps_cpp__visibility_control.h
[2.473s] -- Installing: /home/avi/ros2_ws/install/ei_interfaces/lib/libei_interfaces__rosidl_typesupport_fastrtps_cpp.so
[2.473s] -- Set runtime path of "/home/avi/ros2_ws/install/ei_interfaces/lib/libei_interfaces__rosidl_typesupport_fastrtps_cpp.so" to ""
[2.473s] -- Up-to-date: /home/avi/ros2_ws/install/ei_interfaces/include/ei_interfaces/ei_interfaces
[2.473s] -- Up-to-date: /home/avi/ros2_ws/install/ei_interfaces/include/ei_interfaces/ei_interfaces/msg
[2.473s] -- Up-to-date: /home/avi/ros2_ws/install/ei_interfaces/include/ei_interfaces/ei_interfaces/msg/detail
[2.473s] -- Installing: /home/avi/ros2_ws/install/ei_interfaces/include/ei_interfaces/ei_interfaces/msg/detail/ei_result__rosidl_typesupport_introspection_cpp.hpp
[2.473s] -- Installing: /home/avi/ros2_ws/install/ei_interfaces/include/ei_interfaces/ei_interfaces/msg/detail/ei_result__type_support.cpp
[2.473s] -- Installing: /home/avi/ros2_ws/install/ei_interfaces/include/ei_interfaces/ei_interfaces/msg/detail/ei_classification__rosidl_typesupport_introspection_cpp.hpp
[2.473s] -- Installing: /home/avi/ros2_ws/install/ei_interfaces/include/ei_interfaces/ei_interfaces/msg/detail/ei_classification__type_support.cpp
[2.473s] -- Installing: /home/avi/ros2_ws/install/ei_interfaces/lib/libei_interfaces__rosidl_typesupport_introspection_cpp.so
[2.473s] -- Set runtime path of "/home/avi/ros2_ws/install/ei_interfaces/lib/libei_interfaces__rosidl_typesupport_introspection_cpp.so" to ""
[2.473s] -- Installing: /home/avi/ros2_ws/install/ei_interfaces/lib/libei_interfaces__rosidl_typesupport_cpp.so
[2.473s] -- Set runtime path of "/home/avi/ros2_ws/install/ei_interfaces/lib/libei_interfaces__rosidl_typesupport_cpp.so" to ""
[2.473s] -- Installing: /home/avi/ros2_ws/install/ei_interfaces/share/ei_interfaces/environment/pythonpath.sh
[2.473s] -- Installing: /home/avi/ros2_ws/install/ei_interfaces/share/ei_interfaces/environment/pythonpath.dsv
[2.473s] -- Installing: /home/avi/ros2_ws/install/ei_interfaces/local/lib/python3.10/dist-packages/ei_interfaces-0.0.0-py3.10.egg-info
[2.473s] -- Installing: /home/avi/ros2_ws/install/ei_interfaces/local/lib/python3.10/dist-packages/ei_interfaces-0.0.0-py3.10.egg-info/top_level.txt
[2.474s] -- Installing: /home/avi/ros2_ws/install/ei_interfaces/local/lib/python3.10/dist-packages/ei_interfaces-0.0.0-py3.10.egg-info/PKG-INFO
[2.474s] -- Installing: /home/avi/ros2_ws/install/ei_interfaces/local/lib/python3.10/dist-packages/ei_interfaces-0.0.0-py3.10.egg-info/dependency_links.txt
[2.474s] -- Installing: /home/avi/ros2_ws/install/ei_interfaces/local/lib/python3.10/dist-packages/ei_interfaces-0.0.0-py3.10.egg-info/SOURCES.txt
[2.474s] -- Installing: /home/avi/ros2_ws/install/ei_interfaces/local/lib/python3.10/dist-packages/ei_interfaces
[2.474s] -- Installing: /home/avi/ros2_ws/install/ei_interfaces/local/lib/python3.10/dist-packages/ei_interfaces/_ei_interfaces_s.ep.rosidl_typesupport_fastrtps_c.c
[2.474s] -- Installing: /home/avi/ros2_ws/install/ei_interfaces/local/lib/python3.10/dist-packages/ei_interfaces/__init__.py
[2.474s] -- Installing: /home/avi/ros2_ws/install/ei_interfaces/local/lib/python3.10/dist-packages/ei_interfaces/libei_interfaces__rosidl_generator_py.so
[2.474s] -- Installing: /home/avi/ros2_ws/install/ei_interfaces/local/lib/python3.10/dist-packages/ei_interfaces/_ei_interfaces_s.ep.rosidl_typesupport_c.c
[2.474s] -- Installing: /home/avi/ros2_ws/install/ei_interfaces/local/lib/python3.10/dist-packages/ei_interfaces/ei_interfaces_s__rosidl_typesupport_fastrtps_c.cpython-310-x86_64-linux-gnu.so
[2.474s] -- Installing: /home/avi/ros2_ws/install/ei_interfaces/local/lib/python3.10/dist-packages/ei_interfaces/ei_interfaces_s__rosidl_typesupport_introspection_c.cpython-310-x86_64-linux-gnu.so
[2.474s] -- Installing: /home/avi/ros2_ws/install/ei_interfaces/local/lib/python3.10/dist-packages/ei_interfaces/ei_interfaces_s__rosidl_typesupport_c.cpython-310-x86_64-linux-gnu.so
[2.474s] -- Installing: /home/avi/ros2_ws/install/ei_interfaces/local/lib/python3.10/dist-packages/ei_interfaces/_ei_interfaces_s.ep.rosidl_typesupport_introspection_c.c
[2.474s] -- Installing: /home/avi/ros2_ws/install/ei_interfaces/local/lib/python3.10/dist-packages/ei_interfaces/msg
[2.474s] -- Installing: /home/avi/ros2_ws/install/ei_interfaces/local/lib/python3.10/dist-packages/ei_interfaces/msg/_ei_result_s.c
[2.474s] -- Installing: /home/avi/ros2_ws/install/ei_interfaces/local/lib/python3.10/dist-packages/ei_interfaces/msg/_ei_result.py
[2.474s] -- Installing: /home/avi/ros2_ws/install/ei_interfaces/local/lib/python3.10/dist-packages/ei_interfaces/msg/__init__.py
[2.474s] -- Installing: /home/avi/ros2_ws/install/ei_interfaces/local/lib/python3.10/dist-packages/ei_interfaces/msg/_ei_classification.py
[2.474s] -- Installing: /home/avi/ros2_ws/install/ei_interfaces/local/lib/python3.10/dist-packages/ei_interfaces/msg/_ei_classification_s.c
[2.495s] Listing '/home/avi/ros2_ws/install/ei_interfaces/local/lib/python3.10/dist-packages/ei_interfaces'...
[2.495s] Compiling '/home/avi/ros2_ws/install/ei_interfaces/local/lib/python3.10/dist-packages/ei_interfaces/__init__.py'...
[2.495s] Listing '/home/avi/ros2_ws/install/ei_interfaces/local/lib/python3.10/dist-packages/ei_interfaces/msg'...
[2.495s] Compiling '/home/avi/ros2_ws/install/ei_interfaces/local/lib/python3.10/dist-packages/ei_interfaces/msg/__init__.py'...
[2.495s] Compiling '/home/avi/ros2_ws/install/ei_interfaces/local/lib/python3.10/dist-packages/ei_interfaces/msg/_ei_classification.py'...
[2.495s] Compiling '/home/avi/ros2_ws/install/ei_interfaces/local/lib/python3.10/dist-packages/ei_interfaces/msg/_ei_result.py'...
[2.498s] -- Installing: /home/avi/ros2_ws/install/ei_interfaces/local/lib/python3.10/dist-packages/ei_interfaces/ei_interfaces_s__rosidl_typesupport_fastrtps_c.cpython-310-x86_64-linux-gnu.so
[2.498s] -- Set runtime path of "/home/avi/ros2_ws/install/ei_interfaces/local/lib/python3.10/dist-packages/ei_interfaces/ei_interfaces_s__rosidl_typesupport_fastrtps_c.cpython-310-x86_64-linux-gnu.so" to ""
[2.498s] -- Installing: /home/avi/ros2_ws/install/ei_interfaces/local/lib/python3.10/dist-packages/ei_interfaces/ei_interfaces_s__rosidl_typesupport_introspection_c.cpython-310-x86_64-linux-gnu.so
[2.498s] -- Set runtime path of "/home/avi/ros2_ws/install/ei_interfaces/local/lib/python3.10/dist-packages/ei_interfaces/ei_interfaces_s__rosidl_typesupport_introspection_c.cpython-310-x86_64-linux-gnu.so" to ""
[2.498s] -- Installing: /home/avi/ros2_ws/install/ei_interfaces/local/lib/python3.10/dist-packages/ei_interfaces/ei_interfaces_s__rosidl_typesupport_c.cpython-310-x86_64-linux-gnu.so
[2.498s] -- Set runtime path of "/home/avi/ros2_ws/install/ei_interfaces/local/lib/python3.10/dist-packages/ei_interfaces/ei_interfaces_s__rosidl_typesupport_c.cpython-310-x86_64-linux-gnu.so" to ""
[2.499s] -- Installing: /home/avi/ros2_ws/install/ei_interfaces/lib/libei_interfaces__rosidl_generator_py.so
[2.499s] -- Set runtime path of "/home/avi/ros2_ws/install/ei_interfaces/lib/libei_interfaces__rosidl_generator_py.so" to ""
[2.499s] -- Installing: /home/avi/ros2_ws/install/ei_interfaces/share/ei_interfaces/msg/EIClassification.idl
[2.499s] -- Installing: /home/avi/ros2_ws/install/ei_interfaces/share/ei_interfaces/msg/EIResult.idl
[2.499s] -- Installing: /home/avi/ros2_ws/install/ei_interfaces/share/ei_interfaces/msg/EIClassification.msg
[2.499s] -- Installing: /home/avi/ros2_ws/install/ei_interfaces/share/ei_interfaces/msg/EIResult.msg
[2.499s] -- Installing: /home/avi/ros2_ws/install/ei_interfaces/share/ament_index/resource_index/package_run_dependencies/ei_interfaces
[2.499s] -- Installing: /home/avi/ros2_ws/install/ei_interfaces/share/ament_index/resource_index/parent_prefix_path/ei_interfaces
[2.499s] -- Installing: /home/avi/ros2_ws/install/ei_interfaces/share/ei_interfaces/environment/ament_prefix_path.sh
[2.499s] -- Installing: /home/avi/ros2_ws/install/ei_interfaces/share/ei_interfaces/environment/ament_prefix_path.dsv
[2.499s] -- Installing: /home/avi/ros2_ws/install/ei_interfaces/share/ei_interfaces/environment/path.sh
[2.499s] -- Installing: /home/avi/ros2_ws/install/ei_interfaces/share/ei_interfaces/environment/path.dsv
[2.499s] -- Installing: /home/avi/ros2_ws/install/ei_interfaces/share/ei_interfaces/local_setup.bash
[2.499s] -- Installing: /home/avi/ros2_ws/install/ei_interfaces/share/ei_interfaces/local_setup.sh
[2.499s] -- Installing: /home/avi/ros2_ws/install/ei_interfaces/share/ei_interfaces/local_setup.zsh
[2.499s] -- Installing: /home/avi/ros2_ws/install/ei_interfaces/share/ei_interfaces/local_setup.dsv
[2.499s] -- Installing: /home/avi/ros2_ws/install/ei_interfaces/share/ei_interfaces/package.dsv
[2.500s] -- Installing: /home/avi/ros2_ws/install/ei_interfaces/share/ament_index/resource_index/packages/ei_interfaces
[2.500s] -- Installing: /home/avi/ros2_ws/install/ei_interfaces/share/ei_interfaces/cmake/export_ei_interfaces__rosidl_generator_cExport.cmake
[2.500s] -- Installing: /home/avi/ros2_ws/install/ei_interfaces/share/ei_interfaces/cmake/export_ei_interfaces__rosidl_generator_cExport-noconfig.cmake
[2.500s] -- Installing: /home/avi/ros2_ws/install/ei_interfaces/share/ei_interfaces/cmake/export_ei_interfaces__rosidl_typesupport_fastrtps_cExport.cmake
[2.500s] -- Installing: /home/avi/ros2_ws/install/ei_interfaces/share/ei_interfaces/cmake/export_ei_interfaces__rosidl_typesupport_fastrtps_cExport-noconfig.cmake
[2.500s] -- Installing: /home/avi/ros2_ws/install/ei_interfaces/share/ei_interfaces/cmake/ei_interfaces__rosidl_typesupport_introspection_cExport.cmake
[2.500s] -- Installing: /home/avi/ros2_ws/install/ei_interfaces/share/ei_interfaces/cmake/ei_interfaces__rosidl_typesupport_introspection_cExport-noconfig.cmake
[2.500s] -- Installing: /home/avi/ros2_ws/install/ei_interfaces/share/ei_interfaces/cmake/ei_interfaces__rosidl_typesupport_cExport.cmake
[2.500s] -- Installing: /home/avi/ros2_ws/install/ei_interfaces/share/ei_interfaces/cmake/ei_interfaces__rosidl_typesupport_cExport-noconfig.cmake
[2.500s] -- Installing: /home/avi/ros2_ws/install/ei_interfaces/share/ei_interfaces/cmake/export_ei_interfaces__rosidl_generator_cppExport.cmake
[2.500s] -- Installing: /home/avi/ros2_ws/install/ei_interfaces/share/ei_interfaces/cmake/export_ei_interfaces__rosidl_typesupport_fastrtps_cppExport.cmake
[2.500s] -- Installing: /home/avi/ros2_ws/install/ei_interfaces/share/ei_interfaces/cmake/export_ei_interfaces__rosidl_typesupport_fastrtps_cppExport-noconfig.cmake
[2.500s] -- Installing: /home/avi/ros2_ws/install/ei_interfaces/share/ei_interfaces/cmake/ei_interfaces__rosidl_typesupport_introspection_cppExport.cmake
[2.500s] -- Installing: /home/avi/ros2_ws/install/ei_interfaces/share/ei_interfaces/cmake/ei_interfaces__rosidl_typesupport_introspection_cppExport-noconfig.cmake
[2.500s] -- Installing: /home/avi/ros2_ws/install/ei_interfaces/share/ei_interfaces/cmake/ei_interfaces__rosidl_typesupport_cppExport.cmake
[2.500s] -- Installing: /home/avi/ros2_ws/install/ei_interfaces/share/ei_interfaces/cmake/ei_interfaces__rosidl_typesupport_cppExport-noconfig.cmake
[2.500s] -- Installing: /home/avi/ros2_ws/install/ei_interfaces/share/ei_interfaces/cmake/export_ei_interfaces__rosidl_generator_pyExport.cmake
[2.501s] -- Installing: /home/avi/ros2_ws/install/ei_interfaces/share/ei_interfaces/cmake/export_ei_interfaces__rosidl_generator_pyExport-noconfig.cmake
[2.501s] -- Installing: /home/avi/ros2_ws/install/ei_interfaces/share/ei_interfaces/cmake/rosidl_cmake-extras.cmake
[2.501s] -- Installing: /home/avi/ros2_ws/install/ei_interfaces/share/ei_interfaces/cmake/ament_cmake_export_include_directories-extras.cmake
[2.501s] -- Installing: /home/avi/ros2_ws/install/ei_interfaces/share/ei_interfaces/cmake/ament_cmake_export_libraries-extras.cmake
[2.501s] -- Installing: /home/avi/ros2_ws/install/ei_interfaces/share/ei_interfaces/cmake/ament_cmake_export_targets-extras.cmake
[2.501s] -- Installing: /home/avi/ros2_ws/install/ei_interfaces/share/ei_interfaces/cmake/rosidl_cmake_export_typesupport_targets-extras.cmake
[2.501s] -- Installing: /home/avi/ros2_ws/install/ei_interfaces/share/ei_interfaces/cmake/ament_cmake_export_dependencies-extras.cmake
[2.501s] -- Installing: /home/avi/ros2_ws/install/ei_interfaces/share/ei_interfaces/cmake/rosidl_cmake_export_typesupport_libraries-extras.cmake
[2.501s] -- Installing: /home/avi/ros2_ws/install/ei_interfaces/share/ei_interfaces/cmake/ei_interfacesConfig.cmake
[2.501s] -- Installing: /home/avi/ros2_ws/install/ei_interfaces/share/ei_interfaces/cmake/ei_interfacesConfig-version.cmake
[2.501s] -- Installing: /home/avi/ros2_ws/install/ei_interfaces/share/ei_interfaces/package.xml
[2.503s] Invoked command in '/home/avi/ros2_ws/build/ei_interfaces' returned '0': CMAKE_PREFIX_PATH=${CMAKE_PREFIX_PATH}:/opt/ros/humble /usr/bin/cmake --install /home/avi/ros2_ws/build/ei_interfaces
