[0.008s] Invoking command in '/home/avi/ros2_ws/build/ei_interfaces': CMAKE_PREFIX_PATH=/opt/ros/humble /usr/bin/cmake /home/avi/ros2_ws/src/ei_interfaces -DCMAKE_INSTALL_PREFIX=/home/avi/ros2_ws/install/ei_interfaces
[0.079s] -- The C compiler identification is GNU 11.2.0
[0.166s] -- The CXX compiler identification is GNU 11.2.0
[0.172s] -- Detecting C compiler ABI info
[0.247s] -- Detecting C compiler ABI info - done
[0.251s] -- Check for working C compiler: /usr/bin/cc - skipped
[0.252s] -- Detecting C compile features
[0.252s] -- Detecting C compile features - done
[0.254s] -- Detecting CXX compiler ABI info
[0.301s] -- Detecting CXX compiler ABI info - done
[0.306s] -- Check for working CXX compiler: /usr/bin/c++ - skipped
[0.306s] -- Detecting CXX compile features
[0.306s] -- Detecting CXX compile features - done
[0.312s] -- Found ament_cmake: 1.3.2 (/opt/ros/humble/share/ament_cmake/cmake)
[0.429s] -- Found Python3: /usr/bin/python3.10 (found version "3.10.4") found components: Interpreter 
[0.483s] -- Found ament_lint_auto: 0.12.4 (/opt/ros/humble/share/ament_lint_auto/cmake)
[0.533s] -- Found rosidl_default_generators: 1.2.0 (/opt/ros/humble/share/rosidl_default_generators/cmake)
[0.535s] -- Using all available rosidl_typesupport_c: rosidl_typesupport_fastrtps_c;rosidl_typesupport_introspection_c
[0.539s] -- Found rosidl_adapter: 3.1.3 (/opt/ros/humble/share/rosidl_adapter/cmake)
[0.566s] -- Using all available rosidl_typesupport_cpp: rosidl_typesupport_fastrtps_cpp;rosidl_typesupport_introspection_cpp
[0.697s] -- Found ament_cmake_ros: 0.10.0 (/opt/ros/humble/share/ament_cmake_ros/cmake)
[0.811s] -- Using all available rosidl_typesupport_c: rosidl_typesupport_fastrtps_c;rosidl_typesupport_introspection_c
[0.955s] -- Using all available rosidl_typesupport_cpp: rosidl_typesupport_fastrtps_cpp;rosidl_typesupport_introspection_cpp
[0.969s] -- Found PythonInterp: /usr/bin/python3 (found suitable version "3.10.4", minimum required is "3.6") 
[0.970s] -- Found python_cmake_module: 0.10.0 (/opt/ros/humble/share/python_cmake_module/cmake)
[0.989s] -- Found PythonLibs: /usr/lib/x86_64-linux-gnu/libpython3.10.so (found suitable version "3.10.4", minimum required is "3.5") 
[0.989s] -- Using PYTHON_EXECUTABLE: /usr/bin/python3
[0.989s] -- Using PYTHON_INCLUDE_DIRS: /usr/include/python3.10
[0.989s] -- Using PYTHON_LIBRARIES: /usr/lib/x86_64-linux-gnu/libpython3.10.so
[1.006s] -- Found PythonExtra: .so  
[1.026s] -- Added test 'lint_cmake' to check CMake code style
[1.027s] -- Added test 'xmllint' to check XML markup files
[1.030s] -- Configuring done
[1.046s] -- Generating done
[1.047s] -- Build files have been written to: /home/avi/ros2_ws/build/ei_interfaces
[1.053s] Invoked command in '/home/avi/ros2_ws/build/ei_interfaces' returned '0': CMAKE_PREFIX_PATH=/opt/ros/humble /usr/bin/cmake /home/avi/ros2_ws/src/ei_interfaces -DCMAKE_INSTALL_PREFIX=/home/avi/ros2_ws/install/ei_interfaces
[1.053s] Invoking command in '/home/avi/ros2_ws/build/ei_interfaces': CMAKE_PREFIX_PATH=/opt/ros/humble /usr/bin/cmake --build /home/avi/ros2_ws/build/ei_interfaces -- -j8 -l8
[1.073s] [  2%] [34m[1mGenerating C code for ROS interfaces[0m
[1.078s] [  5%] [34m[1mGenerating C++ code for ROS interfaces[0m
[1.082s] [  5%] Built target ament_cmake_python_copy_ei_interfaces
[1.222s] running egg_info
[1.223s] creating ei_interfaces.egg-info
[1.223s] writing ei_interfaces.egg-info/PKG-INFO
[1.223s] writing dependency_links to ei_interfaces.egg-info/dependency_links.txt
[1.223s] writing top-level names to ei_interfaces.egg-info/top_level.txt
[1.223s] writing manifest file 'ei_interfaces.egg-info/SOURCES.txt'
[1.225s] reading manifest file 'ei_interfaces.egg-info/SOURCES.txt'
[1.225s] writing manifest file 'ei_interfaces.egg-info/SOURCES.txt'
[1.243s] [  5%] Built target ament_cmake_python_build_ei_interfaces_egg
[1.257s] [  5%] Built target ei_interfaces__cpp
[1.262s] [ 12%] [34m[1mGenerating C++ type support dispatch for ROS interfaces[0m
[1.262s] [ 12%] [34m[1mGenerating C++ introspection for ROS interfaces[0m
[1.262s] [ 12%] [34m[1mGenerating C++ type support for eProsima Fast-RTPS[0m
[1.269s] [ 15%] [32mBuilding C object CMakeFiles/ei_interfaces__rosidl_generator_c.dir/rosidl_generator_c/ei_interfaces/msg/detail/ei_classification__functions.c.o[0m
[1.271s] [ 17%] [32mBuilding C object CMakeFiles/ei_interfaces__rosidl_generator_c.dir/rosidl_generator_c/ei_interfaces/msg/detail/ei_result__functions.c.o[0m
[1.314s] [ 20%] [32m[1mLinking C shared library libei_interfaces__rosidl_generator_c.so[0m
[1.338s] [ 20%] Built target ei_interfaces__rosidl_generator_c
[1.344s] [ 23%] [34m[1mGenerating C introspection for ROS interfaces[0m
[1.345s] [ 28%] [34m[1mGenerating C type support for eProsima Fast-RTPS[0m
[1.345s] [ 28%] [34m[1mGenerating C type support dispatch for ROS interfaces[0m
[1.465s] [ 33%] [32mBuilding CXX object CMakeFiles/ei_interfaces__rosidl_typesupport_fastrtps_cpp.dir/rosidl_typesupport_fastrtps_cpp/ei_interfaces/msg/detail/dds_fastrtps/ei_result__type_support.cpp.o[0m
[1.465s] [ 33%] [32mBuilding CXX object CMakeFiles/ei_interfaces__rosidl_typesupport_fastrtps_cpp.dir/rosidl_typesupport_fastrtps_cpp/ei_interfaces/msg/detail/dds_fastrtps/ei_classification__type_support.cpp.o[0m
[1.466s] [ 38%] [32mBuilding CXX object CMakeFiles/ei_interfaces__rosidl_typesupport_introspection_cpp.dir/rosidl_typesupport_introspection_cpp/ei_interfaces/msg/detail/ei_classification__type_support.cpp.o[0m
[1.466s] [ 38%] [32mBuilding CXX object CMakeFiles/ei_interfaces__rosidl_typesupport_introspection_cpp.dir/rosidl_typesupport_introspection_cpp/ei_interfaces/msg/detail/ei_result__type_support.cpp.o[0m
[1.519s] [ 41%] [32mBuilding CXX object CMakeFiles/ei_interfaces__rosidl_typesupport_cpp.dir/rosidl_typesupport_cpp/ei_interfaces/msg/ei_classification__type_support.cpp.o[0m
[1.640s] [ 43%] [32mBuilding CXX object CMakeFiles/ei_interfaces__rosidl_typesupport_c.dir/rosidl_typesupport_c/ei_interfaces/msg/ei_classification__type_support.cpp.o[0m
[1.674s] [ 46%] [32mBuilding CXX object CMakeFiles/ei_interfaces__rosidl_typesupport_c.dir/rosidl_typesupport_c/ei_interfaces/msg/ei_result__type_support.cpp.o[0m
[1.705s] [ 48%] [32m[1mLinking CXX shared library libei_interfaces__rosidl_typesupport_c.so[0m
[1.705s] [ 51%] [32mBuilding C object CMakeFiles/ei_interfaces__rosidl_typesupport_introspection_c.dir/rosidl_typesupport_introspection_c/ei_interfaces/msg/detail/ei_classification__type_support.c.o[0m
[1.717s] [ 53%] [32mBuilding CXX object CMakeFiles/ei_interfaces__rosidl_typesupport_fastrtps_c.dir/rosidl_typesupport_fastrtps_c/ei_interfaces/msg/detail/ei_classification__type_support_c.cpp.o[0m
[1.740s] [ 56%] [32mBuilding C object CMakeFiles/ei_interfaces__rosidl_typesupport_introspection_c.dir/rosidl_typesupport_introspection_c/ei_interfaces/msg/detail/ei_result__type_support.c.o[0m
[1.744s] [ 56%] Built target ei_interfaces__rosidl_typesupport_c
[1.752s] [ 58%] [32mBuilding CXX object CMakeFiles/ei_interfaces__rosidl_typesupport_fastrtps_c.dir/rosidl_typesupport_fastrtps_c/ei_interfaces/msg/detail/ei_result__type_support_c.cpp.o[0m
[1.790s] [ 61%] [32m[1mLinking C shared library libei_interfaces__rosidl_typesupport_introspection_c.so[0m
[1.813s] [ 64%] [32mBuilding CXX object CMakeFiles/ei_interfaces__rosidl_typesupport_cpp.dir/rosidl_typesupport_cpp/ei_interfaces/msg/ei_result__type_support.cpp.o[0m
[1.819s] [ 64%] Built target ei_interfaces__rosidl_typesupport_introspection_c
[1.891s] [ 66%] [32m[1mLinking CXX shared library libei_interfaces__rosidl_typesupport_introspection_cpp.so[0m
[1.928s] [ 69%] [32m[1mLinking CXX shared library libei_interfaces__rosidl_typesupport_fastrtps_cpp.so[0m
[1.942s] [ 69%] Built target ei_interfaces__rosidl_typesupport_introspection_cpp
[1.975s] [ 69%] Built target ei_interfaces__rosidl_typesupport_fastrtps_cpp
[2.014s] [ 71%] [32m[1mLinking CXX shared library libei_interfaces__rosidl_typesupport_cpp.so[0m
[2.038s] [ 71%] Built target ei_interfaces__rosidl_typesupport_cpp
[2.059s] [ 74%] [32m[1mLinking CXX shared library libei_interfaces__rosidl_typesupport_fastrtps_c.so[0m
[2.111s] [ 74%] Built target ei_interfaces__rosidl_typesupport_fastrtps_c
[2.123s] [ 74%] Built target ei_interfaces
[2.134s] [ 76%] [34m[1mGenerating Python code for ROS interfaces[0m
[2.390s] [ 76%] Built target ei_interfaces__py
[2.400s] [ 82%] [32mBuilding C object CMakeFiles/ei_interfaces__rosidl_generator_py.dir/rosidl_generator_py/ei_interfaces/msg/_ei_classification_s.c.o[0m
[2.400s] [ 82%] [32mBuilding C object CMakeFiles/ei_interfaces__rosidl_generator_py.dir/rosidl_generator_py/ei_interfaces/msg/_ei_result_s.c.o[0m
[2.470s] [ 84%] [32m[1mLinking C shared library rosidl_generator_py/ei_interfaces/libei_interfaces__rosidl_generator_py.so[0m
[2.493s] [ 84%] Built target ei_interfaces__rosidl_generator_py
[2.504s] [ 92%] [32mBuilding C object CMakeFiles/ei_interfaces__rosidl_typesupport_c__pyext.dir/rosidl_generator_py/ei_interfaces/_ei_interfaces_s.ep.rosidl_typesupport_c.c.o[0m
[2.504s] [ 92%] [32mBuilding C object CMakeFiles/ei_interfaces__rosidl_typesupport_introspection_c__pyext.dir/rosidl_generator_py/ei_interfaces/_ei_interfaces_s.ep.rosidl_typesupport_introspection_c.c.o[0m
[2.505s] [ 92%] [32mBuilding C object CMakeFiles/ei_interfaces__rosidl_typesupport_fastrtps_c__pyext.dir/rosidl_generator_py/ei_interfaces/_ei_interfaces_s.ep.rosidl_typesupport_fastrtps_c.c.o[0m
[2.560s] [ 94%] [32m[1mLinking C shared library rosidl_generator_py/ei_interfaces/ei_interfaces_s__rosidl_typesupport_c.cpython-310-x86_64-linux-gnu.so[0m
[2.560s] [ 97%] [32m[1mLinking C shared library rosidl_generator_py/ei_interfaces/ei_interfaces_s__rosidl_typesupport_introspection_c.cpython-310-x86_64-linux-gnu.so[0m
[2.560s] [100%] [32m[1mLinking C shared library rosidl_generator_py/ei_interfaces/ei_interfaces_s__rosidl_typesupport_fastrtps_c.cpython-310-x86_64-linux-gnu.so[0m
[2.578s] [100%] Built target ei_interfaces__rosidl_typesupport_fastrtps_c__pyext
[2.578s] [100%] Built target ei_interfaces__rosidl_typesupport_introspection_c__pyext
[2.578s] [100%] Built target ei_interfaces__rosidl_typesupport_c__pyext
[2.585s] Invoked command in '/home/avi/ros2_ws/build/ei_interfaces' returned '0': CMAKE_PREFIX_PATH=/opt/ros/humble /usr/bin/cmake --build /home/avi/ros2_ws/build/ei_interfaces -- -j8 -l8
[2.623s] Invoking command in '/home/avi/ros2_ws/build/ei_interfaces': CMAKE_PREFIX_PATH=/opt/ros/humble /usr/bin/cmake --install /home/avi/ros2_ws/build/ei_interfaces
[2.627s] -- Install configuration: ""
[2.627s] -- Installing: /home/avi/ros2_ws/install/ei_interfaces/share/ament_index/resource_index/rosidl_interfaces/ei_interfaces
[2.627s] -- Installing: /home/avi/ros2_ws/install/ei_interfaces/include/ei_interfaces/ei_interfaces
[2.628s] -- Installing: /home/avi/ros2_ws/install/ei_interfaces/include/ei_interfaces/ei_interfaces/msg
[2.628s] -- Installing: /home/avi/ros2_ws/install/ei_interfaces/include/ei_interfaces/ei_interfaces/msg/ei_classification.h
[2.628s] -- Installing: /home/avi/ros2_ws/install/ei_interfaces/include/ei_interfaces/ei_interfaces/msg/ei_result.h
[2.628s] -- Installing: /home/avi/ros2_ws/install/ei_interfaces/include/ei_interfaces/ei_interfaces/msg/detail
[2.628s] -- Installing: /home/avi/ros2_ws/install/ei_interfaces/include/ei_interfaces/ei_interfaces/msg/detail/ei_classification__struct.h
[2.628s] -- Installing: /home/avi/ros2_ws/install/ei_interfaces/include/ei_interfaces/ei_interfaces/msg/detail/ei_classification__type_support.h
[2.628s] -- Installing: /home/avi/ros2_ws/install/ei_interfaces/include/ei_interfaces/ei_interfaces/msg/detail/ei_result__struct.h
[2.628s] -- Installing: /home/avi/ros2_ws/install/ei_interfaces/include/ei_interfaces/ei_interfaces/msg/detail/ei_classification__functions.h
[2.628s] -- Installing: /home/avi/ros2_ws/install/ei_interfaces/include/ei_interfaces/ei_interfaces/msg/detail/ei_result__functions.h
[2.628s] -- Installing: /home/avi/ros2_ws/install/ei_interfaces/include/ei_interfaces/ei_interfaces/msg/detail/ei_result__functions.c
[2.628s] -- Installing: /home/avi/ros2_ws/install/ei_interfaces/include/ei_interfaces/ei_interfaces/msg/detail/ei_classification__functions.c
[2.628s] -- Installing: /home/avi/ros2_ws/install/ei_interfaces/include/ei_interfaces/ei_interfaces/msg/detail/ei_result__type_support.h
[2.629s] -- Installing: /home/avi/ros2_ws/install/ei_interfaces/include/ei_interfaces/ei_interfaces/msg/rosidl_generator_c__visibility_control.h
[2.629s] -- Installing: /home/avi/ros2_ws/install/ei_interfaces/share/ei_interfaces/environment/library_path.sh
[2.629s] -- Installing: /home/avi/ros2_ws/install/ei_interfaces/share/ei_interfaces/environment/library_path.dsv
[2.629s] -- Installing: /home/avi/ros2_ws/install/ei_interfaces/lib/libei_interfaces__rosidl_generator_c.so
[2.629s] -- Set runtime path of "/home/avi/ros2_ws/install/ei_interfaces/lib/libei_interfaces__rosidl_generator_c.so" to ""
[2.629s] -- Up-to-date: /home/avi/ros2_ws/install/ei_interfaces/include/ei_interfaces/ei_interfaces
[2.629s] -- Up-to-date: /home/avi/ros2_ws/install/ei_interfaces/include/ei_interfaces/ei_interfaces/msg
[2.629s] -- Installing: /home/avi/ros2_ws/install/ei_interfaces/include/ei_interfaces/ei_interfaces/msg/rosidl_typesupport_fastrtps_c__visibility_control.h
[2.629s] -- Up-to-date: /home/avi/ros2_ws/install/ei_interfaces/include/ei_interfaces/ei_interfaces/msg/detail
[2.629s] -- Installing: /home/avi/ros2_ws/install/ei_interfaces/include/ei_interfaces/ei_interfaces/msg/detail/ei_classification__rosidl_typesupport_fastrtps_c.h
[2.629s] -- Installing: /home/avi/ros2_ws/install/ei_interfaces/include/ei_interfaces/ei_interfaces/msg/detail/ei_result__rosidl_typesupport_fastrtps_c.h
[2.630s] -- Installing: /home/avi/ros2_ws/install/ei_interfaces/lib/libei_interfaces__rosidl_typesupport_fastrtps_c.so
[2.630s] -- Set runtime path of "/home/avi/ros2_ws/install/ei_interfaces/lib/libei_interfaces__rosidl_typesupport_fastrtps_c.so" to ""
[2.630s] -- Up-to-date: /home/avi/ros2_ws/install/ei_interfaces/include/ei_interfaces/ei_interfaces
[2.630s] -- Up-to-date: /home/avi/ros2_ws/install/ei_interfaces/include/ei_interfaces/ei_interfaces/msg
[2.630s] -- Up-to-date: /home/avi/ros2_ws/install/ei_interfaces/include/ei_interfaces/ei_interfaces/msg/detail
[2.630s] -- Installing: /home/avi/ros2_ws/install/ei_interfaces/include/ei_interfaces/ei_interfaces/msg/detail/ei_classification__rosidl_typesupport_introspection_c.h
[2.630s] -- Installing: /home/avi/ros2_ws/install/ei_interfaces/include/ei_interfaces/ei_interfaces/msg/detail/ei_result__type_support.c
[2.630s] -- Installing: /home/avi/ros2_ws/install/ei_interfaces/include/ei_interfaces/ei_interfaces/msg/detail/ei_classification__type_support.c
[2.630s] -- Installing: /home/avi/ros2_ws/install/ei_interfaces/include/ei_interfaces/ei_interfaces/msg/detail/ei_result__rosidl_typesupport_introspection_c.h
[2.630s] -- Installing: /home/avi/ros2_ws/install/ei_interfaces/include/ei_interfaces/ei_interfaces/msg/rosidl_typesupport_introspection_c__visibility_control.h
[2.631s] -- Installing: /home/avi/ros2_ws/install/ei_interfaces/lib/libei_interfaces__rosidl_typesupport_introspection_c.so
[2.631s] -- Set runtime path of "/home/avi/ros2_ws/install/ei_interfaces/lib/libei_interfaces__rosidl_typesupport_introspection_c.so" to ""
[2.631s] -- Installing: /home/avi/ros2_ws/install/ei_interfaces/lib/libei_interfaces__rosidl_typesupport_c.so
[2.631s] -- Set runtime path of "/home/avi/ros2_ws/install/ei_interfaces/lib/libei_interfaces__rosidl_typesupport_c.so" to ""
[2.631s] -- Up-to-date: /home/avi/ros2_ws/install/ei_interfaces/include/ei_interfaces/ei_interfaces
[2.631s] -- Up-to-date: /home/avi/ros2_ws/install/ei_interfaces/include/ei_interfaces/ei_interfaces/msg
[2.631s] -- Installing: /home/avi/ros2_ws/install/ei_interfaces/include/ei_interfaces/ei_interfaces/msg/ei_result.hpp
[2.631s] -- Up-to-date: /home/avi/ros2_ws/install/ei_interfaces/include/ei_interfaces/ei_interfaces/msg/detail
[2.631s] -- Installing: /home/avi/ros2_ws/install/ei_interfaces/include/ei_interfaces/ei_interfaces/msg/detail/ei_classification__struct.hpp
[2.631s] -- Installing: /home/avi/ros2_ws/install/ei_interfaces/include/ei_interfaces/ei_interfaces/msg/detail/ei_result__struct.hpp
[2.631s] -- Installing: /home/avi/ros2_ws/install/ei_interfaces/include/ei_interfaces/ei_interfaces/msg/detail/ei_classification__builder.hpp
[2.631s] -- Installing: /home/avi/ros2_ws/install/ei_interfaces/include/ei_interfaces/ei_interfaces/msg/detail/ei_result__builder.hpp
[2.631s] -- Installing: /home/avi/ros2_ws/install/ei_interfaces/include/ei_interfaces/ei_interfaces/msg/detail/ei_classification__traits.hpp
[2.632s] -- Installing: /home/avi/ros2_ws/install/ei_interfaces/include/ei_interfaces/ei_interfaces/msg/detail/ei_result__traits.hpp
[2.632s] -- Installing: /home/avi/ros2_ws/install/ei_interfaces/include/ei_interfaces/ei_interfaces/msg/ei_classification.hpp
[2.632s] -- Up-to-date: /home/avi/ros2_ws/install/ei_interfaces/include/ei_interfaces/ei_interfaces
[2.632s] -- Up-to-date: /home/avi/ros2_ws/install/ei_interfaces/include/ei_interfaces/ei_interfaces/msg
[2.632s] -- Up-to-date: /home/avi/ros2_ws/install/ei_interfaces/include/ei_interfaces/ei_interfaces/msg/detail
[2.632s] -- Installing: /home/avi/ros2_ws/install/ei_interfaces/include/ei_interfaces/ei_interfaces/msg/detail/ei_result__rosidl_typesupport_fastrtps_cpp.hpp
[2.632s] -- Installing: /home/avi/ros2_ws/install/ei_interfaces/include/ei_interfaces/ei_interfaces/msg/detail/dds_fastrtps
[2.632s] -- Installing: /home/avi/ros2_ws/install/ei_interfaces/include/ei_interfaces/ei_interfaces/msg/detail/ei_classification__rosidl_typesupport_fastrtps_cpp.hpp
[2.632s] -- Installing: /home/avi/ros2_ws/install/ei_interfaces/include/ei_interfaces/ei_interfaces/msg/rosidl_typesupport_fastrtps_cpp__visibility_control.h
[2.632s] -- Installing: /home/avi/ros2_ws/install/ei_interfaces/lib/libei_interfaces__rosidl_typesupport_fastrtps_cpp.so
[2.632s] -- Set runtime path of "/home/avi/ros2_ws/install/ei_interfaces/lib/libei_interfaces__rosidl_typesupport_fastrtps_cpp.so" to ""
[2.632s] -- Up-to-date: /home/avi/ros2_ws/install/ei_interfaces/include/ei_interfaces/ei_interfaces
[2.632s] -- Up-to-date: /home/avi/ros2_ws/install/ei_interfaces/include/ei_interfaces/ei_interfaces/msg
[2.632s] -- Up-to-date: /home/avi/ros2_ws/install/ei_interfaces/include/ei_interfaces/ei_interfaces/msg/detail
[2.632s] -- Installing: /home/avi/ros2_ws/install/ei_interfaces/include/ei_interfaces/ei_interfaces/msg/detail/ei_result__rosidl_typesupport_introspection_cpp.hpp
[2.633s] -- Installing: /home/avi/ros2_ws/install/ei_interfaces/include/ei_interfaces/ei_interfaces/msg/detail/ei_result__type_support.cpp
[2.633s] -- Installing: /home/avi/ros2_ws/install/ei_interfaces/include/ei_interfaces/ei_interfaces/msg/detail/ei_classification__rosidl_typesupport_introspection_cpp.hpp
[2.633s] -- Installing: /home/avi/ros2_ws/install/ei_interfaces/include/ei_interfaces/ei_interfaces/msg/detail/ei_classification__type_support.cpp
[2.633s] -- Installing: /home/avi/ros2_ws/install/ei_interfaces/lib/libei_interfaces__rosidl_typesupport_introspection_cpp.so
[2.633s] -- Set runtime path of "/home/avi/ros2_ws/install/ei_interfaces/lib/libei_interfaces__rosidl_typesupport_introspection_cpp.so" to ""
[2.633s] -- Installing: /home/avi/ros2_ws/install/ei_interfaces/lib/libei_interfaces__rosidl_typesupport_cpp.so
[2.633s] -- Set runtime path of "/home/avi/ros2_ws/install/ei_interfaces/lib/libei_interfaces__rosidl_typesupport_cpp.so" to ""
[2.633s] -- Installing: /home/avi/ros2_ws/install/ei_interfaces/share/ei_interfaces/environment/pythonpath.sh
[2.633s] -- Installing: /home/avi/ros2_ws/install/ei_interfaces/share/ei_interfaces/environment/pythonpath.dsv
[2.633s] -- Installing: /home/avi/ros2_ws/install/ei_interfaces/local/lib/python3.10/dist-packages/ei_interfaces-0.0.0-py3.10.egg-info
[2.634s] -- Installing: /home/avi/ros2_ws/install/ei_interfaces/local/lib/python3.10/dist-packages/ei_interfaces-0.0.0-py3.10.egg-info/top_level.txt
[2.634s] -- Installing: /home/avi/ros2_ws/install/ei_interfaces/local/lib/python3.10/dist-packages/ei_interfaces-0.0.0-py3.10.egg-info/PKG-INFO
[2.634s] -- Installing: /home/avi/ros2_ws/install/ei_interfaces/local/lib/python3.10/dist-packages/ei_interfaces-0.0.0-py3.10.egg-info/dependency_links.txt
[2.634s] -- Installing: /home/avi/ros2_ws/install/ei_interfaces/local/lib/python3.10/dist-packages/ei_interfaces-0.0.0-py3.10.egg-info/SOURCES.txt
[2.634s] -- Installing: /home/avi/ros2_ws/install/ei_interfaces/local/lib/python3.10/dist-packages/ei_interfaces
[2.634s] -- Installing: /home/avi/ros2_ws/install/ei_interfaces/local/lib/python3.10/dist-packages/ei_interfaces/_ei_interfaces_s.ep.rosidl_typesupport_fastrtps_c.c
[2.634s] -- Installing: /home/avi/ros2_ws/install/ei_interfaces/local/lib/python3.10/dist-packages/ei_interfaces/__init__.py
[2.634s] -- Installing: /home/avi/ros2_ws/install/ei_interfaces/local/lib/python3.10/dist-packages/ei_interfaces/libei_interfaces__rosidl_generator_py.so
[2.634s] -- Installing: /home/avi/ros2_ws/install/ei_interfaces/local/lib/python3.10/dist-packages/ei_interfaces/_ei_interfaces_s.ep.rosidl_typesupport_c.c
[2.634s] -- Installing: /home/avi/ros2_ws/install/ei_interfaces/local/lib/python3.10/dist-packages/ei_interfaces/ei_interfaces_s__rosidl_typesupport_fastrtps_c.cpython-310-x86_64-linux-gnu.so
[2.634s] -- Installing: /home/avi/ros2_ws/install/ei_interfaces/local/lib/python3.10/dist-packages/ei_interfaces/ei_interfaces_s__rosidl_typesupport_introspection_c.cpython-310-x86_64-linux-gnu.so
[2.634s] -- Installing: /home/avi/ros2_ws/install/ei_interfaces/local/lib/python3.10/dist-packages/ei_interfaces/ei_interfaces_s__rosidl_typesupport_c.cpython-310-x86_64-linux-gnu.so
[2.634s] -- Installing: /home/avi/ros2_ws/install/ei_interfaces/local/lib/python3.10/dist-packages/ei_interfaces/_ei_interfaces_s.ep.rosidl_typesupport_introspection_c.c
[2.635s] -- Installing: /home/avi/ros2_ws/install/ei_interfaces/local/lib/python3.10/dist-packages/ei_interfaces/msg
[2.635s] -- Installing: /home/avi/ros2_ws/install/ei_interfaces/local/lib/python3.10/dist-packages/ei_interfaces/msg/_ei_result_s.c
[2.635s] -- Installing: /home/avi/ros2_ws/install/ei_interfaces/local/lib/python3.10/dist-packages/ei_interfaces/msg/_ei_result.py
[2.635s] -- Installing: /home/avi/ros2_ws/install/ei_interfaces/local/lib/python3.10/dist-packages/ei_interfaces/msg/__init__.py
[2.635s] -- Installing: /home/avi/ros2_ws/install/ei_interfaces/local/lib/python3.10/dist-packages/ei_interfaces/msg/_ei_classification.py
[2.635s] -- Installing: /home/avi/ros2_ws/install/ei_interfaces/local/lib/python3.10/dist-packages/ei_interfaces/msg/_ei_classification_s.c
[2.655s] Listing '/home/avi/ros2_ws/install/ei_interfaces/local/lib/python3.10/dist-packages/ei_interfaces'...
[2.655s] Compiling '/home/avi/ros2_ws/install/ei_interfaces/local/lib/python3.10/dist-packages/ei_interfaces/__init__.py'...
[2.655s] Listing '/home/avi/ros2_ws/install/ei_interfaces/local/lib/python3.10/dist-packages/ei_interfaces/msg'...
[2.655s] Compiling '/home/avi/ros2_ws/install/ei_interfaces/local/lib/python3.10/dist-packages/ei_interfaces/msg/__init__.py'...
[2.655s] Compiling '/home/avi/ros2_ws/install/ei_interfaces/local/lib/python3.10/dist-packages/ei_interfaces/msg/_ei_classification.py'...
[2.655s] Compiling '/home/avi/ros2_ws/install/ei_interfaces/local/lib/python3.10/dist-packages/ei_interfaces/msg/_ei_result.py'...
[2.658s] -- Installing: /home/avi/ros2_ws/install/ei_interfaces/local/lib/python3.10/dist-packages/ei_interfaces/ei_interfaces_s__rosidl_typesupport_fastrtps_c.cpython-310-x86_64-linux-gnu.so
[2.658s] -- Set runtime path of "/home/avi/ros2_ws/install/ei_interfaces/local/lib/python3.10/dist-packages/ei_interfaces/ei_interfaces_s__rosidl_typesupport_fastrtps_c.cpython-310-x86_64-linux-gnu.so" to ""
[2.658s] -- Installing: /home/avi/ros2_ws/install/ei_interfaces/local/lib/python3.10/dist-packages/ei_interfaces/ei_interfaces_s__rosidl_typesupport_introspection_c.cpython-310-x86_64-linux-gnu.so
[2.658s] -- Set runtime path of "/home/avi/ros2_ws/install/ei_interfaces/local/lib/python3.10/dist-packages/ei_interfaces/ei_interfaces_s__rosidl_typesupport_introspection_c.cpython-310-x86_64-linux-gnu.so" to ""
[2.658s] -- Installing: /home/avi/ros2_ws/install/ei_interfaces/local/lib/python3.10/dist-packages/ei_interfaces/ei_interfaces_s__rosidl_typesupport_c.cpython-310-x86_64-linux-gnu.so
[2.659s] -- Set runtime path of "/home/avi/ros2_ws/install/ei_interfaces/local/lib/python3.10/dist-packages/ei_interfaces/ei_interfaces_s__rosidl_typesupport_c.cpython-310-x86_64-linux-gnu.so" to ""
[2.659s] -- Installing: /home/avi/ros2_ws/install/ei_interfaces/lib/libei_interfaces__rosidl_generator_py.so
[2.659s] -- Set runtime path of "/home/avi/ros2_ws/install/ei_interfaces/lib/libei_interfaces__rosidl_generator_py.so" to ""
[2.659s] -- Installing: /home/avi/ros2_ws/install/ei_interfaces/share/ei_interfaces/msg/EIClassification.idl
[2.659s] -- Installing: /home/avi/ros2_ws/install/ei_interfaces/share/ei_interfaces/msg/EIResult.idl
[2.659s] -- Installing: /home/avi/ros2_ws/install/ei_interfaces/share/ei_interfaces/msg/EIClassification.msg
[2.659s] -- Installing: /home/avi/ros2_ws/install/ei_interfaces/share/ei_interfaces/msg/EIResult.msg
[2.659s] -- Installing: /home/avi/ros2_ws/install/ei_interfaces/share/ament_index/resource_index/package_run_dependencies/ei_interfaces
[2.660s] -- Installing: /home/avi/ros2_ws/install/ei_interfaces/share/ament_index/resource_index/parent_prefix_path/ei_interfaces
[2.660s] -- Installing: /home/avi/ros2_ws/install/ei_interfaces/share/ei_interfaces/environment/ament_prefix_path.sh
[2.660s] -- Installing: /home/avi/ros2_ws/install/ei_interfaces/share/ei_interfaces/environment/ament_prefix_path.dsv
[2.660s] -- Installing: /home/avi/ros2_ws/install/ei_interfaces/share/ei_interfaces/environment/path.sh
[2.660s] -- Installing: /home/avi/ros2_ws/install/ei_interfaces/share/ei_interfaces/environment/path.dsv
[2.660s] -- Installing: /home/avi/ros2_ws/install/ei_interfaces/share/ei_interfaces/local_setup.bash
[2.660s] -- Installing: /home/avi/ros2_ws/install/ei_interfaces/share/ei_interfaces/local_setup.sh
[2.660s] -- Installing: /home/avi/ros2_ws/install/ei_interfaces/share/ei_interfaces/local_setup.zsh
[2.660s] -- Installing: /home/avi/ros2_ws/install/ei_interfaces/share/ei_interfaces/local_setup.dsv
[2.660s] -- Installing: /home/avi/ros2_ws/install/ei_interfaces/share/ei_interfaces/package.dsv
[2.660s] -- Installing: /home/avi/ros2_ws/install/ei_interfaces/share/ament_index/resource_index/packages/ei_interfaces
[2.661s] -- Installing: /home/avi/ros2_ws/install/ei_interfaces/share/ei_interfaces/cmake/export_ei_interfaces__rosidl_generator_cExport.cmake
[2.661s] -- Installing: /home/avi/ros2_ws/install/ei_interfaces/share/ei_interfaces/cmake/export_ei_interfaces__rosidl_generator_cExport-noconfig.cmake
[2.661s] -- Installing: /home/avi/ros2_ws/install/ei_interfaces/share/ei_interfaces/cmake/export_ei_interfaces__rosidl_typesupport_fastrtps_cExport.cmake
[2.661s] -- Installing: /home/avi/ros2_ws/install/ei_interfaces/share/ei_interfaces/cmake/export_ei_interfaces__rosidl_typesupport_fastrtps_cExport-noconfig.cmake
[2.661s] -- Installing: /home/avi/ros2_ws/install/ei_interfaces/share/ei_interfaces/cmake/ei_interfaces__rosidl_typesupport_introspection_cExport.cmake
[2.661s] -- Installing: /home/avi/ros2_ws/install/ei_interfaces/share/ei_interfaces/cmake/ei_interfaces__rosidl_typesupport_introspection_cExport-noconfig.cmake
[2.661s] -- Installing: /home/avi/ros2_ws/install/ei_interfaces/share/ei_interfaces/cmake/ei_interfaces__rosidl_typesupport_cExport.cmake
[2.661s] -- Installing: /home/avi/ros2_ws/install/ei_interfaces/share/ei_interfaces/cmake/ei_interfaces__rosidl_typesupport_cExport-noconfig.cmake
[2.661s] -- Installing: /home/avi/ros2_ws/install/ei_interfaces/share/ei_interfaces/cmake/export_ei_interfaces__rosidl_generator_cppExport.cmake
[2.661s] -- Installing: /home/avi/ros2_ws/install/ei_interfaces/share/ei_interfaces/cmake/export_ei_interfaces__rosidl_typesupport_fastrtps_cppExport.cmake
[2.662s] -- Installing: /home/avi/ros2_ws/install/ei_interfaces/share/ei_interfaces/cmake/export_ei_interfaces__rosidl_typesupport_fastrtps_cppExport-noconfig.cmake
[2.662s] -- Installing: /home/avi/ros2_ws/install/ei_interfaces/share/ei_interfaces/cmake/ei_interfaces__rosidl_typesupport_introspection_cppExport.cmake
[2.662s] -- Installing: /home/avi/ros2_ws/install/ei_interfaces/share/ei_interfaces/cmake/ei_interfaces__rosidl_typesupport_introspection_cppExport-noconfig.cmake
[2.662s] -- Installing: /home/avi/ros2_ws/install/ei_interfaces/share/ei_interfaces/cmake/ei_interfaces__rosidl_typesupport_cppExport.cmake
[2.662s] -- Installing: /home/avi/ros2_ws/install/ei_interfaces/share/ei_interfaces/cmake/ei_interfaces__rosidl_typesupport_cppExport-noconfig.cmake
[2.662s] -- Installing: /home/avi/ros2_ws/install/ei_interfaces/share/ei_interfaces/cmake/export_ei_interfaces__rosidl_generator_pyExport.cmake
[2.662s] -- Installing: /home/avi/ros2_ws/install/ei_interfaces/share/ei_interfaces/cmake/export_ei_interfaces__rosidl_generator_pyExport-noconfig.cmake
[2.662s] -- Installing: /home/avi/ros2_ws/install/ei_interfaces/share/ei_interfaces/cmake/rosidl_cmake-extras.cmake
[2.662s] -- Installing: /home/avi/ros2_ws/install/ei_interfaces/share/ei_interfaces/cmake/ament_cmake_export_include_directories-extras.cmake
[2.662s] -- Installing: /home/avi/ros2_ws/install/ei_interfaces/share/ei_interfaces/cmake/ament_cmake_export_libraries-extras.cmake
[2.662s] -- Installing: /home/avi/ros2_ws/install/ei_interfaces/share/ei_interfaces/cmake/ament_cmake_export_targets-extras.cmake
[2.663s] -- Installing: /home/avi/ros2_ws/install/ei_interfaces/share/ei_interfaces/cmake/rosidl_cmake_export_typesupport_targets-extras.cmake
[2.663s] -- Installing: /home/avi/ros2_ws/install/ei_interfaces/share/ei_interfaces/cmake/ament_cmake_export_dependencies-extras.cmake
[2.663s] -- Installing: /home/avi/ros2_ws/install/ei_interfaces/share/ei_interfaces/cmake/rosidl_cmake_export_typesupport_libraries-extras.cmake
[2.663s] -- Installing: /home/avi/ros2_ws/install/ei_interfaces/share/ei_interfaces/cmake/ei_interfacesConfig.cmake
[2.663s] -- Installing: /home/avi/ros2_ws/install/ei_interfaces/share/ei_interfaces/cmake/ei_interfacesConfig-version.cmake
[2.663s] -- Installing: /home/avi/ros2_ws/install/ei_interfaces/share/ei_interfaces/package.xml
[2.665s] Invoked command in '/home/avi/ros2_ws/build/ei_interfaces' returned '0': CMAKE_PREFIX_PATH=/opt/ros/humble /usr/bin/cmake --install /home/avi/ros2_ws/build/ei_interfaces
