[0.011s] Invoking command in '/home/avi/ros2_ws/build/ei_interfaces': CMAKE_PREFIX_PATH=${CMAKE_PREFIX_PATH}:/opt/ros/humble /usr/bin/cmake --build /home/avi/ros2_ws/build/ei_interfaces -- -j8 -l8
[0.088s] [35m[1mConsolidate compiler generated dependencies of target ei_interfaces__rosidl_generator_c[0m
[0.093s] [  2%] Built target ei_interfaces__cpp
[0.097s] [ 12%] Built target ei_interfaces__rosidl_generator_c
[0.100s] [ 12%] Built target ament_cmake_python_copy_ei_interfaces
[0.102s] [35m[1mConsolidate compiler generated dependencies of target ei_interfaces__rosidl_typesupport_fastrtps_cpp[0m
[0.102s] [35m[1mConsolidate compiler generated dependencies of target ei_interfaces__rosidl_typesupport_cpp[0m
[0.102s] [35m[1mConsolidate compiler generated dependencies of target ei_interfaces__rosidl_typesupport_introspection_cpp[0m
[0.106s] [35m[1mConsolidate compiler generated dependencies of target ei_interfaces__rosidl_typesupport_introspection_c[0m
[0.106s] [35m[1mConsolidate compiler generated dependencies of target ei_interfaces__rosidl_typesupport_fastrtps_c[0m
[0.106s] [35m[1mConsolidate compiler generated dependencies of target ei_interfaces__rosidl_typesupport_c[0m
[0.114s] [ 33%] Built target ei_interfaces__rosidl_typesupport_c
[0.115s] [ 33%] Built target ei_interfaces__rosidl_typesupport_introspection_c
[0.117s] [ 43%] Built target ei_interfaces__rosidl_typesupport_introspection_cpp
[0.117s] [ 61%] Built target ei_interfaces__rosidl_typesupport_fastrtps_cpp
[0.117s] [ 64%] Built target ei_interfaces__rosidl_typesupport_fastrtps_c
[0.117s] [ 74%] Built target ei_interfaces__rosidl_typesupport_cpp
[0.129s] [ 74%] Built target ei_interfaces
[0.142s] [ 76%] Built target ei_interfaces__py
[0.150s] [35m[1mConsolidate compiler generated dependencies of target ei_interfaces__rosidl_generator_py[0m
[0.159s] [ 84%] Built target ei_interfaces__rosidl_generator_py
[0.166s] [35m[1mConsolidate compiler generated dependencies of target ei_interfaces__rosidl_typesupport_fastrtps_c__pyext[0m
[0.166s] [35m[1mConsolidate compiler generated dependencies of target ei_interfaces__rosidl_typesupport_c__pyext[0m
[0.166s] [35m[1mConsolidate compiler generated dependencies of target ei_interfaces__rosidl_typesupport_introspection_c__pyext[0m
[0.173s] [100%] Built target ei_interfaces__rosidl_typesupport_introspection_c__pyext
[0.173s] [100%] Built target ei_interfaces__rosidl_typesupport_fastrtps_c__pyext
[0.173s] [100%] Built target ei_interfaces__rosidl_typesupport_c__pyext
[0.245s] running egg_info
[0.245s] writing ei_interfaces.egg-info/PKG-INFO
[0.246s] writing dependency_links to ei_interfaces.egg-info/dependency_links.txt
[0.246s] writing top-level names to ei_interfaces.egg-info/top_level.txt
[0.247s] reading manifest file 'ei_interfaces.egg-info/SOURCES.txt'
[0.248s] writing manifest file 'ei_interfaces.egg-info/SOURCES.txt'
[0.263s] [100%] Built target ament_cmake_python_build_ei_interfaces_egg
[0.270s] Invoked command in '/home/avi/ros2_ws/build/ei_interfaces' returned '0': CMAKE_PREFIX_PATH=${CMAKE_PREFIX_PATH}:/opt/ros/humble /usr/bin/cmake --build /home/avi/ros2_ws/build/ei_interfaces -- -j8 -l8
[0.311s] Invoking command in '/home/avi/ros2_ws/build/ei_interfaces': CMAKE_PREFIX_PATH=${CMAKE_PREFIX_PATH}:/opt/ros/humble /usr/bin/cmake --install /home/avi/ros2_ws/build/ei_interfaces
[0.316s] -- Install configuration: ""
[0.317s] -- Up-to-date: /home/avi/ros2_ws/install/ei_interfaces/share/ament_index/resource_index/rosidl_interfaces/ei_interfaces
[0.317s] -- Up-to-date: /home/avi/ros2_ws/install/ei_interfaces/include/ei_interfaces/ei_interfaces
[0.317s] -- Up-to-date: /home/avi/ros2_ws/install/ei_interfaces/include/ei_interfaces/ei_interfaces/msg
[0.317s] -- Up-to-date: /home/avi/ros2_ws/install/ei_interfaces/include/ei_interfaces/ei_interfaces/msg/ei_classification.h
[0.317s] -- Up-to-date: /home/avi/ros2_ws/install/ei_interfaces/include/ei_interfaces/ei_interfaces/msg/ei_result.h
[0.317s] -- Up-to-date: /home/avi/ros2_ws/install/ei_interfaces/include/ei_interfaces/ei_interfaces/msg/detail
[0.317s] -- Up-to-date: /home/avi/ros2_ws/install/ei_interfaces/include/ei_interfaces/ei_interfaces/msg/detail/ei_classification__struct.h
[0.317s] -- Up-to-date: /home/avi/ros2_ws/install/ei_interfaces/include/ei_interfaces/ei_interfaces/msg/detail/ei_classification__type_support.h
[0.317s] -- Up-to-date: /home/avi/ros2_ws/install/ei_interfaces/include/ei_interfaces/ei_interfaces/msg/detail/ei_result__struct.h
[0.317s] -- Up-to-date: /home/avi/ros2_ws/install/ei_interfaces/include/ei_interfaces/ei_interfaces/msg/detail/ei_classification__functions.h
[0.317s] -- Up-to-date: /home/avi/ros2_ws/install/ei_interfaces/include/ei_interfaces/ei_interfaces/msg/detail/ei_result__functions.h
[0.317s] -- Up-to-date: /home/avi/ros2_ws/install/ei_interfaces/include/ei_interfaces/ei_interfaces/msg/detail/ei_result__functions.c
[0.318s] -- Up-to-date: /home/avi/ros2_ws/install/ei_interfaces/include/ei_interfaces/ei_interfaces/msg/detail/ei_classification__functions.c
[0.318s] -- Up-to-date: /home/avi/ros2_ws/install/ei_interfaces/include/ei_interfaces/ei_interfaces/msg/detail/ei_result__type_support.h
[0.318s] -- Up-to-date: /home/avi/ros2_ws/install/ei_interfaces/include/ei_interfaces/ei_interfaces/msg/rosidl_generator_c__visibility_control.h
[0.318s] -- Up-to-date: /home/avi/ros2_ws/install/ei_interfaces/share/ei_interfaces/environment/library_path.sh
[0.318s] -- Up-to-date: /home/avi/ros2_ws/install/ei_interfaces/share/ei_interfaces/environment/library_path.dsv
[0.318s] -- Up-to-date: /home/avi/ros2_ws/install/ei_interfaces/lib/libei_interfaces__rosidl_generator_c.so
[0.318s] -- Up-to-date: /home/avi/ros2_ws/install/ei_interfaces/include/ei_interfaces/ei_interfaces
[0.318s] -- Up-to-date: /home/avi/ros2_ws/install/ei_interfaces/include/ei_interfaces/ei_interfaces/msg
[0.318s] -- Up-to-date: /home/avi/ros2_ws/install/ei_interfaces/include/ei_interfaces/ei_interfaces/msg/rosidl_typesupport_fastrtps_c__visibility_control.h
[0.318s] -- Up-to-date: /home/avi/ros2_ws/install/ei_interfaces/include/ei_interfaces/ei_interfaces/msg/detail
[0.318s] -- Up-to-date: /home/avi/ros2_ws/install/ei_interfaces/include/ei_interfaces/ei_interfaces/msg/detail/ei_classification__rosidl_typesupport_fastrtps_c.h
[0.318s] -- Up-to-date: /home/avi/ros2_ws/install/ei_interfaces/include/ei_interfaces/ei_interfaces/msg/detail/ei_result__rosidl_typesupport_fastrtps_c.h
[0.318s] -- Up-to-date: /home/avi/ros2_ws/install/ei_interfaces/lib/libei_interfaces__rosidl_typesupport_fastrtps_c.so
[0.318s] -- Up-to-date: /home/avi/ros2_ws/install/ei_interfaces/include/ei_interfaces/ei_interfaces
[0.318s] -- Up-to-date: /home/avi/ros2_ws/install/ei_interfaces/include/ei_interfaces/ei_interfaces/msg
[0.318s] -- Up-to-date: /home/avi/ros2_ws/install/ei_interfaces/include/ei_interfaces/ei_interfaces/msg/detail
[0.318s] -- Up-to-date: /home/avi/ros2_ws/install/ei_interfaces/include/ei_interfaces/ei_interfaces/msg/detail/ei_classification__rosidl_typesupport_introspection_c.h
[0.318s] -- Up-to-date: /home/avi/ros2_ws/install/ei_interfaces/include/ei_interfaces/ei_interfaces/msg/detail/ei_result__type_support.c
[0.318s] -- Up-to-date: /home/avi/ros2_ws/install/ei_interfaces/include/ei_interfaces/ei_interfaces/msg/detail/ei_classification__type_support.c
[0.319s] -- Up-to-date: /home/avi/ros2_ws/install/ei_interfaces/include/ei_interfaces/ei_interfaces/msg/detail/ei_result__rosidl_typesupport_introspection_c.h
[0.319s] -- Up-to-date: /home/avi/ros2_ws/install/ei_interfaces/include/ei_interfaces/ei_interfaces/msg/rosidl_typesupport_introspection_c__visibility_control.h
[0.319s] -- Up-to-date: /home/avi/ros2_ws/install/ei_interfaces/lib/libei_interfaces__rosidl_typesupport_introspection_c.so
[0.319s] -- Up-to-date: /home/avi/ros2_ws/install/ei_interfaces/lib/libei_interfaces__rosidl_typesupport_c.so
[0.319s] -- Up-to-date: /home/avi/ros2_ws/install/ei_interfaces/include/ei_interfaces/ei_interfaces
[0.319s] -- Up-to-date: /home/avi/ros2_ws/install/ei_interfaces/include/ei_interfaces/ei_interfaces/msg
[0.319s] -- Up-to-date: /home/avi/ros2_ws/install/ei_interfaces/include/ei_interfaces/ei_interfaces/msg/ei_result.hpp
[0.319s] -- Up-to-date: /home/avi/ros2_ws/install/ei_interfaces/include/ei_interfaces/ei_interfaces/msg/detail
[0.319s] -- Up-to-date: /home/avi/ros2_ws/install/ei_interfaces/include/ei_interfaces/ei_interfaces/msg/detail/ei_classification__struct.hpp
[0.319s] -- Up-to-date: /home/avi/ros2_ws/install/ei_interfaces/include/ei_interfaces/ei_interfaces/msg/detail/ei_result__struct.hpp
[0.319s] -- Up-to-date: /home/avi/ros2_ws/install/ei_interfaces/include/ei_interfaces/ei_interfaces/msg/detail/ei_classification__builder.hpp
[0.319s] -- Up-to-date: /home/avi/ros2_ws/install/ei_interfaces/include/ei_interfaces/ei_interfaces/msg/detail/ei_result__builder.hpp
[0.319s] -- Up-to-date: /home/avi/ros2_ws/install/ei_interfaces/include/ei_interfaces/ei_interfaces/msg/detail/ei_classification__traits.hpp
[0.319s] -- Up-to-date: /home/avi/ros2_ws/install/ei_interfaces/include/ei_interfaces/ei_interfaces/msg/detail/ei_result__traits.hpp
[0.319s] -- Up-to-date: /home/avi/ros2_ws/install/ei_interfaces/include/ei_interfaces/ei_interfaces/msg/ei_classification.hpp
[0.319s] -- Up-to-date: /home/avi/ros2_ws/install/ei_interfaces/include/ei_interfaces/ei_interfaces
[0.319s] -- Up-to-date: /home/avi/ros2_ws/install/ei_interfaces/include/ei_interfaces/ei_interfaces/msg
[0.319s] -- Up-to-date: /home/avi/ros2_ws/install/ei_interfaces/include/ei_interfaces/ei_interfaces/msg/detail
[0.319s] -- Up-to-date: /home/avi/ros2_ws/install/ei_interfaces/include/ei_interfaces/ei_interfaces/msg/detail/ei_result__rosidl_typesupport_fastrtps_cpp.hpp
[0.319s] -- Up-to-date: /home/avi/ros2_ws/install/ei_interfaces/include/ei_interfaces/ei_interfaces/msg/detail/dds_fastrtps
[0.319s] -- Up-to-date: /home/avi/ros2_ws/install/ei_interfaces/include/ei_interfaces/ei_interfaces/msg/detail/ei_classification__rosidl_typesupport_fastrtps_cpp.hpp
[0.319s] -- Up-to-date: /home/avi/ros2_ws/install/ei_interfaces/include/ei_interfaces/ei_interfaces/msg/rosidl_typesupport_fastrtps_cpp__visibility_control.h
[0.320s] -- Up-to-date: /home/avi/ros2_ws/install/ei_interfaces/lib/libei_interfaces__rosidl_typesupport_fastrtps_cpp.so
[0.320s] -- Up-to-date: /home/avi/ros2_ws/install/ei_interfaces/include/ei_interfaces/ei_interfaces
[0.320s] -- Up-to-date: /home/avi/ros2_ws/install/ei_interfaces/include/ei_interfaces/ei_interfaces/msg
[0.320s] -- Up-to-date: /home/avi/ros2_ws/install/ei_interfaces/include/ei_interfaces/ei_interfaces/msg/detail
[0.320s] -- Up-to-date: /home/avi/ros2_ws/install/ei_interfaces/include/ei_interfaces/ei_interfaces/msg/detail/ei_result__rosidl_typesupport_introspection_cpp.hpp
[0.320s] -- Up-to-date: /home/avi/ros2_ws/install/ei_interfaces/include/ei_interfaces/ei_interfaces/msg/detail/ei_result__type_support.cpp
[0.320s] -- Up-to-date: /home/avi/ros2_ws/install/ei_interfaces/include/ei_interfaces/ei_interfaces/msg/detail/ei_classification__rosidl_typesupport_introspection_cpp.hpp
[0.320s] -- Up-to-date: /home/avi/ros2_ws/install/ei_interfaces/include/ei_interfaces/ei_interfaces/msg/detail/ei_classification__type_support.cpp
[0.320s] -- Up-to-date: /home/avi/ros2_ws/install/ei_interfaces/lib/libei_interfaces__rosidl_typesupport_introspection_cpp.so
[0.320s] -- Up-to-date: /home/avi/ros2_ws/install/ei_interfaces/lib/libei_interfaces__rosidl_typesupport_cpp.so
[0.320s] -- Up-to-date: /home/avi/ros2_ws/install/ei_interfaces/share/ei_interfaces/environment/pythonpath.sh
[0.320s] -- Up-to-date: /home/avi/ros2_ws/install/ei_interfaces/share/ei_interfaces/environment/pythonpath.dsv
[0.320s] -- Up-to-date: /home/avi/ros2_ws/install/ei_interfaces/local/lib/python3.10/dist-packages/ei_interfaces-0.0.0-py3.10.egg-info
[0.320s] -- Installing: /home/avi/ros2_ws/install/ei_interfaces/local/lib/python3.10/dist-packages/ei_interfaces-0.0.0-py3.10.egg-info/top_level.txt
[0.320s] -- Installing: /home/avi/ros2_ws/install/ei_interfaces/local/lib/python3.10/dist-packages/ei_interfaces-0.0.0-py3.10.egg-info/PKG-INFO
[0.320s] -- Installing: /home/avi/ros2_ws/install/ei_interfaces/local/lib/python3.10/dist-packages/ei_interfaces-0.0.0-py3.10.egg-info/dependency_links.txt
[0.320s] -- Installing: /home/avi/ros2_ws/install/ei_interfaces/local/lib/python3.10/dist-packages/ei_interfaces-0.0.0-py3.10.egg-info/SOURCES.txt
[0.320s] -- Up-to-date: /home/avi/ros2_ws/install/ei_interfaces/local/lib/python3.10/dist-packages/ei_interfaces
[0.320s] -- Up-to-date: /home/avi/ros2_ws/install/ei_interfaces/local/lib/python3.10/dist-packages/ei_interfaces/_ei_interfaces_s.ep.rosidl_typesupport_fastrtps_c.c
[0.320s] -- Up-to-date: /home/avi/ros2_ws/install/ei_interfaces/local/lib/python3.10/dist-packages/ei_interfaces/__init__.py
[0.320s] -- Up-to-date: /home/avi/ros2_ws/install/ei_interfaces/local/lib/python3.10/dist-packages/ei_interfaces/libei_interfaces__rosidl_generator_py.so
[0.320s] -- Up-to-date: /home/avi/ros2_ws/install/ei_interfaces/local/lib/python3.10/dist-packages/ei_interfaces/_ei_interfaces_s.ep.rosidl_typesupport_c.c
[0.320s] -- Up-to-date: /home/avi/ros2_ws/install/ei_interfaces/local/lib/python3.10/dist-packages/ei_interfaces/ei_interfaces_s__rosidl_typesupport_fastrtps_c.cpython-310-x86_64-linux-gnu.so
[0.321s] -- Up-to-date: /home/avi/ros2_ws/install/ei_interfaces/local/lib/python3.10/dist-packages/ei_interfaces/ei_interfaces_s__rosidl_typesupport_introspection_c.cpython-310-x86_64-linux-gnu.so
[0.321s] -- Up-to-date: /home/avi/ros2_ws/install/ei_interfaces/local/lib/python3.10/dist-packages/ei_interfaces/ei_interfaces_s__rosidl_typesupport_c.cpython-310-x86_64-linux-gnu.so
[0.321s] -- Up-to-date: /home/avi/ros2_ws/install/ei_interfaces/local/lib/python3.10/dist-packages/ei_interfaces/_ei_interfaces_s.ep.rosidl_typesupport_introspection_c.c
[0.321s] -- Up-to-date: /home/avi/ros2_ws/install/ei_interfaces/local/lib/python3.10/dist-packages/ei_interfaces/msg
[0.321s] -- Up-to-date: /home/avi/ros2_ws/install/ei_interfaces/local/lib/python3.10/dist-packages/ei_interfaces/msg/_ei_result_s.c
[0.321s] -- Up-to-date: /home/avi/ros2_ws/install/ei_interfaces/local/lib/python3.10/dist-packages/ei_interfaces/msg/_ei_result.py
[0.321s] -- Up-to-date: /home/avi/ros2_ws/install/ei_interfaces/local/lib/python3.10/dist-packages/ei_interfaces/msg/__init__.py
[0.321s] -- Up-to-date: /home/avi/ros2_ws/install/ei_interfaces/local/lib/python3.10/dist-packages/ei_interfaces/msg/_ei_classification.py
[0.321s] -- Up-to-date: /home/avi/ros2_ws/install/ei_interfaces/local/lib/python3.10/dist-packages/ei_interfaces/msg/_ei_classification_s.c
[0.341s] Listing '/home/avi/ros2_ws/install/ei_interfaces/local/lib/python3.10/dist-packages/ei_interfaces'...
[0.341s] Listing '/home/avi/ros2_ws/install/ei_interfaces/local/lib/python3.10/dist-packages/ei_interfaces/msg'...
[0.344s] -- Up-to-date: /home/avi/ros2_ws/install/ei_interfaces/local/lib/python3.10/dist-packages/ei_interfaces/ei_interfaces_s__rosidl_typesupport_fastrtps_c.cpython-310-x86_64-linux-gnu.so
[0.344s] -- Up-to-date: /home/avi/ros2_ws/install/ei_interfaces/local/lib/python3.10/dist-packages/ei_interfaces/ei_interfaces_s__rosidl_typesupport_introspection_c.cpython-310-x86_64-linux-gnu.so
[0.344s] -- Up-to-date: /home/avi/ros2_ws/install/ei_interfaces/local/lib/python3.10/dist-packages/ei_interfaces/ei_interfaces_s__rosidl_typesupport_c.cpython-310-x86_64-linux-gnu.so
[0.344s] -- Up-to-date: /home/avi/ros2_ws/install/ei_interfaces/lib/libei_interfaces__rosidl_generator_py.so
[0.344s] -- Up-to-date: /home/avi/ros2_ws/install/ei_interfaces/share/ei_interfaces/msg/EIClassification.idl
[0.344s] -- Up-to-date: /home/avi/ros2_ws/install/ei_interfaces/share/ei_interfaces/msg/EIResult.idl
[0.344s] -- Installing: /home/avi/ros2_ws/install/ei_interfaces/share/ei_interfaces/msg/EIClassification.msg
[0.344s] -- Up-to-date: /home/avi/ros2_ws/install/ei_interfaces/share/ei_interfaces/msg/EIResult.msg
[0.344s] -- Up-to-date: /home/avi/ros2_ws/install/ei_interfaces/share/ament_index/resource_index/package_run_dependencies/ei_interfaces
[0.344s] -- Up-to-date: /home/avi/ros2_ws/install/ei_interfaces/share/ament_index/resource_index/parent_prefix_path/ei_interfaces
[0.344s] -- Up-to-date: /home/avi/ros2_ws/install/ei_interfaces/share/ei_interfaces/environment/ament_prefix_path.sh
[0.345s] -- Up-to-date: /home/avi/ros2_ws/install/ei_interfaces/share/ei_interfaces/environment/ament_prefix_path.dsv
[0.345s] -- Up-to-date: /home/avi/ros2_ws/install/ei_interfaces/share/ei_interfaces/environment/path.sh
[0.345s] -- Up-to-date: /home/avi/ros2_ws/install/ei_interfaces/share/ei_interfaces/environment/path.dsv
[0.345s] -- Up-to-date: /home/avi/ros2_ws/install/ei_interfaces/share/ei_interfaces/local_setup.bash
[0.345s] -- Up-to-date: /home/avi/ros2_ws/install/ei_interfaces/share/ei_interfaces/local_setup.sh
[0.345s] -- Up-to-date: /home/avi/ros2_ws/install/ei_interfaces/share/ei_interfaces/local_setup.zsh
[0.345s] -- Up-to-date: /home/avi/ros2_ws/install/ei_interfaces/share/ei_interfaces/local_setup.dsv
[0.345s] -- Installing: /home/avi/ros2_ws/install/ei_interfaces/share/ei_interfaces/package.dsv
[0.345s] -- Up-to-date: /home/avi/ros2_ws/install/ei_interfaces/share/ament_index/resource_index/packages/ei_interfaces
[0.346s] -- Up-to-date: /home/avi/ros2_ws/install/ei_interfaces/share/ei_interfaces/cmake/export_ei_interfaces__rosidl_generator_cExport.cmake
[0.346s] -- Up-to-date: /home/avi/ros2_ws/install/ei_interfaces/share/ei_interfaces/cmake/export_ei_interfaces__rosidl_generator_cExport-noconfig.cmake
[0.346s] -- Up-to-date: /home/avi/ros2_ws/install/ei_interfaces/share/ei_interfaces/cmake/export_ei_interfaces__rosidl_typesupport_fastrtps_cExport.cmake
[0.346s] -- Up-to-date: /home/avi/ros2_ws/install/ei_interfaces/share/ei_interfaces/cmake/export_ei_interfaces__rosidl_typesupport_fastrtps_cExport-noconfig.cmake
[0.346s] -- Up-to-date: /home/avi/ros2_ws/install/ei_interfaces/share/ei_interfaces/cmake/ei_interfaces__rosidl_typesupport_introspection_cExport.cmake
[0.346s] -- Up-to-date: /home/avi/ros2_ws/install/ei_interfaces/share/ei_interfaces/cmake/ei_interfaces__rosidl_typesupport_introspection_cExport-noconfig.cmake
[0.347s] -- Up-to-date: /home/avi/ros2_ws/install/ei_interfaces/share/ei_interfaces/cmake/ei_interfaces__rosidl_typesupport_cExport.cmake
[0.347s] -- Up-to-date: /home/avi/ros2_ws/install/ei_interfaces/share/ei_interfaces/cmake/ei_interfaces__rosidl_typesupport_cExport-noconfig.cmake
[0.347s] -- Up-to-date: /home/avi/ros2_ws/install/ei_interfaces/share/ei_interfaces/cmake/export_ei_interfaces__rosidl_generator_cppExport.cmake
[0.347s] -- Up-to-date: /home/avi/ros2_ws/install/ei_interfaces/share/ei_interfaces/cmake/export_ei_interfaces__rosidl_typesupport_fastrtps_cppExport.cmake
[0.347s] -- Up-to-date: /home/avi/ros2_ws/install/ei_interfaces/share/ei_interfaces/cmake/export_ei_interfaces__rosidl_typesupport_fastrtps_cppExport-noconfig.cmake
[0.347s] -- Up-to-date: /home/avi/ros2_ws/install/ei_interfaces/share/ei_interfaces/cmake/ei_interfaces__rosidl_typesupport_introspection_cppExport.cmake
[0.347s] -- Up-to-date: /home/avi/ros2_ws/install/ei_interfaces/share/ei_interfaces/cmake/ei_interfaces__rosidl_typesupport_introspection_cppExport-noconfig.cmake
[0.347s] -- Up-to-date: /home/avi/ros2_ws/install/ei_interfaces/share/ei_interfaces/cmake/ei_interfaces__rosidl_typesupport_cppExport.cmake
[0.348s] -- Up-to-date: /home/avi/ros2_ws/install/ei_interfaces/share/ei_interfaces/cmake/ei_interfaces__rosidl_typesupport_cppExport-noconfig.cmake
[0.348s] -- Up-to-date: /home/avi/ros2_ws/install/ei_interfaces/share/ei_interfaces/cmake/export_ei_interfaces__rosidl_generator_pyExport.cmake
[0.348s] -- Up-to-date: /home/avi/ros2_ws/install/ei_interfaces/share/ei_interfaces/cmake/export_ei_interfaces__rosidl_generator_pyExport-noconfig.cmake
[0.348s] -- Up-to-date: /home/avi/ros2_ws/install/ei_interfaces/share/ei_interfaces/cmake/rosidl_cmake-extras.cmake
[0.348s] -- Up-to-date: /home/avi/ros2_ws/install/ei_interfaces/share/ei_interfaces/cmake/ament_cmake_export_include_directories-extras.cmake
[0.348s] -- Up-to-date: /home/avi/ros2_ws/install/ei_interfaces/share/ei_interfaces/cmake/ament_cmake_export_libraries-extras.cmake
[0.348s] -- Up-to-date: /home/avi/ros2_ws/install/ei_interfaces/share/ei_interfaces/cmake/ament_cmake_export_targets-extras.cmake
[0.348s] -- Up-to-date: /home/avi/ros2_ws/install/ei_interfaces/share/ei_interfaces/cmake/rosidl_cmake_export_typesupport_targets-extras.cmake
[0.348s] -- Up-to-date: /home/avi/ros2_ws/install/ei_interfaces/share/ei_interfaces/cmake/ament_cmake_export_dependencies-extras.cmake
[0.348s] -- Up-to-date: /home/avi/ros2_ws/install/ei_interfaces/share/ei_interfaces/cmake/rosidl_cmake_export_typesupport_libraries-extras.cmake
[0.348s] -- Up-to-date: /home/avi/ros2_ws/install/ei_interfaces/share/ei_interfaces/cmake/ei_interfacesConfig.cmake
[0.348s] -- Up-to-date: /home/avi/ros2_ws/install/ei_interfaces/share/ei_interfaces/cmake/ei_interfacesConfig-version.cmake
[0.348s] -- Up-to-date: /home/avi/ros2_ws/install/ei_interfaces/share/ei_interfaces/package.xml
[0.350s] Invoked command in '/home/avi/ros2_ws/build/ei_interfaces' returned '0': CMAKE_PREFIX_PATH=${CMAKE_PREFIX_PATH}:/opt/ros/humble /usr/bin/cmake --install /home/avi/ros2_ws/build/ei_interfaces
