[35m[1mConsolidate compiler generated dependencies of target ei_interfaces__rosidl_generator_c[0m
[  2%] Built target ei_interfaces__cpp
[ 12%] Built target ei_interfaces__rosidl_generator_c
[ 12%] Built target ament_cmake_python_copy_ei_interfaces
[35m[1mConsolidate compiler generated dependencies of target ei_interfaces__rosidl_typesupport_fastrtps_cpp[0m
[35m[1mConsolidate compiler generated dependencies of target ei_interfaces__rosidl_typesupport_cpp[0m
[35m[1mConsolidate compiler generated dependencies of target ei_interfaces__rosidl_typesupport_introspection_cpp[0m
[35m[1mConsolidate compiler generated dependencies of target ei_interfaces__rosidl_typesupport_introspection_c[0m
[35m[1mConsolidate compiler generated dependencies of target ei_interfaces__rosidl_typesupport_fastrtps_c[0m
[35m[1mConsolidate compiler generated dependencies of target ei_interfaces__rosidl_typesupport_c[0m
[ 33%] Built target ei_interfaces__rosidl_typesupport_c
[ 33%] Built target ei_interfaces__rosidl_typesupport_introspection_c
[ 43%] Built target ei_interfaces__rosidl_typesupport_introspection_cpp
[ 61%] Built target ei_interfaces__rosidl_typesupport_fastrtps_cpp
[ 64%] Built target ei_interfaces__rosidl_typesupport_fastrtps_c
[ 74%] Built target ei_interfaces__rosidl_typesupport_cpp
[ 74%] Built target ei_interfaces
[ 76%] Built target ei_interfaces__py
[35m[1mConsolidate compiler generated dependencies of target ei_interfaces__rosidl_generator_py[0m
[ 84%] Built target ei_interfaces__rosidl_generator_py
[35m[1mConsolidate compiler generated dependencies of target ei_interfaces__rosidl_typesupport_fastrtps_c__pyext[0m
[35m[1mConsolidate compiler generated dependencies of target ei_interfaces__rosidl_typesupport_c__pyext[0m
[35m[1mConsolidate compiler generated dependencies of target ei_interfaces__rosidl_typesupport_introspection_c__pyext[0m
[100%] Built target ei_interfaces__rosidl_typesupport_introspection_c__pyext
[100%] Built target ei_interfaces__rosidl_typesupport_fastrtps_c__pyext
[100%] Built target ei_interfaces__rosidl_typesupport_c__pyext
running egg_info
writing ei_interfaces.egg-info/PKG-INFO
writing dependency_links to ei_interfaces.egg-info/dependency_links.txt
writing top-level names to ei_interfaces.egg-info/top_level.txt
reading manifest file 'ei_interfaces.egg-info/SOURCES.txt'
writing manifest file 'ei_interfaces.egg-info/SOURCES.txt'
[100%] Built target ament_cmake_python_build_ei_interfaces_egg
-- Install configuration: ""
-- Up-to-date: /home/avi/ros2_ws/install/ei_interfaces/share/ament_index/resource_index/rosidl_interfaces/ei_interfaces
-- Up-to-date: /home/avi/ros2_ws/install/ei_interfaces/include/ei_interfaces/ei_interfaces
-- Up-to-date: /home/avi/ros2_ws/install/ei_interfaces/include/ei_interfaces/ei_interfaces/msg
-- Up-to-date: /home/avi/ros2_ws/install/ei_interfaces/include/ei_interfaces/ei_interfaces/msg/ei_classification.h
-- Up-to-date: /home/avi/ros2_ws/install/ei_interfaces/include/ei_interfaces/ei_interfaces/msg/ei_result.h
-- Up-to-date: /home/avi/ros2_ws/install/ei_interfaces/include/ei_interfaces/ei_interfaces/msg/detail
-- Up-to-date: /home/avi/ros2_ws/install/ei_interfaces/include/ei_interfaces/ei_interfaces/msg/detail/ei_classification__struct.h
-- Up-to-date: /home/avi/ros2_ws/install/ei_interfaces/include/ei_interfaces/ei_interfaces/msg/detail/ei_classification__type_support.h
-- Up-to-date: /home/avi/ros2_ws/install/ei_interfaces/include/ei_interfaces/ei_interfaces/msg/detail/ei_result__struct.h
-- Up-to-date: /home/avi/ros2_ws/install/ei_interfaces/include/ei_interfaces/ei_interfaces/msg/detail/ei_classification__functions.h
-- Up-to-date: /home/avi/ros2_ws/install/ei_interfaces/include/ei_interfaces/ei_interfaces/msg/detail/ei_result__functions.h
-- Up-to-date: /home/avi/ros2_ws/install/ei_interfaces/include/ei_interfaces/ei_interfaces/msg/detail/ei_result__functions.c
-- Up-to-date: /home/avi/ros2_ws/install/ei_interfaces/include/ei_interfaces/ei_interfaces/msg/detail/ei_classification__functions.c
-- Up-to-date: /home/avi/ros2_ws/install/ei_interfaces/include/ei_interfaces/ei_interfaces/msg/detail/ei_result__type_support.h
-- Up-to-date: /home/avi/ros2_ws/install/ei_interfaces/include/ei_interfaces/ei_interfaces/msg/rosidl_generator_c__visibility_control.h
-- Up-to-date: /home/avi/ros2_ws/install/ei_interfaces/share/ei_interfaces/environment/library_path.sh
-- Up-to-date: /home/avi/ros2_ws/install/ei_interfaces/share/ei_interfaces/environment/library_path.dsv
-- Up-to-date: /home/avi/ros2_ws/install/ei_interfaces/lib/libei_interfaces__rosidl_generator_c.so
-- Up-to-date: /home/avi/ros2_ws/install/ei_interfaces/include/ei_interfaces/ei_interfaces
-- Up-to-date: /home/avi/ros2_ws/install/ei_interfaces/include/ei_interfaces/ei_interfaces/msg
-- Up-to-date: /home/avi/ros2_ws/install/ei_interfaces/include/ei_interfaces/ei_interfaces/msg/rosidl_typesupport_fastrtps_c__visibility_control.h
-- Up-to-date: /home/avi/ros2_ws/install/ei_interfaces/include/ei_interfaces/ei_interfaces/msg/detail
-- Up-to-date: /home/avi/ros2_ws/install/ei_interfaces/include/ei_interfaces/ei_interfaces/msg/detail/ei_classification__rosidl_typesupport_fastrtps_c.h
-- Up-to-date: /home/avi/ros2_ws/install/ei_interfaces/include/ei_interfaces/ei_interfaces/msg/detail/ei_result__rosidl_typesupport_fastrtps_c.h
-- Up-to-date: /home/avi/ros2_ws/install/ei_interfaces/lib/libei_interfaces__rosidl_typesupport_fastrtps_c.so
-- Up-to-date: /home/avi/ros2_ws/install/ei_interfaces/include/ei_interfaces/ei_interfaces
-- Up-to-date: /home/avi/ros2_ws/install/ei_interfaces/include/ei_interfaces/ei_interfaces/msg
-- Up-to-date: /home/avi/ros2_ws/install/ei_interfaces/include/ei_interfaces/ei_interfaces/msg/detail
-- Up-to-date: /home/avi/ros2_ws/install/ei_interfaces/include/ei_interfaces/ei_interfaces/msg/detail/ei_classification__rosidl_typesupport_introspection_c.h
-- Up-to-date: /home/avi/ros2_ws/install/ei_interfaces/include/ei_interfaces/ei_interfaces/msg/detail/ei_result__type_support.c
-- Up-to-date: /home/avi/ros2_ws/install/ei_interfaces/include/ei_interfaces/ei_interfaces/msg/detail/ei_classification__type_support.c
-- Up-to-date: /home/avi/ros2_ws/install/ei_interfaces/include/ei_interfaces/ei_interfaces/msg/detail/ei_result__rosidl_typesupport_introspection_c.h
-- Up-to-date: /home/avi/ros2_ws/install/ei_interfaces/include/ei_interfaces/ei_interfaces/msg/rosidl_typesupport_introspection_c__visibility_control.h
-- Up-to-date: /home/avi/ros2_ws/install/ei_interfaces/lib/libei_interfaces__rosidl_typesupport_introspection_c.so
-- Up-to-date: /home/avi/ros2_ws/install/ei_interfaces/lib/libei_interfaces__rosidl_typesupport_c.so
-- Up-to-date: /home/avi/ros2_ws/install/ei_interfaces/include/ei_interfaces/ei_interfaces
-- Up-to-date: /home/avi/ros2_ws/install/ei_interfaces/include/ei_interfaces/ei_interfaces/msg
-- Up-to-date: /home/avi/ros2_ws/install/ei_interfaces/include/ei_interfaces/ei_interfaces/msg/ei_result.hpp
-- Up-to-date: /home/avi/ros2_ws/install/ei_interfaces/include/ei_interfaces/ei_interfaces/msg/detail
-- Up-to-date: /home/avi/ros2_ws/install/ei_interfaces/include/ei_interfaces/ei_interfaces/msg/detail/ei_classification__struct.hpp
-- Up-to-date: /home/avi/ros2_ws/install/ei_interfaces/include/ei_interfaces/ei_interfaces/msg/detail/ei_result__struct.hpp
-- Up-to-date: /home/avi/ros2_ws/install/ei_interfaces/include/ei_interfaces/ei_interfaces/msg/detail/ei_classification__builder.hpp
-- Up-to-date: /home/avi/ros2_ws/install/ei_interfaces/include/ei_interfaces/ei_interfaces/msg/detail/ei_result__builder.hpp
-- Up-to-date: /home/avi/ros2_ws/install/ei_interfaces/include/ei_interfaces/ei_interfaces/msg/detail/ei_classification__traits.hpp
-- Up-to-date: /home/avi/ros2_ws/install/ei_interfaces/include/ei_interfaces/ei_interfaces/msg/detail/ei_result__traits.hpp
-- Up-to-date: /home/avi/ros2_ws/install/ei_interfaces/include/ei_interfaces/ei_interfaces/msg/ei_classification.hpp
-- Up-to-date: /home/avi/ros2_ws/install/ei_interfaces/include/ei_interfaces/ei_interfaces
-- Up-to-date: /home/avi/ros2_ws/install/ei_interfaces/include/ei_interfaces/ei_interfaces/msg
-- Up-to-date: /home/avi/ros2_ws/install/ei_interfaces/include/ei_interfaces/ei_interfaces/msg/detail
-- Up-to-date: /home/avi/ros2_ws/install/ei_interfaces/include/ei_interfaces/ei_interfaces/msg/detail/ei_result__rosidl_typesupport_fastrtps_cpp.hpp
-- Up-to-date: /home/avi/ros2_ws/install/ei_interfaces/include/ei_interfaces/ei_interfaces/msg/detail/dds_fastrtps
-- Up-to-date: /home/avi/ros2_ws/install/ei_interfaces/include/ei_interfaces/ei_interfaces/msg/detail/ei_classification__rosidl_typesupport_fastrtps_cpp.hpp
-- Up-to-date: /home/avi/ros2_ws/install/ei_interfaces/include/ei_interfaces/ei_interfaces/msg/rosidl_typesupport_fastrtps_cpp__visibility_control.h
-- Up-to-date: /home/avi/ros2_ws/install/ei_interfaces/lib/libei_interfaces__rosidl_typesupport_fastrtps_cpp.so
-- Up-to-date: /home/avi/ros2_ws/install/ei_interfaces/include/ei_interfaces/ei_interfaces
-- Up-to-date: /home/avi/ros2_ws/install/ei_interfaces/include/ei_interfaces/ei_interfaces/msg
-- Up-to-date: /home/avi/ros2_ws/install/ei_interfaces/include/ei_interfaces/ei_interfaces/msg/detail
-- Up-to-date: /home/avi/ros2_ws/install/ei_interfaces/include/ei_interfaces/ei_interfaces/msg/detail/ei_result__rosidl_typesupport_introspection_cpp.hpp
-- Up-to-date: /home/avi/ros2_ws/install/ei_interfaces/include/ei_interfaces/ei_interfaces/msg/detail/ei_result__type_support.cpp
-- Up-to-date: /home/avi/ros2_ws/install/ei_interfaces/include/ei_interfaces/ei_interfaces/msg/detail/ei_classification__rosidl_typesupport_introspection_cpp.hpp
-- Up-to-date: /home/avi/ros2_ws/install/ei_interfaces/include/ei_interfaces/ei_interfaces/msg/detail/ei_classification__type_support.cpp
-- Up-to-date: /home/avi/ros2_ws/install/ei_interfaces/lib/libei_interfaces__rosidl_typesupport_introspection_cpp.so
-- Up-to-date: /home/avi/ros2_ws/install/ei_interfaces/lib/libei_interfaces__rosidl_typesupport_cpp.so
-- Up-to-date: /home/avi/ros2_ws/install/ei_interfaces/share/ei_interfaces/environment/pythonpath.sh
-- Up-to-date: /home/avi/ros2_ws/install/ei_interfaces/share/ei_interfaces/environment/pythonpath.dsv
-- Up-to-date: /home/avi/ros2_ws/install/ei_interfaces/local/lib/python3.10/dist-packages/ei_interfaces-0.0.0-py3.10.egg-info
-- Installing: /home/avi/ros2_ws/install/ei_interfaces/local/lib/python3.10/dist-packages/ei_interfaces-0.0.0-py3.10.egg-info/top_level.txt
-- Installing: /home/avi/ros2_ws/install/ei_interfaces/local/lib/python3.10/dist-packages/ei_interfaces-0.0.0-py3.10.egg-info/PKG-INFO
-- Installing: /home/avi/ros2_ws/install/ei_interfaces/local/lib/python3.10/dist-packages/ei_interfaces-0.0.0-py3.10.egg-info/dependency_links.txt
-- Installing: /home/avi/ros2_ws/install/ei_interfaces/local/lib/python3.10/dist-packages/ei_interfaces-0.0.0-py3.10.egg-info/SOURCES.txt
-- Up-to-date: /home/avi/ros2_ws/install/ei_interfaces/local/lib/python3.10/dist-packages/ei_interfaces
-- Up-to-date: /home/avi/ros2_ws/install/ei_interfaces/local/lib/python3.10/dist-packages/ei_interfaces/_ei_interfaces_s.ep.rosidl_typesupport_fastrtps_c.c
-- Up-to-date: /home/avi/ros2_ws/install/ei_interfaces/local/lib/python3.10/dist-packages/ei_interfaces/__init__.py
-- Up-to-date: /home/avi/ros2_ws/install/ei_interfaces/local/lib/python3.10/dist-packages/ei_interfaces/libei_interfaces__rosidl_generator_py.so
-- Up-to-date: /home/avi/ros2_ws/install/ei_interfaces/local/lib/python3.10/dist-packages/ei_interfaces/_ei_interfaces_s.ep.rosidl_typesupport_c.c
-- Up-to-date: /home/avi/ros2_ws/install/ei_interfaces/local/lib/python3.10/dist-packages/ei_interfaces/ei_interfaces_s__rosidl_typesupport_fastrtps_c.cpython-310-x86_64-linux-gnu.so
-- Up-to-date: /home/avi/ros2_ws/install/ei_interfaces/local/lib/python3.10/dist-packages/ei_interfaces/ei_interfaces_s__rosidl_typesupport_introspection_c.cpython-310-x86_64-linux-gnu.so
-- Up-to-date: /home/avi/ros2_ws/install/ei_interfaces/local/lib/python3.10/dist-packages/ei_interfaces/ei_interfaces_s__rosidl_typesupport_c.cpython-310-x86_64-linux-gnu.so
-- Up-to-date: /home/avi/ros2_ws/install/ei_interfaces/local/lib/python3.10/dist-packages/ei_interfaces/_ei_interfaces_s.ep.rosidl_typesupport_introspection_c.c
-- Up-to-date: /home/avi/ros2_ws/install/ei_interfaces/local/lib/python3.10/dist-packages/ei_interfaces/msg
-- Up-to-date: /home/avi/ros2_ws/install/ei_interfaces/local/lib/python3.10/dist-packages/ei_interfaces/msg/_ei_result_s.c
-- Up-to-date: /home/avi/ros2_ws/install/ei_interfaces/local/lib/python3.10/dist-packages/ei_interfaces/msg/_ei_result.py
-- Up-to-date: /home/avi/ros2_ws/install/ei_interfaces/local/lib/python3.10/dist-packages/ei_interfaces/msg/__init__.py
-- Up-to-date: /home/avi/ros2_ws/install/ei_interfaces/local/lib/python3.10/dist-packages/ei_interfaces/msg/_ei_classification.py
-- Up-to-date: /home/avi/ros2_ws/install/ei_interfaces/local/lib/python3.10/dist-packages/ei_interfaces/msg/_ei_classification_s.c
Listing '/home/avi/ros2_ws/install/ei_interfaces/local/lib/python3.10/dist-packages/ei_interfaces'...
Listing '/home/avi/ros2_ws/install/ei_interfaces/local/lib/python3.10/dist-packages/ei_interfaces/msg'...
-- Up-to-date: /home/avi/ros2_ws/install/ei_interfaces/local/lib/python3.10/dist-packages/ei_interfaces/ei_interfaces_s__rosidl_typesupport_fastrtps_c.cpython-310-x86_64-linux-gnu.so
-- Up-to-date: /home/avi/ros2_ws/install/ei_interfaces/local/lib/python3.10/dist-packages/ei_interfaces/ei_interfaces_s__rosidl_typesupport_introspection_c.cpython-310-x86_64-linux-gnu.so
-- Up-to-date: /home/avi/ros2_ws/install/ei_interfaces/local/lib/python3.10/dist-packages/ei_interfaces/ei_interfaces_s__rosidl_typesupport_c.cpython-310-x86_64-linux-gnu.so
-- Up-to-date: /home/avi/ros2_ws/install/ei_interfaces/lib/libei_interfaces__rosidl_generator_py.so
-- Up-to-date: /home/avi/ros2_ws/install/ei_interfaces/share/ei_interfaces/msg/EIClassification.idl
-- Up-to-date: /home/avi/ros2_ws/install/ei_interfaces/share/ei_interfaces/msg/EIResult.idl
-- Installing: /home/avi/ros2_ws/install/ei_interfaces/share/ei_interfaces/msg/EIClassification.msg
-- Up-to-date: /home/avi/ros2_ws/install/ei_interfaces/share/ei_interfaces/msg/EIResult.msg
-- Up-to-date: /home/avi/ros2_ws/install/ei_interfaces/share/ament_index/resource_index/package_run_dependencies/ei_interfaces
-- Up-to-date: /home/avi/ros2_ws/install/ei_interfaces/share/ament_index/resource_index/parent_prefix_path/ei_interfaces
-- Up-to-date: /home/avi/ros2_ws/install/ei_interfaces/share/ei_interfaces/environment/ament_prefix_path.sh
-- Up-to-date: /home/avi/ros2_ws/install/ei_interfaces/share/ei_interfaces/environment/ament_prefix_path.dsv
-- Up-to-date: /home/avi/ros2_ws/install/ei_interfaces/share/ei_interfaces/environment/path.sh
-- Up-to-date: /home/avi/ros2_ws/install/ei_interfaces/share/ei_interfaces/environment/path.dsv
-- Up-to-date: /home/avi/ros2_ws/install/ei_interfaces/share/ei_interfaces/local_setup.bash
-- Up-to-date: /home/avi/ros2_ws/install/ei_interfaces/share/ei_interfaces/local_setup.sh
-- Up-to-date: /home/avi/ros2_ws/install/ei_interfaces/share/ei_interfaces/local_setup.zsh
-- Up-to-date: /home/avi/ros2_ws/install/ei_interfaces/share/ei_interfaces/local_setup.dsv
-- Installing: /home/avi/ros2_ws/install/ei_interfaces/share/ei_interfaces/package.dsv
-- Up-to-date: /home/avi/ros2_ws/install/ei_interfaces/share/ament_index/resource_index/packages/ei_interfaces
-- Up-to-date: /home/avi/ros2_ws/install/ei_interfaces/share/ei_interfaces/cmake/export_ei_interfaces__rosidl_generator_cExport.cmake
-- Up-to-date: /home/avi/ros2_ws/install/ei_interfaces/share/ei_interfaces/cmake/export_ei_interfaces__rosidl_generator_cExport-noconfig.cmake
-- Up-to-date: /home/avi/ros2_ws/install/ei_interfaces/share/ei_interfaces/cmake/export_ei_interfaces__rosidl_typesupport_fastrtps_cExport.cmake
-- Up-to-date: /home/avi/ros2_ws/install/ei_interfaces/share/ei_interfaces/cmake/export_ei_interfaces__rosidl_typesupport_fastrtps_cExport-noconfig.cmake
-- Up-to-date: /home/avi/ros2_ws/install/ei_interfaces/share/ei_interfaces/cmake/ei_interfaces__rosidl_typesupport_introspection_cExport.cmake
-- Up-to-date: /home/avi/ros2_ws/install/ei_interfaces/share/ei_interfaces/cmake/ei_interfaces__rosidl_typesupport_introspection_cExport-noconfig.cmake
-- Up-to-date: /home/avi/ros2_ws/install/ei_interfaces/share/ei_interfaces/cmake/ei_interfaces__rosidl_typesupport_cExport.cmake
-- Up-to-date: /home/avi/ros2_ws/install/ei_interfaces/share/ei_interfaces/cmake/ei_interfaces__rosidl_typesupport_cExport-noconfig.cmake
-- Up-to-date: /home/avi/ros2_ws/install/ei_interfaces/share/ei_interfaces/cmake/export_ei_interfaces__rosidl_generator_cppExport.cmake
-- Up-to-date: /home/avi/ros2_ws/install/ei_interfaces/share/ei_interfaces/cmake/export_ei_interfaces__rosidl_typesupport_fastrtps_cppExport.cmake
-- Up-to-date: /home/avi/ros2_ws/install/ei_interfaces/share/ei_interfaces/cmake/export_ei_interfaces__rosidl_typesupport_fastrtps_cppExport-noconfig.cmake
-- Up-to-date: /home/avi/ros2_ws/install/ei_interfaces/share/ei_interfaces/cmake/ei_interfaces__rosidl_typesupport_introspection_cppExport.cmake
-- Up-to-date: /home/avi/ros2_ws/install/ei_interfaces/share/ei_interfaces/cmake/ei_interfaces__rosidl_typesupport_introspection_cppExport-noconfig.cmake
-- Up-to-date: /home/avi/ros2_ws/install/ei_interfaces/share/ei_interfaces/cmake/ei_interfaces__rosidl_typesupport_cppExport.cmake
-- Up-to-date: /home/avi/ros2_ws/install/ei_interfaces/share/ei_interfaces/cmake/ei_interfaces__rosidl_typesupport_cppExport-noconfig.cmake
-- Up-to-date: /home/avi/ros2_ws/install/ei_interfaces/share/ei_interfaces/cmake/export_ei_interfaces__rosidl_generator_pyExport.cmake
-- Up-to-date: /home/avi/ros2_ws/install/ei_interfaces/share/ei_interfaces/cmake/export_ei_interfaces__rosidl_generator_pyExport-noconfig.cmake
-- Up-to-date: /home/avi/ros2_ws/install/ei_interfaces/share/ei_interfaces/cmake/rosidl_cmake-extras.cmake
-- Up-to-date: /home/avi/ros2_ws/install/ei_interfaces/share/ei_interfaces/cmake/ament_cmake_export_include_directories-extras.cmake
-- Up-to-date: /home/avi/ros2_ws/install/ei_interfaces/share/ei_interfaces/cmake/ament_cmake_export_libraries-extras.cmake
-- Up-to-date: /home/avi/ros2_ws/install/ei_interfaces/share/ei_interfaces/cmake/ament_cmake_export_targets-extras.cmake
-- Up-to-date: /home/avi/ros2_ws/install/ei_interfaces/share/ei_interfaces/cmake/rosidl_cmake_export_typesupport_targets-extras.cmake
-- Up-to-date: /home/avi/ros2_ws/install/ei_interfaces/share/ei_interfaces/cmake/ament_cmake_export_dependencies-extras.cmake
-- Up-to-date: /home/avi/ros2_ws/install/ei_interfaces/share/ei_interfaces/cmake/rosidl_cmake_export_typesupport_libraries-extras.cmake
-- Up-to-date: /home/avi/ros2_ws/install/ei_interfaces/share/ei_interfaces/cmake/ei_interfacesConfig.cmake
-- Up-to-date: /home/avi/ros2_ws/install/ei_interfaces/share/ei_interfaces/cmake/ei_interfacesConfig-version.cmake
-- Up-to-date: /home/avi/ros2_ws/install/ei_interfaces/share/ei_interfaces/package.xml
