[0.008s] Invoking command in '/home/avi/ros2_ws/src/build/ei_interfaces': CMAKE_PREFIX_PATH=${CMAKE_PREFIX_PATH}:/opt/ros/humble /usr/bin/cmake --build /home/avi/ros2_ws/src/build/ei_interfaces -- -j8 -l8
[0.022s] -- Found ament_cmake: 1.3.2 (/opt/ros/humble/share/ament_cmake/cmake)
[0.115s] -- Found ament_lint_auto: 0.12.4 (/opt/ros/humble/share/ament_lint_auto/cmake)
[0.162s] -- Found rosidl_default_generators: 1.2.0 (/opt/ros/humble/share/rosidl_default_generators/cmake)
[0.163s] -- Using all available rosidl_typesupport_c: rosidl_typesupport_fastrtps_c;rosidl_typesupport_introspection_c
[0.165s] -- Found rosidl_adapter: 3.1.3 (/opt/ros/humble/share/rosidl_adapter/cmake)
[0.183s] -- Using all available rosidl_typesupport_cpp: rosidl_typesupport_fastrtps_cpp;rosidl_typesupport_introspection_cpp
[0.308s] -- Found ament_cmake_ros: 0.10.0 (/opt/ros/humble/share/ament_cmake_ros/cmake)
[0.423s] -- Using all available rosidl_typesupport_c: rosidl_typesupport_fastrtps_c;rosidl_typesupport_introspection_c
[0.577s] -- Using all available rosidl_typesupport_cpp: rosidl_typesupport_fastrtps_cpp;rosidl_typesupport_introspection_cpp
[0.591s] -- Found python_cmake_module: 0.10.0 (/opt/ros/humble/share/python_cmake_module/cmake)
[0.605s] -- Using PYTHON_EXECUTABLE: /usr/bin/python3
[0.605s] -- Using PYTHON_INCLUDE_DIRS: /usr/include/python3.10
[0.605s] -- Using PYTHON_LIBRARIES: /usr/lib/x86_64-linux-gnu/libpython3.10.so
[0.614s] -- Added test 'lint_cmake' to check CMake code style
[0.615s] -- Added test 'xmllint' to check XML markup files
[0.616s] -- Configuring done
[0.631s] -- Generating done
[0.632s] -- Build files have been written to: /home/avi/ros2_ws/src/build/ei_interfaces
[0.647s] [35m[1mConsolidate compiler generated dependencies of target ei_interfaces__rosidl_generator_c[0m
[0.652s] [  2%] Built target ei_interfaces__cpp
[0.653s] [ 12%] Built target ei_interfaces__rosidl_generator_c
[0.658s] [35m[1mConsolidate compiler generated dependencies of target ei_interfaces__rosidl_typesupport_cpp[0m
[0.658s] [ 12%] Built target ament_cmake_python_copy_ei_interfaces
[0.660s] [35m[1mConsolidate compiler generated dependencies of target ei_interfaces__rosidl_typesupport_introspection_cpp[0m
[0.660s] [35m[1mConsolidate compiler generated dependencies of target ei_interfaces__rosidl_typesupport_fastrtps_cpp[0m
[0.660s] [35m[1mConsolidate compiler generated dependencies of target ei_interfaces__rosidl_typesupport_c[0m
[0.660s] [35m[1mConsolidate compiler generated dependencies of target ei_interfaces__rosidl_typesupport_introspection_c[0m
[0.660s] [35m[1mConsolidate compiler generated dependencies of target ei_interfaces__rosidl_typesupport_fastrtps_c[0m
[0.668s] [ 23%] Built target ei_interfaces__rosidl_typesupport_cpp
[0.668s] [ 43%] Built target ei_interfaces__rosidl_typesupport_c
[0.669s] [ 43%] Built target ei_interfaces__rosidl_typesupport_introspection_c
[0.669s] [ 53%] Built target ei_interfaces__rosidl_typesupport_introspection_cpp
[0.670s] [ 64%] Built target ei_interfaces__rosidl_typesupport_fastrtps_cpp
[0.670s] [ 74%] Built target ei_interfaces__rosidl_typesupport_fastrtps_c
[0.681s] [ 74%] Built target ei_interfaces
[0.692s] [ 76%] Built target ei_interfaces__py
[0.698s] [35m[1mConsolidate compiler generated dependencies of target ei_interfaces__rosidl_generator_py[0m
[0.706s] [ 84%] Built target ei_interfaces__rosidl_generator_py
[0.711s] [35m[1mConsolidate compiler generated dependencies of target ei_interfaces__rosidl_typesupport_fastrtps_c__pyext[0m
[0.711s] [35m[1mConsolidate compiler generated dependencies of target ei_interfaces__rosidl_typesupport_introspection_c__pyext[0m
[0.711s] [35m[1mConsolidate compiler generated dependencies of target ei_interfaces__rosidl_typesupport_c__pyext[0m
[0.718s] [ 97%] Built target ei_interfaces__rosidl_typesupport_introspection_c__pyext
[0.719s] [ 97%] Built target ei_interfaces__rosidl_typesupport_fastrtps_c__pyext
[0.719s] [100%] Built target ei_interfaces__rosidl_typesupport_c__pyext
[0.798s] running egg_info
[0.798s] writing ei_interfaces.egg-info/PKG-INFO
[0.798s] writing dependency_links to ei_interfaces.egg-info/dependency_links.txt
[0.798s] writing top-level names to ei_interfaces.egg-info/top_level.txt
[0.800s] reading manifest file 'ei_interfaces.egg-info/SOURCES.txt'
[0.800s] writing manifest file 'ei_interfaces.egg-info/SOURCES.txt'
[0.815s] [100%] Built target ament_cmake_python_build_ei_interfaces_egg
[0.822s] Invoked command in '/home/avi/ros2_ws/src/build/ei_interfaces' returned '0': CMAKE_PREFIX_PATH=${CMAKE_PREFIX_PATH}:/opt/ros/humble /usr/bin/cmake --build /home/avi/ros2_ws/src/build/ei_interfaces -- -j8 -l8
[0.868s] Invoking command in '/home/avi/ros2_ws/src/build/ei_interfaces': CMAKE_PREFIX_PATH=${CMAKE_PREFIX_PATH}:/opt/ros/humble /usr/bin/cmake --install /home/avi/ros2_ws/src/build/ei_interfaces
[0.875s] -- Install configuration: ""
[0.875s] -- Up-to-date: /home/avi/ros2_ws/src/install/ei_interfaces/share/ament_index/resource_index/rosidl_interfaces/ei_interfaces
[0.875s] -- Up-to-date: /home/avi/ros2_ws/src/install/ei_interfaces/include/ei_interfaces/ei_interfaces
[0.875s] -- Up-to-date: /home/avi/ros2_ws/src/install/ei_interfaces/include/ei_interfaces/ei_interfaces/msg
[0.875s] -- Up-to-date: /home/avi/ros2_ws/src/install/ei_interfaces/include/ei_interfaces/ei_interfaces/msg/ei_classification.h
[0.875s] -- Up-to-date: /home/avi/ros2_ws/src/install/ei_interfaces/include/ei_interfaces/ei_interfaces/msg/ei_result.h
[0.875s] -- Up-to-date: /home/avi/ros2_ws/src/install/ei_interfaces/include/ei_interfaces/ei_interfaces/msg/detail
[0.875s] -- Up-to-date: /home/avi/ros2_ws/src/install/ei_interfaces/include/ei_interfaces/ei_interfaces/msg/detail/ei_classification__struct.h
[0.875s] -- Up-to-date: /home/avi/ros2_ws/src/install/ei_interfaces/include/ei_interfaces/ei_interfaces/msg/detail/ei_classification__type_support.h
[0.875s] -- Up-to-date: /home/avi/ros2_ws/src/install/ei_interfaces/include/ei_interfaces/ei_interfaces/msg/detail/ei_result__struct.h
[0.876s] -- Up-to-date: /home/avi/ros2_ws/src/install/ei_interfaces/include/ei_interfaces/ei_interfaces/msg/detail/ei_classification__functions.h
[0.876s] -- Up-to-date: /home/avi/ros2_ws/src/install/ei_interfaces/include/ei_interfaces/ei_interfaces/msg/detail/ei_result__functions.h
[0.876s] -- Up-to-date: /home/avi/ros2_ws/src/install/ei_interfaces/include/ei_interfaces/ei_interfaces/msg/detail/ei_result__functions.c
[0.876s] -- Up-to-date: /home/avi/ros2_ws/src/install/ei_interfaces/include/ei_interfaces/ei_interfaces/msg/detail/ei_classification__functions.c
[0.876s] -- Up-to-date: /home/avi/ros2_ws/src/install/ei_interfaces/include/ei_interfaces/ei_interfaces/msg/detail/ei_result__type_support.h
[0.876s] -- Up-to-date: /home/avi/ros2_ws/src/install/ei_interfaces/include/ei_interfaces/ei_interfaces/msg/rosidl_generator_c__visibility_control.h
[0.876s] -- Up-to-date: /home/avi/ros2_ws/src/install/ei_interfaces/share/ei_interfaces/environment/library_path.sh
[0.876s] -- Installing: /home/avi/ros2_ws/src/install/ei_interfaces/share/ei_interfaces/environment/library_path.dsv
[0.876s] -- Up-to-date: /home/avi/ros2_ws/src/install/ei_interfaces/lib/libei_interfaces__rosidl_generator_c.so
[0.876s] -- Up-to-date: /home/avi/ros2_ws/src/install/ei_interfaces/include/ei_interfaces/ei_interfaces
[0.877s] -- Up-to-date: /home/avi/ros2_ws/src/install/ei_interfaces/include/ei_interfaces/ei_interfaces/msg
[0.877s] -- Up-to-date: /home/avi/ros2_ws/src/install/ei_interfaces/include/ei_interfaces/ei_interfaces/msg/rosidl_typesupport_fastrtps_c__visibility_control.h
[0.877s] -- Up-to-date: /home/avi/ros2_ws/src/install/ei_interfaces/include/ei_interfaces/ei_interfaces/msg/detail
[0.877s] -- Up-to-date: /home/avi/ros2_ws/src/install/ei_interfaces/include/ei_interfaces/ei_interfaces/msg/detail/ei_classification__rosidl_typesupport_fastrtps_c.h
[0.877s] -- Up-to-date: /home/avi/ros2_ws/src/install/ei_interfaces/include/ei_interfaces/ei_interfaces/msg/detail/ei_result__rosidl_typesupport_fastrtps_c.h
[0.877s] -- Up-to-date: /home/avi/ros2_ws/src/install/ei_interfaces/lib/libei_interfaces__rosidl_typesupport_fastrtps_c.so
[0.877s] -- Up-to-date: /home/avi/ros2_ws/src/install/ei_interfaces/include/ei_interfaces/ei_interfaces
[0.877s] -- Up-to-date: /home/avi/ros2_ws/src/install/ei_interfaces/include/ei_interfaces/ei_interfaces/msg
[0.877s] -- Up-to-date: /home/avi/ros2_ws/src/install/ei_interfaces/include/ei_interfaces/ei_interfaces/msg/detail
[0.877s] -- Up-to-date: /home/avi/ros2_ws/src/install/ei_interfaces/include/ei_interfaces/ei_interfaces/msg/detail/ei_classification__rosidl_typesupport_introspection_c.h
[0.878s] -- Up-to-date: /home/avi/ros2_ws/src/install/ei_interfaces/include/ei_interfaces/ei_interfaces/msg/detail/ei_result__type_support.c
[0.878s] -- Up-to-date: /home/avi/ros2_ws/src/install/ei_interfaces/include/ei_interfaces/ei_interfaces/msg/detail/ei_classification__type_support.c
[0.878s] -- Up-to-date: /home/avi/ros2_ws/src/install/ei_interfaces/include/ei_interfaces/ei_interfaces/msg/detail/ei_result__rosidl_typesupport_introspection_c.h
[0.878s] -- Up-to-date: /home/avi/ros2_ws/src/install/ei_interfaces/include/ei_interfaces/ei_interfaces/msg/rosidl_typesupport_introspection_c__visibility_control.h
[0.878s] -- Up-to-date: /home/avi/ros2_ws/src/install/ei_interfaces/lib/libei_interfaces__rosidl_typesupport_introspection_c.so
[0.878s] -- Up-to-date: /home/avi/ros2_ws/src/install/ei_interfaces/lib/libei_interfaces__rosidl_typesupport_c.so
[0.878s] -- Up-to-date: /home/avi/ros2_ws/src/install/ei_interfaces/include/ei_interfaces/ei_interfaces
[0.878s] -- Up-to-date: /home/avi/ros2_ws/src/install/ei_interfaces/include/ei_interfaces/ei_interfaces/msg
[0.878s] -- Up-to-date: /home/avi/ros2_ws/src/install/ei_interfaces/include/ei_interfaces/ei_interfaces/msg/ei_result.hpp
[0.878s] -- Up-to-date: /home/avi/ros2_ws/src/install/ei_interfaces/include/ei_interfaces/ei_interfaces/msg/detail
[0.878s] -- Up-to-date: /home/avi/ros2_ws/src/install/ei_interfaces/include/ei_interfaces/ei_interfaces/msg/detail/ei_classification__struct.hpp
[0.878s] -- Up-to-date: /home/avi/ros2_ws/src/install/ei_interfaces/include/ei_interfaces/ei_interfaces/msg/detail/ei_result__struct.hpp
[0.878s] -- Up-to-date: /home/avi/ros2_ws/src/install/ei_interfaces/include/ei_interfaces/ei_interfaces/msg/detail/ei_classification__builder.hpp
[0.878s] -- Up-to-date: /home/avi/ros2_ws/src/install/ei_interfaces/include/ei_interfaces/ei_interfaces/msg/detail/ei_result__builder.hpp
[0.878s] -- Up-to-date: /home/avi/ros2_ws/src/install/ei_interfaces/include/ei_interfaces/ei_interfaces/msg/detail/ei_classification__traits.hpp
[0.878s] -- Up-to-date: /home/avi/ros2_ws/src/install/ei_interfaces/include/ei_interfaces/ei_interfaces/msg/detail/ei_result__traits.hpp
[0.879s] -- Up-to-date: /home/avi/ros2_ws/src/install/ei_interfaces/include/ei_interfaces/ei_interfaces/msg/ei_classification.hpp
[0.879s] -- Up-to-date: /home/avi/ros2_ws/src/install/ei_interfaces/include/ei_interfaces/ei_interfaces
[0.879s] -- Up-to-date: /home/avi/ros2_ws/src/install/ei_interfaces/include/ei_interfaces/ei_interfaces/msg
[0.879s] -- Up-to-date: /home/avi/ros2_ws/src/install/ei_interfaces/include/ei_interfaces/ei_interfaces/msg/detail
[0.879s] -- Up-to-date: /home/avi/ros2_ws/src/install/ei_interfaces/include/ei_interfaces/ei_interfaces/msg/detail/ei_result__rosidl_typesupport_fastrtps_cpp.hpp
[0.879s] -- Up-to-date: /home/avi/ros2_ws/src/install/ei_interfaces/include/ei_interfaces/ei_interfaces/msg/detail/dds_fastrtps
[0.879s] -- Up-to-date: /home/avi/ros2_ws/src/install/ei_interfaces/include/ei_interfaces/ei_interfaces/msg/detail/ei_classification__rosidl_typesupport_fastrtps_cpp.hpp
[0.879s] -- Up-to-date: /home/avi/ros2_ws/src/install/ei_interfaces/include/ei_interfaces/ei_interfaces/msg/rosidl_typesupport_fastrtps_cpp__visibility_control.h
[0.879s] -- Up-to-date: /home/avi/ros2_ws/src/install/ei_interfaces/lib/libei_interfaces__rosidl_typesupport_fastrtps_cpp.so
[0.879s] -- Up-to-date: /home/avi/ros2_ws/src/install/ei_interfaces/include/ei_interfaces/ei_interfaces
[0.879s] -- Up-to-date: /home/avi/ros2_ws/src/install/ei_interfaces/include/ei_interfaces/ei_interfaces/msg
[0.879s] -- Up-to-date: /home/avi/ros2_ws/src/install/ei_interfaces/include/ei_interfaces/ei_interfaces/msg/detail
[0.879s] -- Up-to-date: /home/avi/ros2_ws/src/install/ei_interfaces/include/ei_interfaces/ei_interfaces/msg/detail/ei_result__rosidl_typesupport_introspection_cpp.hpp
[0.879s] -- Up-to-date: /home/avi/ros2_ws/src/install/ei_interfaces/include/ei_interfaces/ei_interfaces/msg/detail/ei_result__type_support.cpp
[0.879s] -- Up-to-date: /home/avi/ros2_ws/src/install/ei_interfaces/include/ei_interfaces/ei_interfaces/msg/detail/ei_classification__rosidl_typesupport_introspection_cpp.hpp
[0.879s] -- Up-to-date: /home/avi/ros2_ws/src/install/ei_interfaces/include/ei_interfaces/ei_interfaces/msg/detail/ei_classification__type_support.cpp
[0.879s] -- Up-to-date: /home/avi/ros2_ws/src/install/ei_interfaces/lib/libei_interfaces__rosidl_typesupport_introspection_cpp.so
[0.879s] -- Up-to-date: /home/avi/ros2_ws/src/install/ei_interfaces/lib/libei_interfaces__rosidl_typesupport_cpp.so
[0.879s] -- Up-to-date: /home/avi/ros2_ws/src/install/ei_interfaces/share/ei_interfaces/environment/pythonpath.sh
[0.879s] -- Installing: /home/avi/ros2_ws/src/install/ei_interfaces/share/ei_interfaces/environment/pythonpath.dsv
[0.879s] -- Up-to-date: /home/avi/ros2_ws/src/install/ei_interfaces/local/lib/python3.10/dist-packages/ei_interfaces-0.0.0-py3.10.egg-info
[0.879s] -- Installing: /home/avi/ros2_ws/src/install/ei_interfaces/local/lib/python3.10/dist-packages/ei_interfaces-0.0.0-py3.10.egg-info/top_level.txt
[0.879s] -- Installing: /home/avi/ros2_ws/src/install/ei_interfaces/local/lib/python3.10/dist-packages/ei_interfaces-0.0.0-py3.10.egg-info/PKG-INFO
[0.879s] -- Installing: /home/avi/ros2_ws/src/install/ei_interfaces/local/lib/python3.10/dist-packages/ei_interfaces-0.0.0-py3.10.egg-info/dependency_links.txt
[0.879s] -- Installing: /home/avi/ros2_ws/src/install/ei_interfaces/local/lib/python3.10/dist-packages/ei_interfaces-0.0.0-py3.10.egg-info/SOURCES.txt
[0.879s] -- Up-to-date: /home/avi/ros2_ws/src/install/ei_interfaces/local/lib/python3.10/dist-packages/ei_interfaces
[0.879s] -- Up-to-date: /home/avi/ros2_ws/src/install/ei_interfaces/local/lib/python3.10/dist-packages/ei_interfaces/_ei_interfaces_s.ep.rosidl_typesupport_fastrtps_c.c
[0.879s] -- Installing: /home/avi/ros2_ws/src/install/ei_interfaces/local/lib/python3.10/dist-packages/ei_interfaces/__init__.py
[0.880s] -- Up-to-date: /home/avi/ros2_ws/src/install/ei_interfaces/local/lib/python3.10/dist-packages/ei_interfaces/libei_interfaces__rosidl_generator_py.so
[0.880s] -- Up-to-date: /home/avi/ros2_ws/src/install/ei_interfaces/local/lib/python3.10/dist-packages/ei_interfaces/_ei_interfaces_s.ep.rosidl_typesupport_c.c
[0.880s] -- Up-to-date: /home/avi/ros2_ws/src/install/ei_interfaces/local/lib/python3.10/dist-packages/ei_interfaces/ei_interfaces_s__rosidl_typesupport_fastrtps_c.cpython-310-x86_64-linux-gnu.so
[0.880s] -- Up-to-date: /home/avi/ros2_ws/src/install/ei_interfaces/local/lib/python3.10/dist-packages/ei_interfaces/ei_interfaces_s__rosidl_typesupport_introspection_c.cpython-310-x86_64-linux-gnu.so
[0.880s] -- Up-to-date: /home/avi/ros2_ws/src/install/ei_interfaces/local/lib/python3.10/dist-packages/ei_interfaces/ei_interfaces_s__rosidl_typesupport_c.cpython-310-x86_64-linux-gnu.so
[0.880s] -- Up-to-date: /home/avi/ros2_ws/src/install/ei_interfaces/local/lib/python3.10/dist-packages/ei_interfaces/_ei_interfaces_s.ep.rosidl_typesupport_introspection_c.c
[0.880s] -- Up-to-date: /home/avi/ros2_ws/src/install/ei_interfaces/local/lib/python3.10/dist-packages/ei_interfaces/msg
[0.880s] -- Up-to-date: /home/avi/ros2_ws/src/install/ei_interfaces/local/lib/python3.10/dist-packages/ei_interfaces/msg/_ei_result_s.c
[0.880s] -- Up-to-date: /home/avi/ros2_ws/src/install/ei_interfaces/local/lib/python3.10/dist-packages/ei_interfaces/msg/_ei_result.py
[0.880s] -- Up-to-date: /home/avi/ros2_ws/src/install/ei_interfaces/local/lib/python3.10/dist-packages/ei_interfaces/msg/__init__.py
[0.880s] -- Up-to-date: /home/avi/ros2_ws/src/install/ei_interfaces/local/lib/python3.10/dist-packages/ei_interfaces/msg/_ei_classification.py
[0.880s] -- Up-to-date: /home/avi/ros2_ws/src/install/ei_interfaces/local/lib/python3.10/dist-packages/ei_interfaces/msg/_ei_classification_s.c
[0.897s] Listing '/home/avi/ros2_ws/src/install/ei_interfaces/local/lib/python3.10/dist-packages/ei_interfaces'...
[0.898s] Compiling '/home/avi/ros2_ws/src/install/ei_interfaces/local/lib/python3.10/dist-packages/ei_interfaces/__init__.py'...
[0.898s] Listing '/home/avi/ros2_ws/src/install/ei_interfaces/local/lib/python3.10/dist-packages/ei_interfaces/msg'...
[0.900s] -- Up-to-date: /home/avi/ros2_ws/src/install/ei_interfaces/local/lib/python3.10/dist-packages/ei_interfaces/ei_interfaces_s__rosidl_typesupport_fastrtps_c.cpython-310-x86_64-linux-gnu.so
[0.900s] -- Up-to-date: /home/avi/ros2_ws/src/install/ei_interfaces/local/lib/python3.10/dist-packages/ei_interfaces/ei_interfaces_s__rosidl_typesupport_introspection_c.cpython-310-x86_64-linux-gnu.so
[0.900s] -- Up-to-date: /home/avi/ros2_ws/src/install/ei_interfaces/local/lib/python3.10/dist-packages/ei_interfaces/ei_interfaces_s__rosidl_typesupport_c.cpython-310-x86_64-linux-gnu.so
[0.901s] -- Up-to-date: /home/avi/ros2_ws/src/install/ei_interfaces/lib/libei_interfaces__rosidl_generator_py.so
[0.901s] -- Up-to-date: /home/avi/ros2_ws/src/install/ei_interfaces/share/ei_interfaces/msg/EIClassification.idl
[0.901s] -- Up-to-date: /home/avi/ros2_ws/src/install/ei_interfaces/share/ei_interfaces/msg/EIResult.idl
[0.901s] -- Installing: /home/avi/ros2_ws/src/install/ei_interfaces/share/ei_interfaces/msg/EIClassification.msg
[0.901s] -- Installing: /home/avi/ros2_ws/src/install/ei_interfaces/share/ei_interfaces/msg/EIResult.msg
[0.901s] -- Up-to-date: /home/avi/ros2_ws/src/install/ei_interfaces/share/ament_index/resource_index/package_run_dependencies/ei_interfaces
[0.901s] -- Up-to-date: /home/avi/ros2_ws/src/install/ei_interfaces/share/ament_index/resource_index/parent_prefix_path/ei_interfaces
[0.901s] -- Up-to-date: /home/avi/ros2_ws/src/install/ei_interfaces/share/ei_interfaces/environment/ament_prefix_path.sh
[0.901s] -- Installing: /home/avi/ros2_ws/src/install/ei_interfaces/share/ei_interfaces/environment/ament_prefix_path.dsv
[0.901s] -- Up-to-date: /home/avi/ros2_ws/src/install/ei_interfaces/share/ei_interfaces/environment/path.sh
[0.901s] -- Installing: /home/avi/ros2_ws/src/install/ei_interfaces/share/ei_interfaces/environment/path.dsv
[0.901s] -- Up-to-date: /home/avi/ros2_ws/src/install/ei_interfaces/share/ei_interfaces/local_setup.bash
[0.901s] -- Up-to-date: /home/avi/ros2_ws/src/install/ei_interfaces/share/ei_interfaces/local_setup.sh
[0.901s] -- Up-to-date: /home/avi/ros2_ws/src/install/ei_interfaces/share/ei_interfaces/local_setup.zsh
[0.901s] -- Installing: /home/avi/ros2_ws/src/install/ei_interfaces/share/ei_interfaces/local_setup.dsv
[0.901s] -- Installing: /home/avi/ros2_ws/src/install/ei_interfaces/share/ei_interfaces/package.dsv
[0.901s] -- Up-to-date: /home/avi/ros2_ws/src/install/ei_interfaces/share/ament_index/resource_index/packages/ei_interfaces
[0.901s] -- Up-to-date: /home/avi/ros2_ws/src/install/ei_interfaces/share/ei_interfaces/cmake/export_ei_interfaces__rosidl_generator_cExport.cmake
[0.901s] -- Up-to-date: /home/avi/ros2_ws/src/install/ei_interfaces/share/ei_interfaces/cmake/export_ei_interfaces__rosidl_generator_cExport-noconfig.cmake
[0.902s] -- Up-to-date: /home/avi/ros2_ws/src/install/ei_interfaces/share/ei_interfaces/cmake/export_ei_interfaces__rosidl_typesupport_fastrtps_cExport.cmake
[0.902s] -- Up-to-date: /home/avi/ros2_ws/src/install/ei_interfaces/share/ei_interfaces/cmake/export_ei_interfaces__rosidl_typesupport_fastrtps_cExport-noconfig.cmake
[0.902s] -- Up-to-date: /home/avi/ros2_ws/src/install/ei_interfaces/share/ei_interfaces/cmake/ei_interfaces__rosidl_typesupport_introspection_cExport.cmake
[0.902s] -- Up-to-date: /home/avi/ros2_ws/src/install/ei_interfaces/share/ei_interfaces/cmake/ei_interfaces__rosidl_typesupport_introspection_cExport-noconfig.cmake
[0.902s] -- Up-to-date: /home/avi/ros2_ws/src/install/ei_interfaces/share/ei_interfaces/cmake/ei_interfaces__rosidl_typesupport_cExport.cmake
[0.902s] -- Up-to-date: /home/avi/ros2_ws/src/install/ei_interfaces/share/ei_interfaces/cmake/ei_interfaces__rosidl_typesupport_cExport-noconfig.cmake
[0.902s] -- Up-to-date: /home/avi/ros2_ws/src/install/ei_interfaces/share/ei_interfaces/cmake/export_ei_interfaces__rosidl_generator_cppExport.cmake
[0.902s] -- Up-to-date: /home/avi/ros2_ws/src/install/ei_interfaces/share/ei_interfaces/cmake/export_ei_interfaces__rosidl_typesupport_fastrtps_cppExport.cmake
[0.902s] -- Up-to-date: /home/avi/ros2_ws/src/install/ei_interfaces/share/ei_interfaces/cmake/export_ei_interfaces__rosidl_typesupport_fastrtps_cppExport-noconfig.cmake
[0.902s] -- Up-to-date: /home/avi/ros2_ws/src/install/ei_interfaces/share/ei_interfaces/cmake/ei_interfaces__rosidl_typesupport_introspection_cppExport.cmake
[0.902s] -- Up-to-date: /home/avi/ros2_ws/src/install/ei_interfaces/share/ei_interfaces/cmake/ei_interfaces__rosidl_typesupport_introspection_cppExport-noconfig.cmake
[0.902s] -- Up-to-date: /home/avi/ros2_ws/src/install/ei_interfaces/share/ei_interfaces/cmake/ei_interfaces__rosidl_typesupport_cppExport.cmake
[0.902s] -- Up-to-date: /home/avi/ros2_ws/src/install/ei_interfaces/share/ei_interfaces/cmake/ei_interfaces__rosidl_typesupport_cppExport-noconfig.cmake
[0.902s] -- Up-to-date: /home/avi/ros2_ws/src/install/ei_interfaces/share/ei_interfaces/cmake/export_ei_interfaces__rosidl_generator_pyExport.cmake
[0.902s] -- Up-to-date: /home/avi/ros2_ws/src/install/ei_interfaces/share/ei_interfaces/cmake/export_ei_interfaces__rosidl_generator_pyExport-noconfig.cmake
[0.902s] -- Up-to-date: /home/avi/ros2_ws/src/install/ei_interfaces/share/ei_interfaces/cmake/rosidl_cmake-extras.cmake
[0.902s] -- Up-to-date: /home/avi/ros2_ws/src/install/ei_interfaces/share/ei_interfaces/cmake/ament_cmake_export_include_directories-extras.cmake
[0.902s] -- Up-to-date: /home/avi/ros2_ws/src/install/ei_interfaces/share/ei_interfaces/cmake/ament_cmake_export_libraries-extras.cmake
[0.902s] -- Up-to-date: /home/avi/ros2_ws/src/install/ei_interfaces/share/ei_interfaces/cmake/ament_cmake_export_targets-extras.cmake
[0.902s] -- Up-to-date: /home/avi/ros2_ws/src/install/ei_interfaces/share/ei_interfaces/cmake/rosidl_cmake_export_typesupport_targets-extras.cmake
[0.902s] -- Up-to-date: /home/avi/ros2_ws/src/install/ei_interfaces/share/ei_interfaces/cmake/ament_cmake_export_dependencies-extras.cmake
[0.902s] -- Up-to-date: /home/avi/ros2_ws/src/install/ei_interfaces/share/ei_interfaces/cmake/rosidl_cmake_export_typesupport_libraries-extras.cmake
[0.902s] -- Up-to-date: /home/avi/ros2_ws/src/install/ei_interfaces/share/ei_interfaces/cmake/ei_interfacesConfig.cmake
[0.902s] -- Up-to-date: /home/avi/ros2_ws/src/install/ei_interfaces/share/ei_interfaces/cmake/ei_interfacesConfig-version.cmake
[0.902s] -- Installing: /home/avi/ros2_ws/src/install/ei_interfaces/share/ei_interfaces/package.xml
[0.904s] Invoked command in '/home/avi/ros2_ws/src/build/ei_interfaces' returned '0': CMAKE_PREFIX_PATH=${CMAKE_PREFIX_PATH}:/opt/ros/humble /usr/bin/cmake --install /home/avi/ros2_ws/src/build/ei_interfaces
