-- The C compiler identification is GNU 11.2.0
-- The CXX compiler identification is GNU 11.2.0
-- Detecting C compiler ABI info
-- Detecting C compiler ABI info - done
-- Check for working C compiler: /usr/bin/cc - skipped
-- Detecting C compile features
-- Detecting C compile features - done
-- Detecting CXX compiler ABI info
-- Detecting CXX compiler ABI info - done
-- Check for working CXX compiler: /usr/bin/c++ - skipped
-- Detecting CXX compile features
-- Detecting CXX compile features - done
-- Found ament_cmake: 1.3.2 (/opt/ros/humble/share/ament_cmake/cmake)
-- Found Python3: /usr/bin/python3.10 (found version "3.10.4") found components: Interpreter 
-- Found ament_lint_auto: 0.12.4 (/opt/ros/humble/share/ament_lint_auto/cmake)
-- Found rosidl_default_generators: 1.2.0 (/opt/ros/humble/share/rosidl_default_generators/cmake)
-- Using all available rosidl_typesupport_c: rosidl_typesupport_fastrtps_c;rosidl_typesupport_introspection_c
-- Found rosidl_adapter: 3.1.3 (/opt/ros/humble/share/rosidl_adapter/cmake)
-- Using all available rosidl_typesupport_cpp: rosidl_typesupport_fastrtps_cpp;rosidl_typesupport_introspection_cpp
-- Found ament_cmake_ros: 0.10.0 (/opt/ros/humble/share/ament_cmake_ros/cmake)
-- Using all available rosidl_typesupport_c: rosidl_typesupport_fastrtps_c;rosidl_typesupport_introspection_c
-- Using all available rosidl_typesupport_cpp: rosidl_typesupport_fastrtps_cpp;rosidl_typesupport_introspection_cpp
-- Found PythonInterp: /usr/bin/python3 (found suitable version "3.10.4", minimum required is "3.6") 
-- Found python_cmake_module: 0.10.0 (/opt/ros/humble/share/python_cmake_module/cmake)
-- Found PythonLibs: /usr/lib/x86_64-linux-gnu/libpython3.10.so (found suitable version "3.10.4", minimum required is "3.5") 
-- Using PYTHON_EXECUTABLE: /usr/bin/python3
-- Using PYTHON_INCLUDE_DIRS: /usr/include/python3.10
-- Using PYTHON_LIBRARIES: /usr/lib/x86_64-linux-gnu/libpython3.10.so
-- Found PythonExtra: .so  
-- Added test 'lint_cmake' to check CMake code style
-- Added test 'xmllint' to check XML markup files
-- Configuring done
-- Generating done
-- Build files have been written to: /home/avi/ros2_ws/src/build/ei_interfaces
[  2%] [34m[1mGenerating C code for ROS interfaces[0m
[  5%] [34m[1mGenerating C++ code for ROS interfaces[0m
[  5%] Built target ament_cmake_python_copy_ei_interfaces
running egg_info
creating ei_interfaces.egg-info
writing ei_interfaces.egg-info/PKG-INFO
writing dependency_links to ei_interfaces.egg-info/dependency_links.txt
writing top-level names to ei_interfaces.egg-info/top_level.txt
writing manifest file 'ei_interfaces.egg-info/SOURCES.txt'
reading manifest file 'ei_interfaces.egg-info/SOURCES.txt'
writing manifest file 'ei_interfaces.egg-info/SOURCES.txt'
[  5%] Built target ament_cmake_python_build_ei_interfaces_egg
[  5%] Built target ei_interfaces__cpp
[ 10%] [34m[1mGenerating C++ type support for eProsima Fast-RTPS[0m
[ 10%] [34m[1mGenerating C++ introspection for ROS interfaces[0m
[ 12%] [34m[1mGenerating C++ type support dispatch for ROS interfaces[0m
[ 15%] [32mBuilding C object CMakeFiles/ei_interfaces__rosidl_generator_c.dir/rosidl_generator_c/ei_interfaces/msg/detail/ei_classification__functions.c.o[0m
[ 17%] [32mBuilding C object CMakeFiles/ei_interfaces__rosidl_generator_c.dir/rosidl_generator_c/ei_interfaces/msg/detail/ei_result__functions.c.o[0m
[ 20%] [32m[1mLinking C shared library libei_interfaces__rosidl_generator_c.so[0m
[ 20%] Built target ei_interfaces__rosidl_generator_c
[ 23%] [34m[1mGenerating C introspection for ROS interfaces[0m
[ 28%] [34m[1mGenerating C type support dispatch for ROS interfaces[0m
[ 28%] [34m[1mGenerating C type support for eProsima Fast-RTPS[0m
[ 33%] [32mBuilding CXX object CMakeFiles/ei_interfaces__rosidl_typesupport_cpp.dir/rosidl_typesupport_cpp/ei_interfaces/msg/ei_classification__type_support.cpp.o[0m
[ 33%] [32mBuilding CXX object CMakeFiles/ei_interfaces__rosidl_typesupport_cpp.dir/rosidl_typesupport_cpp/ei_interfaces/msg/ei_result__type_support.cpp.o[0m
[ 38%] [32mBuilding CXX object CMakeFiles/ei_interfaces__rosidl_typesupport_fastrtps_cpp.dir/rosidl_typesupport_fastrtps_cpp/ei_interfaces/msg/detail/dds_fastrtps/ei_classification__type_support.cpp.o[0m
[ 38%] [32mBuilding CXX object CMakeFiles/ei_interfaces__rosidl_typesupport_fastrtps_cpp.dir/rosidl_typesupport_fastrtps_cpp/ei_interfaces/msg/detail/dds_fastrtps/ei_result__type_support.cpp.o[0m
[ 41%] [32mBuilding CXX object CMakeFiles/ei_interfaces__rosidl_typesupport_introspection_cpp.dir/rosidl_typesupport_introspection_cpp/ei_interfaces/msg/detail/ei_classification__type_support.cpp.o[0m
[ 43%] [32mBuilding CXX object CMakeFiles/ei_interfaces__rosidl_typesupport_c.dir/rosidl_typesupport_c/ei_interfaces/msg/ei_classification__type_support.cpp.o[0m
[ 46%] [32mBuilding CXX object CMakeFiles/ei_interfaces__rosidl_typesupport_c.dir/rosidl_typesupport_c/ei_interfaces/msg/ei_result__type_support.cpp.o[0m
[ 48%] [32mBuilding C object CMakeFiles/ei_interfaces__rosidl_typesupport_introspection_c.dir/rosidl_typesupport_introspection_c/ei_interfaces/msg/detail/ei_classification__type_support.c.o[0m
[ 51%] [32m[1mLinking CXX shared library libei_interfaces__rosidl_typesupport_c.so[0m
[ 53%] [32mBuilding CXX object CMakeFiles/ei_interfaces__rosidl_typesupport_fastrtps_c.dir/rosidl_typesupport_fastrtps_c/ei_interfaces/msg/detail/ei_classification__type_support_c.cpp.o[0m
[ 56%] [32mBuilding CXX object CMakeFiles/ei_interfaces__rosidl_typesupport_fastrtps_c.dir/rosidl_typesupport_fastrtps_c/ei_interfaces/msg/detail/ei_result__type_support_c.cpp.o[0m
[ 58%] [32mBuilding C object CMakeFiles/ei_interfaces__rosidl_typesupport_introspection_c.dir/rosidl_typesupport_introspection_c/ei_interfaces/msg/detail/ei_result__type_support.c.o[0m
[ 61%] [32m[1mLinking CXX shared library libei_interfaces__rosidl_typesupport_cpp.so[0m
[ 61%] Built target ei_interfaces__rosidl_typesupport_c
[ 64%] [32mBuilding CXX object CMakeFiles/ei_interfaces__rosidl_typesupport_introspection_cpp.dir/rosidl_typesupport_introspection_cpp/ei_interfaces/msg/detail/ei_result__type_support.cpp.o[0m
[ 66%] [32m[1mLinking C shared library libei_interfaces__rosidl_typesupport_introspection_c.so[0m
[ 66%] Built target ei_interfaces__rosidl_typesupport_cpp
[ 66%] Built target ei_interfaces__rosidl_typesupport_introspection_c
[ 69%] [32m[1mLinking CXX shared library libei_interfaces__rosidl_typesupport_fastrtps_cpp.so[0m
[ 71%] [32m[1mLinking CXX shared library libei_interfaces__rosidl_typesupport_fastrtps_c.so[0m
[ 71%] Built target ei_interfaces__rosidl_typesupport_fastrtps_cpp
[ 71%] Built target ei_interfaces__rosidl_typesupport_fastrtps_c
[ 74%] [32m[1mLinking CXX shared library libei_interfaces__rosidl_typesupport_introspection_cpp.so[0m
[ 74%] Built target ei_interfaces__rosidl_typesupport_introspection_cpp
[ 74%] Built target ei_interfaces
[ 76%] [34m[1mGenerating Python code for ROS interfaces[0m
[ 76%] Built target ei_interfaces__py
[ 82%] [32mBuilding C object CMakeFiles/ei_interfaces__rosidl_generator_py.dir/rosidl_generator_py/ei_interfaces/msg/_ei_classification_s.c.o[0m
[ 82%] [32mBuilding C object CMakeFiles/ei_interfaces__rosidl_generator_py.dir/rosidl_generator_py/ei_interfaces/msg/_ei_result_s.c.o[0m
[ 84%] [32m[1mLinking C shared library rosidl_generator_py/ei_interfaces/libei_interfaces__rosidl_generator_py.so[0m
[ 84%] Built target ei_interfaces__rosidl_generator_py
[ 92%] [32mBuilding C object CMakeFiles/ei_interfaces__rosidl_typesupport_fastrtps_c__pyext.dir/rosidl_generator_py/ei_interfaces/_ei_interfaces_s.ep.rosidl_typesupport_fastrtps_c.c.o[0m
[ 92%] [32mBuilding C object CMakeFiles/ei_interfaces__rosidl_typesupport_c__pyext.dir/rosidl_generator_py/ei_interfaces/_ei_interfaces_s.ep.rosidl_typesupport_c.c.o[0m
[ 92%] [32mBuilding C object CMakeFiles/ei_interfaces__rosidl_typesupport_introspection_c__pyext.dir/rosidl_generator_py/ei_interfaces/_ei_interfaces_s.ep.rosidl_typesupport_introspection_c.c.o[0m
[ 97%] [32m[1mLinking C shared library rosidl_generator_py/ei_interfaces/ei_interfaces_s__rosidl_typesupport_c.cpython-310-x86_64-linux-gnu.so[0m
[ 97%] [32m[1mLinking C shared library rosidl_generator_py/ei_interfaces/ei_interfaces_s__rosidl_typesupport_introspection_c.cpython-310-x86_64-linux-gnu.so[0m
[100%] [32m[1mLinking C shared library rosidl_generator_py/ei_interfaces/ei_interfaces_s__rosidl_typesupport_fastrtps_c.cpython-310-x86_64-linux-gnu.so[0m
[100%] Built target ei_interfaces__rosidl_typesupport_fastrtps_c__pyext
[100%] Built target ei_interfaces__rosidl_typesupport_introspection_c__pyext
[100%] Built target ei_interfaces__rosidl_typesupport_c__pyext
-- Install configuration: ""
-- Installing: /home/avi/ros2_ws/src/install/ei_interfaces/share/ament_index/resource_index/rosidl_interfaces/ei_interfaces
-- Installing: /home/avi/ros2_ws/src/install/ei_interfaces/include/ei_interfaces/ei_interfaces
-- Installing: /home/avi/ros2_ws/src/install/ei_interfaces/include/ei_interfaces/ei_interfaces/msg
-- Installing: /home/avi/ros2_ws/src/install/ei_interfaces/include/ei_interfaces/ei_interfaces/msg/ei_classification.h
-- Installing: /home/avi/ros2_ws/src/install/ei_interfaces/include/ei_interfaces/ei_interfaces/msg/ei_result.h
-- Installing: /home/avi/ros2_ws/src/install/ei_interfaces/include/ei_interfaces/ei_interfaces/msg/detail
-- Installing: /home/avi/ros2_ws/src/install/ei_interfaces/include/ei_interfaces/ei_interfaces/msg/detail/ei_classification__struct.h
-- Installing: /home/avi/ros2_ws/src/install/ei_interfaces/include/ei_interfaces/ei_interfaces/msg/detail/ei_classification__type_support.h
-- Installing: /home/avi/ros2_ws/src/install/ei_interfaces/include/ei_interfaces/ei_interfaces/msg/detail/ei_result__struct.h
-- Installing: /home/avi/ros2_ws/src/install/ei_interfaces/include/ei_interfaces/ei_interfaces/msg/detail/ei_classification__functions.h
-- Installing: /home/avi/ros2_ws/src/install/ei_interfaces/include/ei_interfaces/ei_interfaces/msg/detail/ei_result__functions.h
-- Installing: /home/avi/ros2_ws/src/install/ei_interfaces/include/ei_interfaces/ei_interfaces/msg/detail/ei_result__functions.c
-- Installing: /home/avi/ros2_ws/src/install/ei_interfaces/include/ei_interfaces/ei_interfaces/msg/detail/ei_classification__functions.c
-- Installing: /home/avi/ros2_ws/src/install/ei_interfaces/include/ei_interfaces/ei_interfaces/msg/detail/ei_result__type_support.h
-- Installing: /home/avi/ros2_ws/src/install/ei_interfaces/include/ei_interfaces/ei_interfaces/msg/rosidl_generator_c__visibility_control.h
-- Installing: /home/avi/ros2_ws/src/install/ei_interfaces/share/ei_interfaces/environment/library_path.sh
-- Installing: /home/avi/ros2_ws/src/install/ei_interfaces/share/ei_interfaces/environment/library_path.dsv
-- Installing: /home/avi/ros2_ws/src/install/ei_interfaces/lib/libei_interfaces__rosidl_generator_c.so
-- Set runtime path of "/home/avi/ros2_ws/src/install/ei_interfaces/lib/libei_interfaces__rosidl_generator_c.so" to ""
-- Up-to-date: /home/avi/ros2_ws/src/install/ei_interfaces/include/ei_interfaces/ei_interfaces
-- Up-to-date: /home/avi/ros2_ws/src/install/ei_interfaces/include/ei_interfaces/ei_interfaces/msg
-- Installing: /home/avi/ros2_ws/src/install/ei_interfaces/include/ei_interfaces/ei_interfaces/msg/rosidl_typesupport_fastrtps_c__visibility_control.h
-- Up-to-date: /home/avi/ros2_ws/src/install/ei_interfaces/include/ei_interfaces/ei_interfaces/msg/detail
-- Installing: /home/avi/ros2_ws/src/install/ei_interfaces/include/ei_interfaces/ei_interfaces/msg/detail/ei_classification__rosidl_typesupport_fastrtps_c.h
-- Installing: /home/avi/ros2_ws/src/install/ei_interfaces/include/ei_interfaces/ei_interfaces/msg/detail/ei_result__rosidl_typesupport_fastrtps_c.h
-- Installing: /home/avi/ros2_ws/src/install/ei_interfaces/lib/libei_interfaces__rosidl_typesupport_fastrtps_c.so
-- Set runtime path of "/home/avi/ros2_ws/src/install/ei_interfaces/lib/libei_interfaces__rosidl_typesupport_fastrtps_c.so" to ""
-- Up-to-date: /home/avi/ros2_ws/src/install/ei_interfaces/include/ei_interfaces/ei_interfaces
-- Up-to-date: /home/avi/ros2_ws/src/install/ei_interfaces/include/ei_interfaces/ei_interfaces/msg
-- Up-to-date: /home/avi/ros2_ws/src/install/ei_interfaces/include/ei_interfaces/ei_interfaces/msg/detail
-- Installing: /home/avi/ros2_ws/src/install/ei_interfaces/include/ei_interfaces/ei_interfaces/msg/detail/ei_classification__rosidl_typesupport_introspection_c.h
-- Installing: /home/avi/ros2_ws/src/install/ei_interfaces/include/ei_interfaces/ei_interfaces/msg/detail/ei_result__type_support.c
-- Installing: /home/avi/ros2_ws/src/install/ei_interfaces/include/ei_interfaces/ei_interfaces/msg/detail/ei_classification__type_support.c
-- Installing: /home/avi/ros2_ws/src/install/ei_interfaces/include/ei_interfaces/ei_interfaces/msg/detail/ei_result__rosidl_typesupport_introspection_c.h
-- Installing: /home/avi/ros2_ws/src/install/ei_interfaces/include/ei_interfaces/ei_interfaces/msg/rosidl_typesupport_introspection_c__visibility_control.h
-- Installing: /home/avi/ros2_ws/src/install/ei_interfaces/lib/libei_interfaces__rosidl_typesupport_introspection_c.so
-- Set runtime path of "/home/avi/ros2_ws/src/install/ei_interfaces/lib/libei_interfaces__rosidl_typesupport_introspection_c.so" to ""
-- Installing: /home/avi/ros2_ws/src/install/ei_interfaces/lib/libei_interfaces__rosidl_typesupport_c.so
-- Set runtime path of "/home/avi/ros2_ws/src/install/ei_interfaces/lib/libei_interfaces__rosidl_typesupport_c.so" to ""
-- Up-to-date: /home/avi/ros2_ws/src/install/ei_interfaces/include/ei_interfaces/ei_interfaces
-- Up-to-date: /home/avi/ros2_ws/src/install/ei_interfaces/include/ei_interfaces/ei_interfaces/msg
-- Installing: /home/avi/ros2_ws/src/install/ei_interfaces/include/ei_interfaces/ei_interfaces/msg/ei_result.hpp
-- Up-to-date: /home/avi/ros2_ws/src/install/ei_interfaces/include/ei_interfaces/ei_interfaces/msg/detail
-- Installing: /home/avi/ros2_ws/src/install/ei_interfaces/include/ei_interfaces/ei_interfaces/msg/detail/ei_classification__struct.hpp
-- Installing: /home/avi/ros2_ws/src/install/ei_interfaces/include/ei_interfaces/ei_interfaces/msg/detail/ei_result__struct.hpp
-- Installing: /home/avi/ros2_ws/src/install/ei_interfaces/include/ei_interfaces/ei_interfaces/msg/detail/ei_classification__builder.hpp
-- Installing: /home/avi/ros2_ws/src/install/ei_interfaces/include/ei_interfaces/ei_interfaces/msg/detail/ei_result__builder.hpp
-- Installing: /home/avi/ros2_ws/src/install/ei_interfaces/include/ei_interfaces/ei_interfaces/msg/detail/ei_classification__traits.hpp
-- Installing: /home/avi/ros2_ws/src/install/ei_interfaces/include/ei_interfaces/ei_interfaces/msg/detail/ei_result__traits.hpp
-- Installing: /home/avi/ros2_ws/src/install/ei_interfaces/include/ei_interfaces/ei_interfaces/msg/ei_classification.hpp
-- Up-to-date: /home/avi/ros2_ws/src/install/ei_interfaces/include/ei_interfaces/ei_interfaces
-- Up-to-date: /home/avi/ros2_ws/src/install/ei_interfaces/include/ei_interfaces/ei_interfaces/msg
-- Up-to-date: /home/avi/ros2_ws/src/install/ei_interfaces/include/ei_interfaces/ei_interfaces/msg/detail
-- Installing: /home/avi/ros2_ws/src/install/ei_interfaces/include/ei_interfaces/ei_interfaces/msg/detail/ei_result__rosidl_typesupport_fastrtps_cpp.hpp
-- Installing: /home/avi/ros2_ws/src/install/ei_interfaces/include/ei_interfaces/ei_interfaces/msg/detail/dds_fastrtps
-- Installing: /home/avi/ros2_ws/src/install/ei_interfaces/include/ei_interfaces/ei_interfaces/msg/detail/ei_classification__rosidl_typesupport_fastrtps_cpp.hpp
-- Installing: /home/avi/ros2_ws/src/install/ei_interfaces/include/ei_interfaces/ei_interfaces/msg/rosidl_typesupport_fastrtps_cpp__visibility_control.h
-- Installing: /home/avi/ros2_ws/src/install/ei_interfaces/lib/libei_interfaces__rosidl_typesupport_fastrtps_cpp.so
-- Set runtime path of "/home/avi/ros2_ws/src/install/ei_interfaces/lib/libei_interfaces__rosidl_typesupport_fastrtps_cpp.so" to ""
-- Up-to-date: /home/avi/ros2_ws/src/install/ei_interfaces/include/ei_interfaces/ei_interfaces
-- Up-to-date: /home/avi/ros2_ws/src/install/ei_interfaces/include/ei_interfaces/ei_interfaces/msg
-- Up-to-date: /home/avi/ros2_ws/src/install/ei_interfaces/include/ei_interfaces/ei_interfaces/msg/detail
-- Installing: /home/avi/ros2_ws/src/install/ei_interfaces/include/ei_interfaces/ei_interfaces/msg/detail/ei_result__rosidl_typesupport_introspection_cpp.hpp
-- Installing: /home/avi/ros2_ws/src/install/ei_interfaces/include/ei_interfaces/ei_interfaces/msg/detail/ei_result__type_support.cpp
-- Installing: /home/avi/ros2_ws/src/install/ei_interfaces/include/ei_interfaces/ei_interfaces/msg/detail/ei_classification__rosidl_typesupport_introspection_cpp.hpp
-- Installing: /home/avi/ros2_ws/src/install/ei_interfaces/include/ei_interfaces/ei_interfaces/msg/detail/ei_classification__type_support.cpp
-- Installing: /home/avi/ros2_ws/src/install/ei_interfaces/lib/libei_interfaces__rosidl_typesupport_introspection_cpp.so
-- Set runtime path of "/home/avi/ros2_ws/src/install/ei_interfaces/lib/libei_interfaces__rosidl_typesupport_introspection_cpp.so" to ""
-- Installing: /home/avi/ros2_ws/src/install/ei_interfaces/lib/libei_interfaces__rosidl_typesupport_cpp.so
-- Set runtime path of "/home/avi/ros2_ws/src/install/ei_interfaces/lib/libei_interfaces__rosidl_typesupport_cpp.so" to ""
-- Installing: /home/avi/ros2_ws/src/install/ei_interfaces/share/ei_interfaces/environment/pythonpath.sh
-- Installing: /home/avi/ros2_ws/src/install/ei_interfaces/share/ei_interfaces/environment/pythonpath.dsv
-- Installing: /home/avi/ros2_ws/src/install/ei_interfaces/local/lib/python3.10/dist-packages/ei_interfaces-0.0.0-py3.10.egg-info
-- Installing: /home/avi/ros2_ws/src/install/ei_interfaces/local/lib/python3.10/dist-packages/ei_interfaces-0.0.0-py3.10.egg-info/top_level.txt
-- Installing: /home/avi/ros2_ws/src/install/ei_interfaces/local/lib/python3.10/dist-packages/ei_interfaces-0.0.0-py3.10.egg-info/PKG-INFO
-- Installing: /home/avi/ros2_ws/src/install/ei_interfaces/local/lib/python3.10/dist-packages/ei_interfaces-0.0.0-py3.10.egg-info/dependency_links.txt
-- Installing: /home/avi/ros2_ws/src/install/ei_interfaces/local/lib/python3.10/dist-packages/ei_interfaces-0.0.0-py3.10.egg-info/SOURCES.txt
-- Installing: /home/avi/ros2_ws/src/install/ei_interfaces/local/lib/python3.10/dist-packages/ei_interfaces
-- Installing: /home/avi/ros2_ws/src/install/ei_interfaces/local/lib/python3.10/dist-packages/ei_interfaces/_ei_interfaces_s.ep.rosidl_typesupport_fastrtps_c.c
-- Installing: /home/avi/ros2_ws/src/install/ei_interfaces/local/lib/python3.10/dist-packages/ei_interfaces/__init__.py
-- Installing: /home/avi/ros2_ws/src/install/ei_interfaces/local/lib/python3.10/dist-packages/ei_interfaces/libei_interfaces__rosidl_generator_py.so
-- Installing: /home/avi/ros2_ws/src/install/ei_interfaces/local/lib/python3.10/dist-packages/ei_interfaces/_ei_interfaces_s.ep.rosidl_typesupport_c.c
-- Installing: /home/avi/ros2_ws/src/install/ei_interfaces/local/lib/python3.10/dist-packages/ei_interfaces/ei_interfaces_s__rosidl_typesupport_fastrtps_c.cpython-310-x86_64-linux-gnu.so
-- Installing: /home/avi/ros2_ws/src/install/ei_interfaces/local/lib/python3.10/dist-packages/ei_interfaces/ei_interfaces_s__rosidl_typesupport_introspection_c.cpython-310-x86_64-linux-gnu.so
-- Installing: /home/avi/ros2_ws/src/install/ei_interfaces/local/lib/python3.10/dist-packages/ei_interfaces/ei_interfaces_s__rosidl_typesupport_c.cpython-310-x86_64-linux-gnu.so
-- Installing: /home/avi/ros2_ws/src/install/ei_interfaces/local/lib/python3.10/dist-packages/ei_interfaces/_ei_interfaces_s.ep.rosidl_typesupport_introspection_c.c
-- Installing: /home/avi/ros2_ws/src/install/ei_interfaces/local/lib/python3.10/dist-packages/ei_interfaces/msg
-- Installing: /home/avi/ros2_ws/src/install/ei_interfaces/local/lib/python3.10/dist-packages/ei_interfaces/msg/_ei_result_s.c
-- Installing: /home/avi/ros2_ws/src/install/ei_interfaces/local/lib/python3.10/dist-packages/ei_interfaces/msg/_ei_result.py
-- Installing: /home/avi/ros2_ws/src/install/ei_interfaces/local/lib/python3.10/dist-packages/ei_interfaces/msg/__init__.py
-- Installing: /home/avi/ros2_ws/src/install/ei_interfaces/local/lib/python3.10/dist-packages/ei_interfaces/msg/_ei_classification.py
-- Installing: /home/avi/ros2_ws/src/install/ei_interfaces/local/lib/python3.10/dist-packages/ei_interfaces/msg/_ei_classification_s.c
Listing '/home/avi/ros2_ws/src/install/ei_interfaces/local/lib/python3.10/dist-packages/ei_interfaces'...
Compiling '/home/avi/ros2_ws/src/install/ei_interfaces/local/lib/python3.10/dist-packages/ei_interfaces/__init__.py'...
Listing '/home/avi/ros2_ws/src/install/ei_interfaces/local/lib/python3.10/dist-packages/ei_interfaces/msg'...
Compiling '/home/avi/ros2_ws/src/install/ei_interfaces/local/lib/python3.10/dist-packages/ei_interfaces/msg/__init__.py'...
Compiling '/home/avi/ros2_ws/src/install/ei_interfaces/local/lib/python3.10/dist-packages/ei_interfaces/msg/_ei_classification.py'...
Compiling '/home/avi/ros2_ws/src/install/ei_interfaces/local/lib/python3.10/dist-packages/ei_interfaces/msg/_ei_result.py'...
-- Installing: /home/avi/ros2_ws/src/install/ei_interfaces/local/lib/python3.10/dist-packages/ei_interfaces/ei_interfaces_s__rosidl_typesupport_fastrtps_c.cpython-310-x86_64-linux-gnu.so
-- Set runtime path of "/home/avi/ros2_ws/src/install/ei_interfaces/local/lib/python3.10/dist-packages/ei_interfaces/ei_interfaces_s__rosidl_typesupport_fastrtps_c.cpython-310-x86_64-linux-gnu.so" to ""
-- Installing: /home/avi/ros2_ws/src/install/ei_interfaces/local/lib/python3.10/dist-packages/ei_interfaces/ei_interfaces_s__rosidl_typesupport_introspection_c.cpython-310-x86_64-linux-gnu.so
-- Set runtime path of "/home/avi/ros2_ws/src/install/ei_interfaces/local/lib/python3.10/dist-packages/ei_interfaces/ei_interfaces_s__rosidl_typesupport_introspection_c.cpython-310-x86_64-linux-gnu.so" to ""
-- Installing: /home/avi/ros2_ws/src/install/ei_interfaces/local/lib/python3.10/dist-packages/ei_interfaces/ei_interfaces_s__rosidl_typesupport_c.cpython-310-x86_64-linux-gnu.so
-- Set runtime path of "/home/avi/ros2_ws/src/install/ei_interfaces/local/lib/python3.10/dist-packages/ei_interfaces/ei_interfaces_s__rosidl_typesupport_c.cpython-310-x86_64-linux-gnu.so" to ""
-- Installing: /home/avi/ros2_ws/src/install/ei_interfaces/lib/libei_interfaces__rosidl_generator_py.so
-- Set runtime path of "/home/avi/ros2_ws/src/install/ei_interfaces/lib/libei_interfaces__rosidl_generator_py.so" to ""
-- Installing: /home/avi/ros2_ws/src/install/ei_interfaces/share/ei_interfaces/msg/EIClassification.idl
-- Installing: /home/avi/ros2_ws/src/install/ei_interfaces/share/ei_interfaces/msg/EIResult.idl
-- Installing: /home/avi/ros2_ws/src/install/ei_interfaces/share/ei_interfaces/msg/EIClassification.msg
-- Installing: /home/avi/ros2_ws/src/install/ei_interfaces/share/ei_interfaces/msg/EIResult.msg
-- Installing: /home/avi/ros2_ws/src/install/ei_interfaces/share/ament_index/resource_index/package_run_dependencies/ei_interfaces
-- Installing: /home/avi/ros2_ws/src/install/ei_interfaces/share/ament_index/resource_index/parent_prefix_path/ei_interfaces
-- Installing: /home/avi/ros2_ws/src/install/ei_interfaces/share/ei_interfaces/environment/ament_prefix_path.sh
-- Installing: /home/avi/ros2_ws/src/install/ei_interfaces/share/ei_interfaces/environment/ament_prefix_path.dsv
-- Installing: /home/avi/ros2_ws/src/install/ei_interfaces/share/ei_interfaces/environment/path.sh
-- Installing: /home/avi/ros2_ws/src/install/ei_interfaces/share/ei_interfaces/environment/path.dsv
-- Installing: /home/avi/ros2_ws/src/install/ei_interfaces/share/ei_interfaces/local_setup.bash
-- Installing: /home/avi/ros2_ws/src/install/ei_interfaces/share/ei_interfaces/local_setup.sh
-- Installing: /home/avi/ros2_ws/src/install/ei_interfaces/share/ei_interfaces/local_setup.zsh
-- Installing: /home/avi/ros2_ws/src/install/ei_interfaces/share/ei_interfaces/local_setup.dsv
-- Installing: /home/avi/ros2_ws/src/install/ei_interfaces/share/ei_interfaces/package.dsv
-- Installing: /home/avi/ros2_ws/src/install/ei_interfaces/share/ament_index/resource_index/packages/ei_interfaces
-- Installing: /home/avi/ros2_ws/src/install/ei_interfaces/share/ei_interfaces/cmake/export_ei_interfaces__rosidl_generator_cExport.cmake
-- Installing: /home/avi/ros2_ws/src/install/ei_interfaces/share/ei_interfaces/cmake/export_ei_interfaces__rosidl_generator_cExport-noconfig.cmake
-- Installing: /home/avi/ros2_ws/src/install/ei_interfaces/share/ei_interfaces/cmake/export_ei_interfaces__rosidl_typesupport_fastrtps_cExport.cmake
-- Installing: /home/avi/ros2_ws/src/install/ei_interfaces/share/ei_interfaces/cmake/export_ei_interfaces__rosidl_typesupport_fastrtps_cExport-noconfig.cmake
-- Installing: /home/avi/ros2_ws/src/install/ei_interfaces/share/ei_interfaces/cmake/ei_interfaces__rosidl_typesupport_introspection_cExport.cmake
-- Installing: /home/avi/ros2_ws/src/install/ei_interfaces/share/ei_interfaces/cmake/ei_interfaces__rosidl_typesupport_introspection_cExport-noconfig.cmake
-- Installing: /home/avi/ros2_ws/src/install/ei_interfaces/share/ei_interfaces/cmake/ei_interfaces__rosidl_typesupport_cExport.cmake
-- Installing: /home/avi/ros2_ws/src/install/ei_interfaces/share/ei_interfaces/cmake/ei_interfaces__rosidl_typesupport_cExport-noconfig.cmake
-- Installing: /home/avi/ros2_ws/src/install/ei_interfaces/share/ei_interfaces/cmake/export_ei_interfaces__rosidl_generator_cppExport.cmake
-- Installing: /home/avi/ros2_ws/src/install/ei_interfaces/share/ei_interfaces/cmake/export_ei_interfaces__rosidl_typesupport_fastrtps_cppExport.cmake
-- Installing: /home/avi/ros2_ws/src/install/ei_interfaces/share/ei_interfaces/cmake/export_ei_interfaces__rosidl_typesupport_fastrtps_cppExport-noconfig.cmake
-- Installing: /home/avi/ros2_ws/src/install/ei_interfaces/share/ei_interfaces/cmake/ei_interfaces__rosidl_typesupport_introspection_cppExport.cmake
-- Installing: /home/avi/ros2_ws/src/install/ei_interfaces/share/ei_interfaces/cmake/ei_interfaces__rosidl_typesupport_introspection_cppExport-noconfig.cmake
-- Installing: /home/avi/ros2_ws/src/install/ei_interfaces/share/ei_interfaces/cmake/ei_interfaces__rosidl_typesupport_cppExport.cmake
-- Installing: /home/avi/ros2_ws/src/install/ei_interfaces/share/ei_interfaces/cmake/ei_interfaces__rosidl_typesupport_cppExport-noconfig.cmake
-- Installing: /home/avi/ros2_ws/src/install/ei_interfaces/share/ei_interfaces/cmake/export_ei_interfaces__rosidl_generator_pyExport.cmake
-- Installing: /home/avi/ros2_ws/src/install/ei_interfaces/share/ei_interfaces/cmake/export_ei_interfaces__rosidl_generator_pyExport-noconfig.cmake
-- Installing: /home/avi/ros2_ws/src/install/ei_interfaces/share/ei_interfaces/cmake/rosidl_cmake-extras.cmake
-- Installing: /home/avi/ros2_ws/src/install/ei_interfaces/share/ei_interfaces/cmake/ament_cmake_export_include_directories-extras.cmake
-- Installing: /home/avi/ros2_ws/src/install/ei_interfaces/share/ei_interfaces/cmake/ament_cmake_export_libraries-extras.cmake
-- Installing: /home/avi/ros2_ws/src/install/ei_interfaces/share/ei_interfaces/cmake/ament_cmake_export_targets-extras.cmake
-- Installing: /home/avi/ros2_ws/src/install/ei_interfaces/share/ei_interfaces/cmake/rosidl_cmake_export_typesupport_targets-extras.cmake
-- Installing: /home/avi/ros2_ws/src/install/ei_interfaces/share/ei_interfaces/cmake/ament_cmake_export_dependencies-extras.cmake
-- Installing: /home/avi/ros2_ws/src/install/ei_interfaces/share/ei_interfaces/cmake/rosidl_cmake_export_typesupport_libraries-extras.cmake
-- Installing: /home/avi/ros2_ws/src/install/ei_interfaces/share/ei_interfaces/cmake/ei_interfacesConfig.cmake
-- Installing: /home/avi/ros2_ws/src/install/ei_interfaces/share/ei_interfaces/cmake/ei_interfacesConfig-version.cmake
-- Installing: /home/avi/ros2_ws/src/install/ei_interfaces/share/ei_interfaces/package.xml
