[0.008s] Invoking command in '/home/avi/ros2_ws/src/build/ei_interfaces': CMAKE_PREFIX_PATH=${CMAKE_PREFIX_PATH}:/opt/ros/humble /usr/bin/cmake /home/avi/ros2_ws/src/ei_interfaces -DCMAKE_INSTALL_PREFIX=/home/avi/ros2_ws/src/install/ei_interfaces
[0.045s] -- The C compiler identification is GNU 11.2.0
[0.084s] -- The CXX compiler identification is GNU 11.2.0
[0.088s] -- Detecting C compiler ABI info
[0.129s] -- Detecting C compiler ABI info - done
[0.136s] -- Check for working C compiler: /usr/bin/cc - skipped
[0.136s] -- Detecting C compile features
[0.137s] -- Detecting C compile features - done
[0.140s] -- Detecting CXX compiler ABI info
[0.196s] -- Detecting CXX compiler ABI info - done
[0.201s] -- Check for working CXX compiler: /usr/bin/c++ - skipped
[0.201s] -- Detecting CXX compile features
[0.201s] -- Detecting CXX compile features - done
[0.203s] -- Found ament_cmake: 1.3.2 (/opt/ros/humble/share/ament_cmake/cmake)
[0.311s] -- Found Python3: /usr/bin/python3.10 (found version "3.10.4") found components: Interpreter 
[0.361s] -- Found ament_lint_auto: 0.12.4 (/opt/ros/humble/share/ament_lint_auto/cmake)
[0.407s] -- Found rosidl_default_generators: 1.2.0 (/opt/ros/humble/share/rosidl_default_generators/cmake)
[0.409s] -- Using all available rosidl_typesupport_c: rosidl_typesupport_fastrtps_c;rosidl_typesupport_introspection_c
[0.412s] -- Found rosidl_adapter: 3.1.3 (/opt/ros/humble/share/rosidl_adapter/cmake)
[0.433s] -- Using all available rosidl_typesupport_cpp: rosidl_typesupport_fastrtps_cpp;rosidl_typesupport_introspection_cpp
[0.564s] -- Found ament_cmake_ros: 0.10.0 (/opt/ros/humble/share/ament_cmake_ros/cmake)
[0.676s] -- Using all available rosidl_typesupport_c: rosidl_typesupport_fastrtps_c;rosidl_typesupport_introspection_c
[0.820s] -- Using all available rosidl_typesupport_cpp: rosidl_typesupport_fastrtps_cpp;rosidl_typesupport_introspection_cpp
[0.834s] -- Found PythonInterp: /usr/bin/python3 (found suitable version "3.10.4", minimum required is "3.6") 
[0.834s] -- Found python_cmake_module: 0.10.0 (/opt/ros/humble/share/python_cmake_module/cmake)
[0.850s] -- Found PythonLibs: /usr/lib/x86_64-linux-gnu/libpython3.10.so (found suitable version "3.10.4", minimum required is "3.5") 
[0.850s] -- Using PYTHON_EXECUTABLE: /usr/bin/python3
[0.850s] -- Using PYTHON_INCLUDE_DIRS: /usr/include/python3.10
[0.850s] -- Using PYTHON_LIBRARIES: /usr/lib/x86_64-linux-gnu/libpython3.10.so
[0.864s] -- Found PythonExtra: .so  
[0.884s] -- Added test 'lint_cmake' to check CMake code style
[0.885s] -- Added test 'xmllint' to check XML markup files
[0.887s] -- Configuring done
[0.900s] -- Generating done
[0.902s] -- Build files have been written to: /home/avi/ros2_ws/src/build/ei_interfaces
[0.906s] Invoked command in '/home/avi/ros2_ws/src/build/ei_interfaces' returned '0': CMAKE_PREFIX_PATH=${CMAKE_PREFIX_PATH}:/opt/ros/humble /usr/bin/cmake /home/avi/ros2_ws/src/ei_interfaces -DCMAKE_INSTALL_PREFIX=/home/avi/ros2_ws/src/install/ei_interfaces
[0.907s] Invoking command in '/home/avi/ros2_ws/src/build/ei_interfaces': CMAKE_PREFIX_PATH=${CMAKE_PREFIX_PATH}:/opt/ros/humble /usr/bin/cmake --build /home/avi/ros2_ws/src/build/ei_interfaces -- -j8 -l8
[0.929s] [  2%] [34m[1mGenerating C code for ROS interfaces[0m
[0.935s] [  5%] [34m[1mGenerating C++ code for ROS interfaces[0m
[0.940s] [  5%] Built target ament_cmake_python_copy_ei_interfaces
[1.081s] running egg_info
[1.081s] creating ei_interfaces.egg-info
[1.081s] writing ei_interfaces.egg-info/PKG-INFO
[1.081s] writing dependency_links to ei_interfaces.egg-info/dependency_links.txt
[1.082s] writing top-level names to ei_interfaces.egg-info/top_level.txt
[1.082s] writing manifest file 'ei_interfaces.egg-info/SOURCES.txt'
[1.083s] reading manifest file 'ei_interfaces.egg-info/SOURCES.txt'
[1.083s] writing manifest file 'ei_interfaces.egg-info/SOURCES.txt'
[1.100s] [  5%] Built target ament_cmake_python_build_ei_interfaces_egg
[1.113s] [  5%] Built target ei_interfaces__cpp
[1.118s] [ 10%] [34m[1mGenerating C++ type support for eProsima Fast-RTPS[0m
[1.118s] [ 10%] [34m[1mGenerating C++ introspection for ROS interfaces[0m
[1.119s] [ 12%] [34m[1mGenerating C++ type support dispatch for ROS interfaces[0m
[1.127s] [ 15%] [32mBuilding C object CMakeFiles/ei_interfaces__rosidl_generator_c.dir/rosidl_generator_c/ei_interfaces/msg/detail/ei_classification__functions.c.o[0m
[1.130s] [ 17%] [32mBuilding C object CMakeFiles/ei_interfaces__rosidl_generator_c.dir/rosidl_generator_c/ei_interfaces/msg/detail/ei_result__functions.c.o[0m
[1.171s] [ 20%] [32m[1mLinking C shared library libei_interfaces__rosidl_generator_c.so[0m
[1.194s] [ 20%] Built target ei_interfaces__rosidl_generator_c
[1.202s] [ 23%] [34m[1mGenerating C introspection for ROS interfaces[0m
[1.203s] [ 28%] [34m[1mGenerating C type support dispatch for ROS interfaces[0m
[1.203s] [ 28%] [34m[1mGenerating C type support for eProsima Fast-RTPS[0m
[1.308s] [ 33%] [32mBuilding CXX object CMakeFiles/ei_interfaces__rosidl_typesupport_cpp.dir/rosidl_typesupport_cpp/ei_interfaces/msg/ei_classification__type_support.cpp.o[0m
[1.308s] [ 33%] [32mBuilding CXX object CMakeFiles/ei_interfaces__rosidl_typesupport_cpp.dir/rosidl_typesupport_cpp/ei_interfaces/msg/ei_result__type_support.cpp.o[0m
[1.327s] [ 38%] [32mBuilding CXX object CMakeFiles/ei_interfaces__rosidl_typesupport_fastrtps_cpp.dir/rosidl_typesupport_fastrtps_cpp/ei_interfaces/msg/detail/dds_fastrtps/ei_classification__type_support.cpp.o[0m
[1.330s] [ 38%] [32mBuilding CXX object CMakeFiles/ei_interfaces__rosidl_typesupport_fastrtps_cpp.dir/rosidl_typesupport_fastrtps_cpp/ei_interfaces/msg/detail/dds_fastrtps/ei_result__type_support.cpp.o[0m
[1.409s] [ 41%] [32mBuilding CXX object CMakeFiles/ei_interfaces__rosidl_typesupport_introspection_cpp.dir/rosidl_typesupport_introspection_cpp/ei_interfaces/msg/detail/ei_classification__type_support.cpp.o[0m
[1.514s] [ 43%] [32mBuilding CXX object CMakeFiles/ei_interfaces__rosidl_typesupport_c.dir/rosidl_typesupport_c/ei_interfaces/msg/ei_classification__type_support.cpp.o[0m
[1.542s] [ 46%] [32mBuilding CXX object CMakeFiles/ei_interfaces__rosidl_typesupport_c.dir/rosidl_typesupport_c/ei_interfaces/msg/ei_result__type_support.cpp.o[0m
[1.564s] [ 48%] [32mBuilding C object CMakeFiles/ei_interfaces__rosidl_typesupport_introspection_c.dir/rosidl_typesupport_introspection_c/ei_interfaces/msg/detail/ei_classification__type_support.c.o[0m
[1.571s] [ 51%] [32m[1mLinking CXX shared library libei_interfaces__rosidl_typesupport_c.so[0m
[1.579s] [ 53%] [32mBuilding CXX object CMakeFiles/ei_interfaces__rosidl_typesupport_fastrtps_c.dir/rosidl_typesupport_fastrtps_c/ei_interfaces/msg/detail/ei_classification__type_support_c.cpp.o[0m
[1.592s] [ 56%] [32mBuilding CXX object CMakeFiles/ei_interfaces__rosidl_typesupport_fastrtps_c.dir/rosidl_typesupport_fastrtps_c/ei_interfaces/msg/detail/ei_result__type_support_c.cpp.o[0m
[1.596s] [ 58%] [32mBuilding C object CMakeFiles/ei_interfaces__rosidl_typesupport_introspection_c.dir/rosidl_typesupport_introspection_c/ei_interfaces/msg/detail/ei_result__type_support.c.o[0m
[1.598s] [ 61%] [32m[1mLinking CXX shared library libei_interfaces__rosidl_typesupport_cpp.so[0m
[1.613s] [ 61%] Built target ei_interfaces__rosidl_typesupport_c
[1.621s] [ 64%] [32mBuilding CXX object CMakeFiles/ei_interfaces__rosidl_typesupport_introspection_cpp.dir/rosidl_typesupport_introspection_cpp/ei_interfaces/msg/detail/ei_result__type_support.cpp.o[0m
[1.633s] [ 66%] [32m[1mLinking C shared library libei_interfaces__rosidl_typesupport_introspection_c.so[0m
[1.661s] [ 66%] Built target ei_interfaces__rosidl_typesupport_cpp
[1.663s] [ 66%] Built target ei_interfaces__rosidl_typesupport_introspection_c
[1.787s] [ 69%] [32m[1mLinking CXX shared library libei_interfaces__rosidl_typesupport_fastrtps_cpp.so[0m
[1.829s] [ 71%] [32m[1mLinking CXX shared library libei_interfaces__rosidl_typesupport_fastrtps_c.so[0m
[1.835s] [ 71%] Built target ei_interfaces__rosidl_typesupport_fastrtps_cpp
[1.874s] [ 71%] Built target ei_interfaces__rosidl_typesupport_fastrtps_c
[1.951s] [ 74%] [32m[1mLinking CXX shared library libei_interfaces__rosidl_typesupport_introspection_cpp.so[0m
[1.994s] [ 74%] Built target ei_interfaces__rosidl_typesupport_introspection_cpp
[2.006s] [ 74%] Built target ei_interfaces
[2.018s] [ 76%] [34m[1mGenerating Python code for ROS interfaces[0m
[2.272s] [ 76%] Built target ei_interfaces__py
[2.282s] [ 82%] [32mBuilding C object CMakeFiles/ei_interfaces__rosidl_generator_py.dir/rosidl_generator_py/ei_interfaces/msg/_ei_classification_s.c.o[0m
[2.282s] [ 82%] [32mBuilding C object CMakeFiles/ei_interfaces__rosidl_generator_py.dir/rosidl_generator_py/ei_interfaces/msg/_ei_result_s.c.o[0m
[2.341s] [ 84%] [32m[1mLinking C shared library rosidl_generator_py/ei_interfaces/libei_interfaces__rosidl_generator_py.so[0m
[2.363s] [ 84%] Built target ei_interfaces__rosidl_generator_py
[2.375s] [ 92%] [32mBuilding C object CMakeFiles/ei_interfaces__rosidl_typesupport_fastrtps_c__pyext.dir/rosidl_generator_py/ei_interfaces/_ei_interfaces_s.ep.rosidl_typesupport_fastrtps_c.c.o[0m
[2.375s] [ 92%] [32mBuilding C object CMakeFiles/ei_interfaces__rosidl_typesupport_c__pyext.dir/rosidl_generator_py/ei_interfaces/_ei_interfaces_s.ep.rosidl_typesupport_c.c.o[0m
[2.375s] [ 92%] [32mBuilding C object CMakeFiles/ei_interfaces__rosidl_typesupport_introspection_c__pyext.dir/rosidl_generator_py/ei_interfaces/_ei_interfaces_s.ep.rosidl_typesupport_introspection_c.c.o[0m
[2.430s] [ 97%] [32m[1mLinking C shared library rosidl_generator_py/ei_interfaces/ei_interfaces_s__rosidl_typesupport_c.cpython-310-x86_64-linux-gnu.so[0m
[2.430s] [ 97%] [32m[1mLinking C shared library rosidl_generator_py/ei_interfaces/ei_interfaces_s__rosidl_typesupport_introspection_c.cpython-310-x86_64-linux-gnu.so[0m
[2.430s] [100%] [32m[1mLinking C shared library rosidl_generator_py/ei_interfaces/ei_interfaces_s__rosidl_typesupport_fastrtps_c.cpython-310-x86_64-linux-gnu.so[0m
[2.448s] [100%] Built target ei_interfaces__rosidl_typesupport_fastrtps_c__pyext
[2.449s] [100%] Built target ei_interfaces__rosidl_typesupport_introspection_c__pyext
[2.449s] [100%] Built target ei_interfaces__rosidl_typesupport_c__pyext
[2.455s] Invoked command in '/home/avi/ros2_ws/src/build/ei_interfaces' returned '0': CMAKE_PREFIX_PATH=${CMAKE_PREFIX_PATH}:/opt/ros/humble /usr/bin/cmake --build /home/avi/ros2_ws/src/build/ei_interfaces -- -j8 -l8
[2.495s] Invoking command in '/home/avi/ros2_ws/src/build/ei_interfaces': CMAKE_PREFIX_PATH=${CMAKE_PREFIX_PATH}:/opt/ros/humble /usr/bin/cmake --install /home/avi/ros2_ws/src/build/ei_interfaces
[2.500s] -- Install configuration: ""
[2.500s] -- Installing: /home/avi/ros2_ws/src/install/ei_interfaces/share/ament_index/resource_index/rosidl_interfaces/ei_interfaces
[2.500s] -- Installing: /home/avi/ros2_ws/src/install/ei_interfaces/include/ei_interfaces/ei_interfaces
[2.500s] -- Installing: /home/avi/ros2_ws/src/install/ei_interfaces/include/ei_interfaces/ei_interfaces/msg
[2.500s] -- Installing: /home/avi/ros2_ws/src/install/ei_interfaces/include/ei_interfaces/ei_interfaces/msg/ei_classification.h
[2.500s] -- Installing: /home/avi/ros2_ws/src/install/ei_interfaces/include/ei_interfaces/ei_interfaces/msg/ei_result.h
[2.500s] -- Installing: /home/avi/ros2_ws/src/install/ei_interfaces/include/ei_interfaces/ei_interfaces/msg/detail
[2.500s] -- Installing: /home/avi/ros2_ws/src/install/ei_interfaces/include/ei_interfaces/ei_interfaces/msg/detail/ei_classification__struct.h
[2.500s] -- Installing: /home/avi/ros2_ws/src/install/ei_interfaces/include/ei_interfaces/ei_interfaces/msg/detail/ei_classification__type_support.h
[2.500s] -- Installing: /home/avi/ros2_ws/src/install/ei_interfaces/include/ei_interfaces/ei_interfaces/msg/detail/ei_result__struct.h
[2.500s] -- Installing: /home/avi/ros2_ws/src/install/ei_interfaces/include/ei_interfaces/ei_interfaces/msg/detail/ei_classification__functions.h
[2.501s] -- Installing: /home/avi/ros2_ws/src/install/ei_interfaces/include/ei_interfaces/ei_interfaces/msg/detail/ei_result__functions.h
[2.501s] -- Installing: /home/avi/ros2_ws/src/install/ei_interfaces/include/ei_interfaces/ei_interfaces/msg/detail/ei_result__functions.c
[2.501s] -- Installing: /home/avi/ros2_ws/src/install/ei_interfaces/include/ei_interfaces/ei_interfaces/msg/detail/ei_classification__functions.c
[2.501s] -- Installing: /home/avi/ros2_ws/src/install/ei_interfaces/include/ei_interfaces/ei_interfaces/msg/detail/ei_result__type_support.h
[2.501s] -- Installing: /home/avi/ros2_ws/src/install/ei_interfaces/include/ei_interfaces/ei_interfaces/msg/rosidl_generator_c__visibility_control.h
[2.501s] -- Installing: /home/avi/ros2_ws/src/install/ei_interfaces/share/ei_interfaces/environment/library_path.sh
[2.501s] -- Installing: /home/avi/ros2_ws/src/install/ei_interfaces/share/ei_interfaces/environment/library_path.dsv
[2.501s] -- Installing: /home/avi/ros2_ws/src/install/ei_interfaces/lib/libei_interfaces__rosidl_generator_c.so
[2.501s] -- Set runtime path of "/home/avi/ros2_ws/src/install/ei_interfaces/lib/libei_interfaces__rosidl_generator_c.so" to ""
[2.501s] -- Up-to-date: /home/avi/ros2_ws/src/install/ei_interfaces/include/ei_interfaces/ei_interfaces
[2.501s] -- Up-to-date: /home/avi/ros2_ws/src/install/ei_interfaces/include/ei_interfaces/ei_interfaces/msg
[2.501s] -- Installing: /home/avi/ros2_ws/src/install/ei_interfaces/include/ei_interfaces/ei_interfaces/msg/rosidl_typesupport_fastrtps_c__visibility_control.h
[2.501s] -- Up-to-date: /home/avi/ros2_ws/src/install/ei_interfaces/include/ei_interfaces/ei_interfaces/msg/detail
[2.501s] -- Installing: /home/avi/ros2_ws/src/install/ei_interfaces/include/ei_interfaces/ei_interfaces/msg/detail/ei_classification__rosidl_typesupport_fastrtps_c.h
[2.501s] -- Installing: /home/avi/ros2_ws/src/install/ei_interfaces/include/ei_interfaces/ei_interfaces/msg/detail/ei_result__rosidl_typesupport_fastrtps_c.h
[2.501s] -- Installing: /home/avi/ros2_ws/src/install/ei_interfaces/lib/libei_interfaces__rosidl_typesupport_fastrtps_c.so
[2.502s] -- Set runtime path of "/home/avi/ros2_ws/src/install/ei_interfaces/lib/libei_interfaces__rosidl_typesupport_fastrtps_c.so" to ""
[2.502s] -- Up-to-date: /home/avi/ros2_ws/src/install/ei_interfaces/include/ei_interfaces/ei_interfaces
[2.502s] -- Up-to-date: /home/avi/ros2_ws/src/install/ei_interfaces/include/ei_interfaces/ei_interfaces/msg
[2.502s] -- Up-to-date: /home/avi/ros2_ws/src/install/ei_interfaces/include/ei_interfaces/ei_interfaces/msg/detail
[2.502s] -- Installing: /home/avi/ros2_ws/src/install/ei_interfaces/include/ei_interfaces/ei_interfaces/msg/detail/ei_classification__rosidl_typesupport_introspection_c.h
[2.502s] -- Installing: /home/avi/ros2_ws/src/install/ei_interfaces/include/ei_interfaces/ei_interfaces/msg/detail/ei_result__type_support.c
[2.502s] -- Installing: /home/avi/ros2_ws/src/install/ei_interfaces/include/ei_interfaces/ei_interfaces/msg/detail/ei_classification__type_support.c
[2.502s] -- Installing: /home/avi/ros2_ws/src/install/ei_interfaces/include/ei_interfaces/ei_interfaces/msg/detail/ei_result__rosidl_typesupport_introspection_c.h
[2.502s] -- Installing: /home/avi/ros2_ws/src/install/ei_interfaces/include/ei_interfaces/ei_interfaces/msg/rosidl_typesupport_introspection_c__visibility_control.h
[2.502s] -- Installing: /home/avi/ros2_ws/src/install/ei_interfaces/lib/libei_interfaces__rosidl_typesupport_introspection_c.so
[2.502s] -- Set runtime path of "/home/avi/ros2_ws/src/install/ei_interfaces/lib/libei_interfaces__rosidl_typesupport_introspection_c.so" to ""
[2.502s] -- Installing: /home/avi/ros2_ws/src/install/ei_interfaces/lib/libei_interfaces__rosidl_typesupport_c.so
[2.502s] -- Set runtime path of "/home/avi/ros2_ws/src/install/ei_interfaces/lib/libei_interfaces__rosidl_typesupport_c.so" to ""
[2.503s] -- Up-to-date: /home/avi/ros2_ws/src/install/ei_interfaces/include/ei_interfaces/ei_interfaces
[2.503s] -- Up-to-date: /home/avi/ros2_ws/src/install/ei_interfaces/include/ei_interfaces/ei_interfaces/msg
[2.503s] -- Installing: /home/avi/ros2_ws/src/install/ei_interfaces/include/ei_interfaces/ei_interfaces/msg/ei_result.hpp
[2.503s] -- Up-to-date: /home/avi/ros2_ws/src/install/ei_interfaces/include/ei_interfaces/ei_interfaces/msg/detail
[2.503s] -- Installing: /home/avi/ros2_ws/src/install/ei_interfaces/include/ei_interfaces/ei_interfaces/msg/detail/ei_classification__struct.hpp
[2.503s] -- Installing: /home/avi/ros2_ws/src/install/ei_interfaces/include/ei_interfaces/ei_interfaces/msg/detail/ei_result__struct.hpp
[2.503s] -- Installing: /home/avi/ros2_ws/src/install/ei_interfaces/include/ei_interfaces/ei_interfaces/msg/detail/ei_classification__builder.hpp
[2.503s] -- Installing: /home/avi/ros2_ws/src/install/ei_interfaces/include/ei_interfaces/ei_interfaces/msg/detail/ei_result__builder.hpp
[2.503s] -- Installing: /home/avi/ros2_ws/src/install/ei_interfaces/include/ei_interfaces/ei_interfaces/msg/detail/ei_classification__traits.hpp
[2.503s] -- Installing: /home/avi/ros2_ws/src/install/ei_interfaces/include/ei_interfaces/ei_interfaces/msg/detail/ei_result__traits.hpp
[2.503s] -- Installing: /home/avi/ros2_ws/src/install/ei_interfaces/include/ei_interfaces/ei_interfaces/msg/ei_classification.hpp
[2.503s] -- Up-to-date: /home/avi/ros2_ws/src/install/ei_interfaces/include/ei_interfaces/ei_interfaces
[2.503s] -- Up-to-date: /home/avi/ros2_ws/src/install/ei_interfaces/include/ei_interfaces/ei_interfaces/msg
[2.503s] -- Up-to-date: /home/avi/ros2_ws/src/install/ei_interfaces/include/ei_interfaces/ei_interfaces/msg/detail
[2.503s] -- Installing: /home/avi/ros2_ws/src/install/ei_interfaces/include/ei_interfaces/ei_interfaces/msg/detail/ei_result__rosidl_typesupport_fastrtps_cpp.hpp
[2.503s] -- Installing: /home/avi/ros2_ws/src/install/ei_interfaces/include/ei_interfaces/ei_interfaces/msg/detail/dds_fastrtps
[2.503s] -- Installing: /home/avi/ros2_ws/src/install/ei_interfaces/include/ei_interfaces/ei_interfaces/msg/detail/ei_classification__rosidl_typesupport_fastrtps_cpp.hpp
[2.503s] -- Installing: /home/avi/ros2_ws/src/install/ei_interfaces/include/ei_interfaces/ei_interfaces/msg/rosidl_typesupport_fastrtps_cpp__visibility_control.h
[2.503s] -- Installing: /home/avi/ros2_ws/src/install/ei_interfaces/lib/libei_interfaces__rosidl_typesupport_fastrtps_cpp.so
[2.504s] -- Set runtime path of "/home/avi/ros2_ws/src/install/ei_interfaces/lib/libei_interfaces__rosidl_typesupport_fastrtps_cpp.so" to ""
[2.504s] -- Up-to-date: /home/avi/ros2_ws/src/install/ei_interfaces/include/ei_interfaces/ei_interfaces
[2.504s] -- Up-to-date: /home/avi/ros2_ws/src/install/ei_interfaces/include/ei_interfaces/ei_interfaces/msg
[2.504s] -- Up-to-date: /home/avi/ros2_ws/src/install/ei_interfaces/include/ei_interfaces/ei_interfaces/msg/detail
[2.504s] -- Installing: /home/avi/ros2_ws/src/install/ei_interfaces/include/ei_interfaces/ei_interfaces/msg/detail/ei_result__rosidl_typesupport_introspection_cpp.hpp
[2.504s] -- Installing: /home/avi/ros2_ws/src/install/ei_interfaces/include/ei_interfaces/ei_interfaces/msg/detail/ei_result__type_support.cpp
[2.504s] -- Installing: /home/avi/ros2_ws/src/install/ei_interfaces/include/ei_interfaces/ei_interfaces/msg/detail/ei_classification__rosidl_typesupport_introspection_cpp.hpp
[2.504s] -- Installing: /home/avi/ros2_ws/src/install/ei_interfaces/include/ei_interfaces/ei_interfaces/msg/detail/ei_classification__type_support.cpp
[2.504s] -- Installing: /home/avi/ros2_ws/src/install/ei_interfaces/lib/libei_interfaces__rosidl_typesupport_introspection_cpp.so
[2.504s] -- Set runtime path of "/home/avi/ros2_ws/src/install/ei_interfaces/lib/libei_interfaces__rosidl_typesupport_introspection_cpp.so" to ""
[2.504s] -- Installing: /home/avi/ros2_ws/src/install/ei_interfaces/lib/libei_interfaces__rosidl_typesupport_cpp.so
[2.504s] -- Set runtime path of "/home/avi/ros2_ws/src/install/ei_interfaces/lib/libei_interfaces__rosidl_typesupport_cpp.so" to ""
[2.504s] -- Installing: /home/avi/ros2_ws/src/install/ei_interfaces/share/ei_interfaces/environment/pythonpath.sh
[2.504s] -- Installing: /home/avi/ros2_ws/src/install/ei_interfaces/share/ei_interfaces/environment/pythonpath.dsv
[2.504s] -- Installing: /home/avi/ros2_ws/src/install/ei_interfaces/local/lib/python3.10/dist-packages/ei_interfaces-0.0.0-py3.10.egg-info
[2.504s] -- Installing: /home/avi/ros2_ws/src/install/ei_interfaces/local/lib/python3.10/dist-packages/ei_interfaces-0.0.0-py3.10.egg-info/top_level.txt
[2.504s] -- Installing: /home/avi/ros2_ws/src/install/ei_interfaces/local/lib/python3.10/dist-packages/ei_interfaces-0.0.0-py3.10.egg-info/PKG-INFO
[2.505s] -- Installing: /home/avi/ros2_ws/src/install/ei_interfaces/local/lib/python3.10/dist-packages/ei_interfaces-0.0.0-py3.10.egg-info/dependency_links.txt
[2.505s] -- Installing: /home/avi/ros2_ws/src/install/ei_interfaces/local/lib/python3.10/dist-packages/ei_interfaces-0.0.0-py3.10.egg-info/SOURCES.txt
[2.505s] -- Installing: /home/avi/ros2_ws/src/install/ei_interfaces/local/lib/python3.10/dist-packages/ei_interfaces
[2.505s] -- Installing: /home/avi/ros2_ws/src/install/ei_interfaces/local/lib/python3.10/dist-packages/ei_interfaces/_ei_interfaces_s.ep.rosidl_typesupport_fastrtps_c.c
[2.505s] -- Installing: /home/avi/ros2_ws/src/install/ei_interfaces/local/lib/python3.10/dist-packages/ei_interfaces/__init__.py
[2.506s] -- Installing: /home/avi/ros2_ws/src/install/ei_interfaces/local/lib/python3.10/dist-packages/ei_interfaces/libei_interfaces__rosidl_generator_py.so
[2.506s] -- Installing: /home/avi/ros2_ws/src/install/ei_interfaces/local/lib/python3.10/dist-packages/ei_interfaces/_ei_interfaces_s.ep.rosidl_typesupport_c.c
[2.506s] -- Installing: /home/avi/ros2_ws/src/install/ei_interfaces/local/lib/python3.10/dist-packages/ei_interfaces/ei_interfaces_s__rosidl_typesupport_fastrtps_c.cpython-310-x86_64-linux-gnu.so
[2.506s] -- Installing: /home/avi/ros2_ws/src/install/ei_interfaces/local/lib/python3.10/dist-packages/ei_interfaces/ei_interfaces_s__rosidl_typesupport_introspection_c.cpython-310-x86_64-linux-gnu.so
[2.506s] -- Installing: /home/avi/ros2_ws/src/install/ei_interfaces/local/lib/python3.10/dist-packages/ei_interfaces/ei_interfaces_s__rosidl_typesupport_c.cpython-310-x86_64-linux-gnu.so
[2.506s] -- Installing: /home/avi/ros2_ws/src/install/ei_interfaces/local/lib/python3.10/dist-packages/ei_interfaces/_ei_interfaces_s.ep.rosidl_typesupport_introspection_c.c
[2.506s] -- Installing: /home/avi/ros2_ws/src/install/ei_interfaces/local/lib/python3.10/dist-packages/ei_interfaces/msg
[2.506s] -- Installing: /home/avi/ros2_ws/src/install/ei_interfaces/local/lib/python3.10/dist-packages/ei_interfaces/msg/_ei_result_s.c
[2.506s] -- Installing: /home/avi/ros2_ws/src/install/ei_interfaces/local/lib/python3.10/dist-packages/ei_interfaces/msg/_ei_result.py
[2.506s] -- Installing: /home/avi/ros2_ws/src/install/ei_interfaces/local/lib/python3.10/dist-packages/ei_interfaces/msg/__init__.py
[2.506s] -- Installing: /home/avi/ros2_ws/src/install/ei_interfaces/local/lib/python3.10/dist-packages/ei_interfaces/msg/_ei_classification.py
[2.506s] -- Installing: /home/avi/ros2_ws/src/install/ei_interfaces/local/lib/python3.10/dist-packages/ei_interfaces/msg/_ei_classification_s.c
[2.526s] Listing '/home/avi/ros2_ws/src/install/ei_interfaces/local/lib/python3.10/dist-packages/ei_interfaces'...
[2.526s] Compiling '/home/avi/ros2_ws/src/install/ei_interfaces/local/lib/python3.10/dist-packages/ei_interfaces/__init__.py'...
[2.526s] Listing '/home/avi/ros2_ws/src/install/ei_interfaces/local/lib/python3.10/dist-packages/ei_interfaces/msg'...
[2.526s] Compiling '/home/avi/ros2_ws/src/install/ei_interfaces/local/lib/python3.10/dist-packages/ei_interfaces/msg/__init__.py'...
[2.526s] Compiling '/home/avi/ros2_ws/src/install/ei_interfaces/local/lib/python3.10/dist-packages/ei_interfaces/msg/_ei_classification.py'...
[2.526s] Compiling '/home/avi/ros2_ws/src/install/ei_interfaces/local/lib/python3.10/dist-packages/ei_interfaces/msg/_ei_result.py'...
[2.528s] -- Installing: /home/avi/ros2_ws/src/install/ei_interfaces/local/lib/python3.10/dist-packages/ei_interfaces/ei_interfaces_s__rosidl_typesupport_fastrtps_c.cpython-310-x86_64-linux-gnu.so
[2.529s] -- Set runtime path of "/home/avi/ros2_ws/src/install/ei_interfaces/local/lib/python3.10/dist-packages/ei_interfaces/ei_interfaces_s__rosidl_typesupport_fastrtps_c.cpython-310-x86_64-linux-gnu.so" to ""
[2.529s] -- Installing: /home/avi/ros2_ws/src/install/ei_interfaces/local/lib/python3.10/dist-packages/ei_interfaces/ei_interfaces_s__rosidl_typesupport_introspection_c.cpython-310-x86_64-linux-gnu.so
[2.529s] -- Set runtime path of "/home/avi/ros2_ws/src/install/ei_interfaces/local/lib/python3.10/dist-packages/ei_interfaces/ei_interfaces_s__rosidl_typesupport_introspection_c.cpython-310-x86_64-linux-gnu.so" to ""
[2.529s] -- Installing: /home/avi/ros2_ws/src/install/ei_interfaces/local/lib/python3.10/dist-packages/ei_interfaces/ei_interfaces_s__rosidl_typesupport_c.cpython-310-x86_64-linux-gnu.so
[2.529s] -- Set runtime path of "/home/avi/ros2_ws/src/install/ei_interfaces/local/lib/python3.10/dist-packages/ei_interfaces/ei_interfaces_s__rosidl_typesupport_c.cpython-310-x86_64-linux-gnu.so" to ""
[2.529s] -- Installing: /home/avi/ros2_ws/src/install/ei_interfaces/lib/libei_interfaces__rosidl_generator_py.so
[2.529s] -- Set runtime path of "/home/avi/ros2_ws/src/install/ei_interfaces/lib/libei_interfaces__rosidl_generator_py.so" to ""
[2.529s] -- Installing: /home/avi/ros2_ws/src/install/ei_interfaces/share/ei_interfaces/msg/EIClassification.idl
[2.530s] -- Installing: /home/avi/ros2_ws/src/install/ei_interfaces/share/ei_interfaces/msg/EIResult.idl
[2.530s] -- Installing: /home/avi/ros2_ws/src/install/ei_interfaces/share/ei_interfaces/msg/EIClassification.msg
[2.530s] -- Installing: /home/avi/ros2_ws/src/install/ei_interfaces/share/ei_interfaces/msg/EIResult.msg
[2.530s] -- Installing: /home/avi/ros2_ws/src/install/ei_interfaces/share/ament_index/resource_index/package_run_dependencies/ei_interfaces
[2.530s] -- Installing: /home/avi/ros2_ws/src/install/ei_interfaces/share/ament_index/resource_index/parent_prefix_path/ei_interfaces
[2.530s] -- Installing: /home/avi/ros2_ws/src/install/ei_interfaces/share/ei_interfaces/environment/ament_prefix_path.sh
[2.530s] -- Installing: /home/avi/ros2_ws/src/install/ei_interfaces/share/ei_interfaces/environment/ament_prefix_path.dsv
[2.530s] -- Installing: /home/avi/ros2_ws/src/install/ei_interfaces/share/ei_interfaces/environment/path.sh
[2.530s] -- Installing: /home/avi/ros2_ws/src/install/ei_interfaces/share/ei_interfaces/environment/path.dsv
[2.530s] -- Installing: /home/avi/ros2_ws/src/install/ei_interfaces/share/ei_interfaces/local_setup.bash
[2.530s] -- Installing: /home/avi/ros2_ws/src/install/ei_interfaces/share/ei_interfaces/local_setup.sh
[2.530s] -- Installing: /home/avi/ros2_ws/src/install/ei_interfaces/share/ei_interfaces/local_setup.zsh
[2.530s] -- Installing: /home/avi/ros2_ws/src/install/ei_interfaces/share/ei_interfaces/local_setup.dsv
[2.530s] -- Installing: /home/avi/ros2_ws/src/install/ei_interfaces/share/ei_interfaces/package.dsv
[2.531s] -- Installing: /home/avi/ros2_ws/src/install/ei_interfaces/share/ament_index/resource_index/packages/ei_interfaces
[2.531s] -- Installing: /home/avi/ros2_ws/src/install/ei_interfaces/share/ei_interfaces/cmake/export_ei_interfaces__rosidl_generator_cExport.cmake
[2.531s] -- Installing: /home/avi/ros2_ws/src/install/ei_interfaces/share/ei_interfaces/cmake/export_ei_interfaces__rosidl_generator_cExport-noconfig.cmake
[2.531s] -- Installing: /home/avi/ros2_ws/src/install/ei_interfaces/share/ei_interfaces/cmake/export_ei_interfaces__rosidl_typesupport_fastrtps_cExport.cmake
[2.531s] -- Installing: /home/avi/ros2_ws/src/install/ei_interfaces/share/ei_interfaces/cmake/export_ei_interfaces__rosidl_typesupport_fastrtps_cExport-noconfig.cmake
[2.531s] -- Installing: /home/avi/ros2_ws/src/install/ei_interfaces/share/ei_interfaces/cmake/ei_interfaces__rosidl_typesupport_introspection_cExport.cmake
[2.531s] -- Installing: /home/avi/ros2_ws/src/install/ei_interfaces/share/ei_interfaces/cmake/ei_interfaces__rosidl_typesupport_introspection_cExport-noconfig.cmake
[2.531s] -- Installing: /home/avi/ros2_ws/src/install/ei_interfaces/share/ei_interfaces/cmake/ei_interfaces__rosidl_typesupport_cExport.cmake
[2.531s] -- Installing: /home/avi/ros2_ws/src/install/ei_interfaces/share/ei_interfaces/cmake/ei_interfaces__rosidl_typesupport_cExport-noconfig.cmake
[2.531s] -- Installing: /home/avi/ros2_ws/src/install/ei_interfaces/share/ei_interfaces/cmake/export_ei_interfaces__rosidl_generator_cppExport.cmake
[2.531s] -- Installing: /home/avi/ros2_ws/src/install/ei_interfaces/share/ei_interfaces/cmake/export_ei_interfaces__rosidl_typesupport_fastrtps_cppExport.cmake
[2.531s] -- Installing: /home/avi/ros2_ws/src/install/ei_interfaces/share/ei_interfaces/cmake/export_ei_interfaces__rosidl_typesupport_fastrtps_cppExport-noconfig.cmake
[2.531s] -- Installing: /home/avi/ros2_ws/src/install/ei_interfaces/share/ei_interfaces/cmake/ei_interfaces__rosidl_typesupport_introspection_cppExport.cmake
[2.531s] -- Installing: /home/avi/ros2_ws/src/install/ei_interfaces/share/ei_interfaces/cmake/ei_interfaces__rosidl_typesupport_introspection_cppExport-noconfig.cmake
[2.531s] -- Installing: /home/avi/ros2_ws/src/install/ei_interfaces/share/ei_interfaces/cmake/ei_interfaces__rosidl_typesupport_cppExport.cmake
[2.531s] -- Installing: /home/avi/ros2_ws/src/install/ei_interfaces/share/ei_interfaces/cmake/ei_interfaces__rosidl_typesupport_cppExport-noconfig.cmake
[2.532s] -- Installing: /home/avi/ros2_ws/src/install/ei_interfaces/share/ei_interfaces/cmake/export_ei_interfaces__rosidl_generator_pyExport.cmake
[2.532s] -- Installing: /home/avi/ros2_ws/src/install/ei_interfaces/share/ei_interfaces/cmake/export_ei_interfaces__rosidl_generator_pyExport-noconfig.cmake
[2.532s] -- Installing: /home/avi/ros2_ws/src/install/ei_interfaces/share/ei_interfaces/cmake/rosidl_cmake-extras.cmake
[2.532s] -- Installing: /home/avi/ros2_ws/src/install/ei_interfaces/share/ei_interfaces/cmake/ament_cmake_export_include_directories-extras.cmake
[2.532s] -- Installing: /home/avi/ros2_ws/src/install/ei_interfaces/share/ei_interfaces/cmake/ament_cmake_export_libraries-extras.cmake
[2.532s] -- Installing: /home/avi/ros2_ws/src/install/ei_interfaces/share/ei_interfaces/cmake/ament_cmake_export_targets-extras.cmake
[2.532s] -- Installing: /home/avi/ros2_ws/src/install/ei_interfaces/share/ei_interfaces/cmake/rosidl_cmake_export_typesupport_targets-extras.cmake
[2.532s] -- Installing: /home/avi/ros2_ws/src/install/ei_interfaces/share/ei_interfaces/cmake/ament_cmake_export_dependencies-extras.cmake
[2.532s] -- Installing: /home/avi/ros2_ws/src/install/ei_interfaces/share/ei_interfaces/cmake/rosidl_cmake_export_typesupport_libraries-extras.cmake
[2.532s] -- Installing: /home/avi/ros2_ws/src/install/ei_interfaces/share/ei_interfaces/cmake/ei_interfacesConfig.cmake
[2.532s] -- Installing: /home/avi/ros2_ws/src/install/ei_interfaces/share/ei_interfaces/cmake/ei_interfacesConfig-version.cmake
[2.532s] -- Installing: /home/avi/ros2_ws/src/install/ei_interfaces/share/ei_interfaces/package.xml
[2.534s] Invoked command in '/home/avi/ros2_ws/src/build/ei_interfaces' returned '0': CMAKE_PREFIX_PATH=${CMAKE_PREFIX_PATH}:/opt/ros/humble /usr/bin/cmake --install /home/avi/ros2_ws/src/build/ei_interfaces
