[0.008s] Invoking command in '/home/avi/ros2_ws/build/ei_interfaces': CMAKE_PREFIX_PATH=/opt/ros/humble /usr/bin/cmake /home/avi/ros2_ws/ei_interfaces -DCMAKE_INSTALL_PREFIX=/home/avi/ros2_ws/install/ei_interfaces
[0.037s] -- The C compiler identification is GNU 11.2.0
[0.067s] -- The CXX compiler identification is GNU 11.2.0
[0.071s] -- Detecting C compiler ABI info
[0.109s] -- Detecting C compiler ABI info - done
[0.113s] -- Check for working C compiler: /usr/bin/cc - skipped
[0.113s] -- Detecting C compile features
[0.113s] -- Detecting C compile features - done
[0.115s] -- Detecting CXX compiler ABI info
[0.166s] -- Detecting CXX compiler ABI info - done
[0.170s] -- Check for working CXX compiler: /usr/bin/c++ - skipped
[0.170s] -- Detecting CXX compile features
[0.170s] -- Detecting CXX compile features - done
[0.171s] -- Found ament_cmake: 1.3.2 (/opt/ros/humble/share/ament_cmake/cmake)
[0.277s] -- Found Python3: /usr/bin/python3.10 (found version "3.10.4") found components: Interpreter 
[0.325s] -- Found ament_lint_auto: 0.12.4 (/opt/ros/humble/share/ament_lint_auto/cmake)
[0.369s] -- Found rosidl_default_generators: 1.2.0 (/opt/ros/humble/share/rosidl_default_generators/cmake)
[0.370s] -- Using all available rosidl_typesupport_c: rosidl_typesupport_fastrtps_c;rosidl_typesupport_introspection_c
[0.373s] -- Found rosidl_adapter: 3.1.3 (/opt/ros/humble/share/rosidl_adapter/cmake)
[0.393s] -- Using all available rosidl_typesupport_cpp: rosidl_typesupport_fastrtps_cpp;rosidl_typesupport_introspection_cpp
[0.411s] [31mCMake Error at /opt/ros/humble/share/rosidl_cmake/cmake/rosidl_generate_interfaces.cmake:80 (message):
[0.411s]   rosidl_generate_interfaces() the passed absolute file
[0.412s]   '/msg/EIClassification.msg' must be represented as an absolute base path
[0.412s]   separated by a colon from the relative path to the interface file
[0.412s] Call Stack (most recent call first):
[0.412s]   CMakeLists.txt:27 (rosidl_generate_interfaces)
[0.412s] 
[0.412s] [0m
[0.412s] -- Configuring incomplete, errors occurred!
[0.412s] See also "/home/avi/ros2_ws/build/ei_interfaces/CMakeFiles/CMakeOutput.log".
[0.415s] Invoked command in '/home/avi/ros2_ws/build/ei_interfaces' returned '1': CMAKE_PREFIX_PATH=/opt/ros/humble /usr/bin/cmake /home/avi/ros2_ws/ei_interfaces -DCMAKE_INSTALL_PREFIX=/home/avi/ros2_ws/install/ei_interfaces
