-- Found ament_cmake: 1.3.2 (/opt/ros/humble/share/ament_cmake/cmake)
-- Found ament_lint_auto: 0.12.4 (/opt/ros/humble/share/ament_lint_auto/cmake)
-- Found rosidl_default_generators: 1.2.0 (/opt/ros/humble/share/rosidl_default_generators/cmake)
-- Using all available rosidl_typesupport_c: rosidl_typesupport_fastrtps_c;rosidl_typesupport_introspection_c
-- Found rosidl_adapter: 3.1.3 (/opt/ros/humble/share/rosidl_adapter/cmake)
-- Using all available rosidl_typesupport_cpp: rosidl_typesupport_fastrtps_cpp;rosidl_typesupport_introspection_cpp
-- Found ament_cmake_ros: 0.10.0 (/opt/ros/humble/share/ament_cmake_ros/cmake)
-- Using all available rosidl_typesupport_c: rosidl_typesupport_fastrtps_c;rosidl_typesupport_introspection_c
-- Using all available rosidl_typesupport_cpp: rosidl_typesupport_fastrtps_cpp;rosidl_typesupport_introspection_cpp
-- Found PythonInterp: /usr/bin/python3 (found suitable version "3.10.4", minimum required is "3.6") 
-- Found python_cmake_module: 0.10.0 (/opt/ros/humble/share/python_cmake_module/cmake)
-- Found PythonLibs: /usr/lib/x86_64-linux-gnu/libpython3.10.so (found suitable version "3.10.4", minimum required is "3.5") 
-- Using PYTHON_EXECUTABLE: /usr/bin/python3
-- Using PYTHON_INCLUDE_DIRS: /usr/include/python3.10
-- Using PYTHON_LIBRARIES: /usr/lib/x86_64-linux-gnu/libpython3.10.so
-- Found PythonExtra: .so  
-- Added test 'cppcheck' to perform static code analysis on C / C++ code
-- Configured cppcheck include dirs: 
-- Configured cppcheck exclude dirs and/or files: 
-- Added test 'flake8' to check Python code syntax and style conventions
-- Added test 'lint_cmake' to check CMake code style
-- Added test 'pep257' to check Python code against some of the docstring style conventions in PEP 257
-- Added test 'uncrustify' to check C / C++ code style
-- Configured uncrustify additional arguments: 
-- Added test 'xmllint' to check XML markup files
-- Configuring done
-- Generating done
-- Build files have been written to: /home/avi/ros2_ws/build/ei_classification
[  3%] [34m[1mGenerating C code for ROS interfaces[0m
[  6%] [34m[1mGenerating C++ code for ROS interfaces[0m
[  6%] Built target ament_cmake_python_copy_ei_classification
running egg_info
creating ei_classification.egg-info
writing ei_classification.egg-info/PKG-INFO
writing dependency_links to ei_classification.egg-info/dependency_links.txt
writing top-level names to ei_classification.egg-info/top_level.txt
writing manifest file 'ei_classification.egg-info/SOURCES.txt'
reading manifest file 'ei_classification.egg-info/SOURCES.txt'
writing manifest file 'ei_classification.egg-info/SOURCES.txt'
[  6%] Built target ei_classification__cpp
[ 12%] [34m[1mGenerating C++ type support dispatch for ROS interfaces[0m
[ 12%] [34m[1mGenerating C++ type support for eProsima Fast-RTPS[0m
[ 19%] [34m[1mGenerating C++ introspection for ROS interfaces[0m
[ 19%] [32mBuilding C object CMakeFiles/ei_classification__rosidl_generator_c.dir/rosidl_generator_c/ei_classification/msg/detail/ei_classification__functions.c.o[0m
[ 19%] Built target ament_cmake_python_build_ei_classification_egg
[ 22%] [32m[1mLinking C shared library libei_classification__rosidl_generator_c.so[0m
[ 22%] Built target ei_classification__rosidl_generator_c
[ 25%] [34m[1mGenerating C type support for eProsima Fast-RTPS[0m
[ 32%] [34m[1mGenerating C type support dispatch for ROS interfaces[0m
[ 32%] [34m[1mGenerating C introspection for ROS interfaces[0m
[ 35%] [32mBuilding CXX object CMakeFiles/ei_classification__rosidl_typesupport_fastrtps_cpp.dir/rosidl_typesupport_fastrtps_cpp/ei_classification/msg/detail/dds_fastrtps/ei_classification__type_support.cpp.o[0m
[ 38%] [32mBuilding CXX object CMakeFiles/ei_classification__rosidl_typesupport_introspection_cpp.dir/rosidl_typesupport_introspection_cpp/ei_classification/msg/detail/ei_classification__type_support.cpp.o[0m
[ 41%] [32mBuilding CXX object CMakeFiles/ei_classification__rosidl_typesupport_cpp.dir/rosidl_typesupport_cpp/ei_classification/msg/ei_classification__type_support.cpp.o[0m
[ 45%] [32mBuilding CXX object CMakeFiles/ei_classification__rosidl_typesupport_c.dir/rosidl_typesupport_c/ei_classification/msg/ei_classification__type_support.cpp.o[0m
[ 48%] [32m[1mLinking CXX shared library libei_classification__rosidl_typesupport_c.so[0m
[ 48%] Built target ei_classification__rosidl_typesupport_c
[ 51%] [32mBuilding C object CMakeFiles/ei_classification__rosidl_typesupport_introspection_c.dir/rosidl_typesupport_introspection_c/ei_classification/msg/detail/ei_classification__type_support.c.o[0m
[ 54%] [32mBuilding CXX object CMakeFiles/ei_classification__rosidl_typesupport_fastrtps_c.dir/rosidl_typesupport_fastrtps_c/ei_classification/msg/detail/ei_classification__type_support_c.cpp.o[0m
[ 58%] [32m[1mLinking C shared library libei_classification__rosidl_typesupport_introspection_c.so[0m
[ 58%] Built target ei_classification__rosidl_typesupport_introspection_c
[ 61%] [32m[1mLinking CXX shared library libei_classification__rosidl_typesupport_introspection_cpp.so[0m
[ 64%] [32m[1mLinking CXX shared library libei_classification__rosidl_typesupport_cpp.so[0m
[ 64%] Built target ei_classification__rosidl_typesupport_introspection_cpp
[ 64%] Built target ei_classification__rosidl_typesupport_cpp
[ 67%] [32m[1mLinking CXX shared library libei_classification__rosidl_typesupport_fastrtps_cpp.so[0m
[ 67%] Built target ei_classification__rosidl_typesupport_fastrtps_cpp
[ 70%] [32m[1mLinking CXX shared library libei_classification__rosidl_typesupport_fastrtps_c.so[0m
[ 70%] Built target ei_classification__rosidl_typesupport_fastrtps_c
[ 70%] Built target ei_classification
[ 74%] [34m[1mGenerating Python code for ROS interfaces[0m
[ 74%] Built target ei_classification__py
[ 77%] [32mBuilding C object CMakeFiles/ei_classification__rosidl_generator_py.dir/rosidl_generator_py/ei_classification/msg/_ei_classification_s.c.o[0m
[ 80%] [32m[1mLinking C shared library rosidl_generator_py/ei_classification/libei_classification__rosidl_generator_py.so[0m
[ 80%] Built target ei_classification__rosidl_generator_py
[ 90%] [32mBuilding C object CMakeFiles/ei_classification__rosidl_typesupport_c__pyext.dir/rosidl_generator_py/ei_classification/_ei_classification_s.ep.rosidl_typesupport_c.c.o[0m
[ 90%] [32mBuilding C object CMakeFiles/ei_classification__rosidl_typesupport_introspection_c__pyext.dir/rosidl_generator_py/ei_classification/_ei_classification_s.ep.rosidl_typesupport_introspection_c.c.o[0m
[ 90%] [32mBuilding C object CMakeFiles/ei_classification__rosidl_typesupport_fastrtps_c__pyext.dir/rosidl_generator_py/ei_classification/_ei_classification_s.ep.rosidl_typesupport_fastrtps_c.c.o[0m
[ 96%] [32m[1mLinking C shared library rosidl_generator_py/ei_classification/ei_classification_s__rosidl_typesupport_c.cpython-310-x86_64-linux-gnu.so[0m
[ 96%] [32m[1mLinking C shared library rosidl_generator_py/ei_classification/ei_classification_s__rosidl_typesupport_introspection_c.cpython-310-x86_64-linux-gnu.so[0m
[100%] [32m[1mLinking C shared library rosidl_generator_py/ei_classification/ei_classification_s__rosidl_typesupport_fastrtps_c.cpython-310-x86_64-linux-gnu.so[0m
[100%] Built target ei_classification__rosidl_typesupport_c__pyext
[100%] Built target ei_classification__rosidl_typesupport_introspection_c__pyext
[100%] Built target ei_classification__rosidl_typesupport_fastrtps_c__pyext
-- Install configuration: ""
-- Installing: /home/avi/ros2_ws/install/ei_classification/share/ament_index/resource_index/rosidl_interfaces/ei_classification
-- Installing: /home/avi/ros2_ws/install/ei_classification/include/ei_classification/ei_classification
-- Installing: /home/avi/ros2_ws/install/ei_classification/include/ei_classification/ei_classification/msg
-- Installing: /home/avi/ros2_ws/install/ei_classification/include/ei_classification/ei_classification/msg/ei_classification.h
-- Installing: /home/avi/ros2_ws/install/ei_classification/include/ei_classification/ei_classification/msg/detail
-- Installing: /home/avi/ros2_ws/install/ei_classification/include/ei_classification/ei_classification/msg/detail/ei_classification__struct.h
-- Installing: /home/avi/ros2_ws/install/ei_classification/include/ei_classification/ei_classification/msg/detail/ei_classification__type_support.h
-- Installing: /home/avi/ros2_ws/install/ei_classification/include/ei_classification/ei_classification/msg/detail/ei_classification__functions.h
-- Installing: /home/avi/ros2_ws/install/ei_classification/include/ei_classification/ei_classification/msg/detail/ei_classification__functions.c
-- Installing: /home/avi/ros2_ws/install/ei_classification/include/ei_classification/ei_classification/msg/rosidl_generator_c__visibility_control.h
-- Installing: /home/avi/ros2_ws/install/ei_classification/share/ei_classification/environment/library_path.sh
-- Installing: /home/avi/ros2_ws/install/ei_classification/share/ei_classification/environment/library_path.dsv
-- Installing: /home/avi/ros2_ws/install/ei_classification/lib/libei_classification__rosidl_generator_c.so
-- Set runtime path of "/home/avi/ros2_ws/install/ei_classification/lib/libei_classification__rosidl_generator_c.so" to ""
-- Up-to-date: /home/avi/ros2_ws/install/ei_classification/include/ei_classification/ei_classification
-- Up-to-date: /home/avi/ros2_ws/install/ei_classification/include/ei_classification/ei_classification/msg
-- Installing: /home/avi/ros2_ws/install/ei_classification/include/ei_classification/ei_classification/msg/rosidl_typesupport_fastrtps_c__visibility_control.h
-- Up-to-date: /home/avi/ros2_ws/install/ei_classification/include/ei_classification/ei_classification/msg/detail
-- Installing: /home/avi/ros2_ws/install/ei_classification/include/ei_classification/ei_classification/msg/detail/ei_classification__rosidl_typesupport_fastrtps_c.h
-- Installing: /home/avi/ros2_ws/install/ei_classification/lib/libei_classification__rosidl_typesupport_fastrtps_c.so
-- Set runtime path of "/home/avi/ros2_ws/install/ei_classification/lib/libei_classification__rosidl_typesupport_fastrtps_c.so" to ""
-- Up-to-date: /home/avi/ros2_ws/install/ei_classification/include/ei_classification/ei_classification
-- Up-to-date: /home/avi/ros2_ws/install/ei_classification/include/ei_classification/ei_classification/msg
-- Up-to-date: /home/avi/ros2_ws/install/ei_classification/include/ei_classification/ei_classification/msg/detail
-- Installing: /home/avi/ros2_ws/install/ei_classification/include/ei_classification/ei_classification/msg/detail/ei_classification__rosidl_typesupport_introspection_c.h
-- Installing: /home/avi/ros2_ws/install/ei_classification/include/ei_classification/ei_classification/msg/detail/ei_classification__type_support.c
-- Installing: /home/avi/ros2_ws/install/ei_classification/include/ei_classification/ei_classification/msg/rosidl_typesupport_introspection_c__visibility_control.h
-- Installing: /home/avi/ros2_ws/install/ei_classification/lib/libei_classification__rosidl_typesupport_introspection_c.so
-- Set runtime path of "/home/avi/ros2_ws/install/ei_classification/lib/libei_classification__rosidl_typesupport_introspection_c.so" to ""
-- Installing: /home/avi/ros2_ws/install/ei_classification/lib/libei_classification__rosidl_typesupport_c.so
-- Set runtime path of "/home/avi/ros2_ws/install/ei_classification/lib/libei_classification__rosidl_typesupport_c.so" to ""
-- Up-to-date: /home/avi/ros2_ws/install/ei_classification/include/ei_classification/ei_classification
-- Up-to-date: /home/avi/ros2_ws/install/ei_classification/include/ei_classification/ei_classification/msg
-- Up-to-date: /home/avi/ros2_ws/install/ei_classification/include/ei_classification/ei_classification/msg/detail
-- Installing: /home/avi/ros2_ws/install/ei_classification/include/ei_classification/ei_classification/msg/detail/ei_classification__struct.hpp
-- Installing: /home/avi/ros2_ws/install/ei_classification/include/ei_classification/ei_classification/msg/detail/ei_classification__builder.hpp
-- Installing: /home/avi/ros2_ws/install/ei_classification/include/ei_classification/ei_classification/msg/detail/ei_classification__traits.hpp
-- Installing: /home/avi/ros2_ws/install/ei_classification/include/ei_classification/ei_classification/msg/ei_classification.hpp
-- Up-to-date: /home/avi/ros2_ws/install/ei_classification/include/ei_classification/ei_classification
-- Up-to-date: /home/avi/ros2_ws/install/ei_classification/include/ei_classification/ei_classification/msg
-- Up-to-date: /home/avi/ros2_ws/install/ei_classification/include/ei_classification/ei_classification/msg/detail
-- Installing: /home/avi/ros2_ws/install/ei_classification/include/ei_classification/ei_classification/msg/detail/dds_fastrtps
-- Installing: /home/avi/ros2_ws/install/ei_classification/include/ei_classification/ei_classification/msg/detail/ei_classification__rosidl_typesupport_fastrtps_cpp.hpp
-- Installing: /home/avi/ros2_ws/install/ei_classification/include/ei_classification/ei_classification/msg/rosidl_typesupport_fastrtps_cpp__visibility_control.h
-- Installing: /home/avi/ros2_ws/install/ei_classification/lib/libei_classification__rosidl_typesupport_fastrtps_cpp.so
-- Set runtime path of "/home/avi/ros2_ws/install/ei_classification/lib/libei_classification__rosidl_typesupport_fastrtps_cpp.so" to ""
-- Up-to-date: /home/avi/ros2_ws/install/ei_classification/include/ei_classification/ei_classification
-- Up-to-date: /home/avi/ros2_ws/install/ei_classification/include/ei_classification/ei_classification/msg
-- Up-to-date: /home/avi/ros2_ws/install/ei_classification/include/ei_classification/ei_classification/msg/detail
-- Installing: /home/avi/ros2_ws/install/ei_classification/include/ei_classification/ei_classification/msg/detail/ei_classification__rosidl_typesupport_introspection_cpp.hpp
-- Installing: /home/avi/ros2_ws/install/ei_classification/include/ei_classification/ei_classification/msg/detail/ei_classification__type_support.cpp
-- Installing: /home/avi/ros2_ws/install/ei_classification/lib/libei_classification__rosidl_typesupport_introspection_cpp.so
-- Set runtime path of "/home/avi/ros2_ws/install/ei_classification/lib/libei_classification__rosidl_typesupport_introspection_cpp.so" to ""
-- Installing: /home/avi/ros2_ws/install/ei_classification/lib/libei_classification__rosidl_typesupport_cpp.so
-- Set runtime path of "/home/avi/ros2_ws/install/ei_classification/lib/libei_classification__rosidl_typesupport_cpp.so" to ""
-- Installing: /home/avi/ros2_ws/install/ei_classification/share/ei_classification/environment/pythonpath.sh
-- Installing: /home/avi/ros2_ws/install/ei_classification/share/ei_classification/environment/pythonpath.dsv
-- Installing: /home/avi/ros2_ws/install/ei_classification/local/lib/python3.10/dist-packages/ei_classification-0.0.0-py3.10.egg-info
-- Installing: /home/avi/ros2_ws/install/ei_classification/local/lib/python3.10/dist-packages/ei_classification-0.0.0-py3.10.egg-info/top_level.txt
-- Installing: /home/avi/ros2_ws/install/ei_classification/local/lib/python3.10/dist-packages/ei_classification-0.0.0-py3.10.egg-info/PKG-INFO
-- Installing: /home/avi/ros2_ws/install/ei_classification/local/lib/python3.10/dist-packages/ei_classification-0.0.0-py3.10.egg-info/dependency_links.txt
-- Installing: /home/avi/ros2_ws/install/ei_classification/local/lib/python3.10/dist-packages/ei_classification-0.0.0-py3.10.egg-info/SOURCES.txt
-- Installing: /home/avi/ros2_ws/install/ei_classification/local/lib/python3.10/dist-packages/ei_classification
-- Installing: /home/avi/ros2_ws/install/ei_classification/local/lib/python3.10/dist-packages/ei_classification/_ei_classification_s.ep.rosidl_typesupport_c.c
-- Installing: /home/avi/ros2_ws/install/ei_classification/local/lib/python3.10/dist-packages/ei_classification/_ei_classification_s.ep.rosidl_typesupport_introspection_c.c
-- Installing: /home/avi/ros2_ws/install/ei_classification/local/lib/python3.10/dist-packages/ei_classification/_ei_classification_s.ep.rosidl_typesupport_fastrtps_c.c
-- Installing: /home/avi/ros2_ws/install/ei_classification/local/lib/python3.10/dist-packages/ei_classification/ei_classification_s__rosidl_typesupport_fastrtps_c.cpython-310-x86_64-linux-gnu.so
-- Installing: /home/avi/ros2_ws/install/ei_classification/local/lib/python3.10/dist-packages/ei_classification/libei_classification__rosidl_generator_py.so
-- Installing: /home/avi/ros2_ws/install/ei_classification/local/lib/python3.10/dist-packages/ei_classification/__init__.py
-- Installing: /home/avi/ros2_ws/install/ei_classification/local/lib/python3.10/dist-packages/ei_classification/ei_classification_s__rosidl_typesupport_c.cpython-310-x86_64-linux-gnu.so
-- Installing: /home/avi/ros2_ws/install/ei_classification/local/lib/python3.10/dist-packages/ei_classification/ei_classification_s__rosidl_typesupport_introspection_c.cpython-310-x86_64-linux-gnu.so
-- Installing: /home/avi/ros2_ws/install/ei_classification/local/lib/python3.10/dist-packages/ei_classification/msg
-- Installing: /home/avi/ros2_ws/install/ei_classification/local/lib/python3.10/dist-packages/ei_classification/msg/__init__.py
-- Installing: /home/avi/ros2_ws/install/ei_classification/local/lib/python3.10/dist-packages/ei_classification/msg/_ei_classification.py
-- Installing: /home/avi/ros2_ws/install/ei_classification/local/lib/python3.10/dist-packages/ei_classification/msg/_ei_classification_s.c
Listing '/home/avi/ros2_ws/install/ei_classification/local/lib/python3.10/dist-packages/ei_classification'...
Compiling '/home/avi/ros2_ws/install/ei_classification/local/lib/python3.10/dist-packages/ei_classification/__init__.py'...
Listing '/home/avi/ros2_ws/install/ei_classification/local/lib/python3.10/dist-packages/ei_classification/msg'...
Compiling '/home/avi/ros2_ws/install/ei_classification/local/lib/python3.10/dist-packages/ei_classification/msg/__init__.py'...
Compiling '/home/avi/ros2_ws/install/ei_classification/local/lib/python3.10/dist-packages/ei_classification/msg/_ei_classification.py'...
-- Installing: /home/avi/ros2_ws/install/ei_classification/local/lib/python3.10/dist-packages/ei_classification/ei_classification_s__rosidl_typesupport_fastrtps_c.cpython-310-x86_64-linux-gnu.so
-- Set runtime path of "/home/avi/ros2_ws/install/ei_classification/local/lib/python3.10/dist-packages/ei_classification/ei_classification_s__rosidl_typesupport_fastrtps_c.cpython-310-x86_64-linux-gnu.so" to ""
-- Installing: /home/avi/ros2_ws/install/ei_classification/local/lib/python3.10/dist-packages/ei_classification/ei_classification_s__rosidl_typesupport_introspection_c.cpython-310-x86_64-linux-gnu.so
-- Set runtime path of "/home/avi/ros2_ws/install/ei_classification/local/lib/python3.10/dist-packages/ei_classification/ei_classification_s__rosidl_typesupport_introspection_c.cpython-310-x86_64-linux-gnu.so" to ""
-- Installing: /home/avi/ros2_ws/install/ei_classification/local/lib/python3.10/dist-packages/ei_classification/ei_classification_s__rosidl_typesupport_c.cpython-310-x86_64-linux-gnu.so
-- Set runtime path of "/home/avi/ros2_ws/install/ei_classification/local/lib/python3.10/dist-packages/ei_classification/ei_classification_s__rosidl_typesupport_c.cpython-310-x86_64-linux-gnu.so" to ""
-- Installing: /home/avi/ros2_ws/install/ei_classification/lib/libei_classification__rosidl_generator_py.so
-- Set runtime path of "/home/avi/ros2_ws/install/ei_classification/lib/libei_classification__rosidl_generator_py.so" to ""
-- Installing: /home/avi/ros2_ws/install/ei_classification/share/ei_classification/msg/EIClassification.idl
-- Installing: /home/avi/ros2_ws/install/ei_classification/share/ei_classification/msg/EIClassification.msg
-- Installing: /home/avi/ros2_ws/install/ei_classification/share/ament_index/resource_index/package_run_dependencies/ei_classification
-- Installing: /home/avi/ros2_ws/install/ei_classification/share/ament_index/resource_index/parent_prefix_path/ei_classification
-- Installing: /home/avi/ros2_ws/install/ei_classification/share/ei_classification/environment/ament_prefix_path.sh
-- Installing: /home/avi/ros2_ws/install/ei_classification/share/ei_classification/environment/ament_prefix_path.dsv
-- Installing: /home/avi/ros2_ws/install/ei_classification/share/ei_classification/environment/path.sh
-- Installing: /home/avi/ros2_ws/install/ei_classification/share/ei_classification/environment/path.dsv
-- Installing: /home/avi/ros2_ws/install/ei_classification/share/ei_classification/local_setup.bash
-- Installing: /home/avi/ros2_ws/install/ei_classification/share/ei_classification/local_setup.sh
-- Installing: /home/avi/ros2_ws/install/ei_classification/share/ei_classification/local_setup.zsh
-- Installing: /home/avi/ros2_ws/install/ei_classification/share/ei_classification/local_setup.dsv
-- Installing: /home/avi/ros2_ws/install/ei_classification/share/ei_classification/package.dsv
-- Installing: /home/avi/ros2_ws/install/ei_classification/share/ament_index/resource_index/packages/ei_classification
-- Installing: /home/avi/ros2_ws/install/ei_classification/share/ei_classification/cmake/export_ei_classification__rosidl_generator_cExport.cmake
-- Installing: /home/avi/ros2_ws/install/ei_classification/share/ei_classification/cmake/export_ei_classification__rosidl_generator_cExport-noconfig.cmake
-- Installing: /home/avi/ros2_ws/install/ei_classification/share/ei_classification/cmake/export_ei_classification__rosidl_typesupport_fastrtps_cExport.cmake
-- Installing: /home/avi/ros2_ws/install/ei_classification/share/ei_classification/cmake/export_ei_classification__rosidl_typesupport_fastrtps_cExport-noconfig.cmake
-- Installing: /home/avi/ros2_ws/install/ei_classification/share/ei_classification/cmake/ei_classification__rosidl_typesupport_introspection_cExport.cmake
-- Installing: /home/avi/ros2_ws/install/ei_classification/share/ei_classification/cmake/ei_classification__rosidl_typesupport_introspection_cExport-noconfig.cmake
-- Installing: /home/avi/ros2_ws/install/ei_classification/share/ei_classification/cmake/ei_classification__rosidl_typesupport_cExport.cmake
-- Installing: /home/avi/ros2_ws/install/ei_classification/share/ei_classification/cmake/ei_classification__rosidl_typesupport_cExport-noconfig.cmake
-- Installing: /home/avi/ros2_ws/install/ei_classification/share/ei_classification/cmake/export_ei_classification__rosidl_generator_cppExport.cmake
-- Installing: /home/avi/ros2_ws/install/ei_classification/share/ei_classification/cmake/export_ei_classification__rosidl_typesupport_fastrtps_cppExport.cmake
-- Installing: /home/avi/ros2_ws/install/ei_classification/share/ei_classification/cmake/export_ei_classification__rosidl_typesupport_fastrtps_cppExport-noconfig.cmake
-- Installing: /home/avi/ros2_ws/install/ei_classification/share/ei_classification/cmake/ei_classification__rosidl_typesupport_introspection_cppExport.cmake
-- Installing: /home/avi/ros2_ws/install/ei_classification/share/ei_classification/cmake/ei_classification__rosidl_typesupport_introspection_cppExport-noconfig.cmake
-- Installing: /home/avi/ros2_ws/install/ei_classification/share/ei_classification/cmake/ei_classification__rosidl_typesupport_cppExport.cmake
-- Installing: /home/avi/ros2_ws/install/ei_classification/share/ei_classification/cmake/ei_classification__rosidl_typesupport_cppExport-noconfig.cmake
-- Installing: /home/avi/ros2_ws/install/ei_classification/share/ei_classification/cmake/export_ei_classification__rosidl_generator_pyExport.cmake
-- Installing: /home/avi/ros2_ws/install/ei_classification/share/ei_classification/cmake/export_ei_classification__rosidl_generator_pyExport-noconfig.cmake
-- Installing: /home/avi/ros2_ws/install/ei_classification/share/ei_classification/cmake/rosidl_cmake-extras.cmake
-- Installing: /home/avi/ros2_ws/install/ei_classification/share/ei_classification/cmake/ament_cmake_export_include_directories-extras.cmake
-- Installing: /home/avi/ros2_ws/install/ei_classification/share/ei_classification/cmake/ament_cmake_export_libraries-extras.cmake
-- Installing: /home/avi/ros2_ws/install/ei_classification/share/ei_classification/cmake/ament_cmake_export_targets-extras.cmake
-- Installing: /home/avi/ros2_ws/install/ei_classification/share/ei_classification/cmake/rosidl_cmake_export_typesupport_targets-extras.cmake
-- Installing: /home/avi/ros2_ws/install/ei_classification/share/ei_classification/cmake/ament_cmake_export_dependencies-extras.cmake
-- Installing: /home/avi/ros2_ws/install/ei_classification/share/ei_classification/cmake/rosidl_cmake_export_typesupport_libraries-extras.cmake
-- Installing: /home/avi/ros2_ws/install/ei_classification/share/ei_classification/cmake/ei_classificationConfig.cmake
-- Installing: /home/avi/ros2_ws/install/ei_classification/share/ei_classification/cmake/ei_classificationConfig-version.cmake
-- Installing: /home/avi/ros2_ws/install/ei_classification/share/ei_classification/package.xml
