[0.008s] Invoking command in '/home/avi/ros2_ws/build/ei_classification': CMAKE_PREFIX_PATH=${CMAKE_PREFIX_PATH}:/opt/ros/humble /usr/bin/cmake /home/avi/ros2_ws/src/ei_classification -DCMAKE_INSTALL_PREFIX=/home/avi/ros2_ws/install/ei_classification
[0.037s] -- The C compiler identification is GNU 11.2.0
[0.071s] -- The CXX compiler identification is GNU 11.2.0
[0.075s] -- Detecting C compiler ABI info
[0.132s] -- Detecting C compiler ABI info - done
[0.139s] -- Check for working C compiler: /usr/bin/cc - skipped
[0.139s] -- Detecting C compile features
[0.140s] -- Detecting C compile features - done
[0.143s] -- Detecting CXX compiler ABI info
[0.198s] -- Detecting CXX compiler ABI info - done
[0.203s] -- Check for working CXX compiler: /usr/bin/c++ - skipped
[0.203s] -- Detecting CXX compile features
[0.203s] -- Detecting CXX compile features - done
[0.204s] -- Found ament_cmake: 1.3.2 (/opt/ros/humble/share/ament_cmake/cmake)
[0.313s] -- Found Python3: /usr/bin/python3.10 (found version "3.10.4") found components: Interpreter 
[0.363s] -- Found ament_lint_auto: 0.12.4 (/opt/ros/humble/share/ament_lint_auto/cmake)
[0.404s] -- Found rosidl_default_generators: 1.2.0 (/opt/ros/humble/share/rosidl_default_generators/cmake)
[0.405s] -- Using all available rosidl_typesupport_c: rosidl_typesupport_fastrtps_c;rosidl_typesupport_introspection_c
[0.408s] -- Found rosidl_adapter: 3.1.3 (/opt/ros/humble/share/rosidl_adapter/cmake)
[0.429s] -- Using all available rosidl_typesupport_cpp: rosidl_typesupport_fastrtps_cpp;rosidl_typesupport_introspection_cpp
[0.448s] [31mCMake Error at /opt/ros/humble/share/rosidl_cmake/cmake/rosidl_generate_interfaces.cmake:93 (message):
[0.448s]   rosidl_generate_interfaces() the passed file 'msg/EIClassification' doesn't
[0.448s]   exist relative to the CMAKE_CURRENT_SOURCE_DIR
[0.448s]   '/home/avi/ros2_ws/src/ei_classification'
[0.448s] Call Stack (most recent call first):
[0.448s]   CMakeLists.txt:27 (rosidl_generate_interfaces)
[0.449s] 
[0.449s] [0m
[0.449s] -- Configuring incomplete, errors occurred!
[0.449s] See also "/home/avi/ros2_ws/build/ei_classification/CMakeFiles/CMakeOutput.log".
[0.451s] Invoked command in '/home/avi/ros2_ws/build/ei_classification' returned '1': CMAKE_PREFIX_PATH=${CMAKE_PREFIX_PATH}:/opt/ros/humble /usr/bin/cmake /home/avi/ros2_ws/src/ei_classification -DCMAKE_INSTALL_PREFIX=/home/avi/ros2_ws/install/ei_classification
